2021-09-08T10:53:39.434288+0300 INFO, {'price_standart': 231, 'price_express': 300.0, 'convert_price': 500, 'inter_terminal': 230, 'price_to_address': False, 'price_from_address': 1, 'times': {'term_standart_from': 1, 'term_standart_to': 3, 'term_express_from': 1, 'term_express_to': 1}} has been sent to frontend
2021-09-08T10:53:43.937941+0300 ERROR, form errors
2021-09-08T10:54:25.717896+0300 INFO, form has been sent
2021-09-08T15:47:13.324032+0300 INFO, {'price_standart': 231, 'price_express': 300.0, 'convert_price': 500, 'inter_terminal': 230, 'price_to_address': False, 'price_from_address': 1, 'times': {'term_standart_from': 1, 'term_standart_to': 3, 'term_express_from': 1, 'term_express_to': 1}} has been sent to frontend
2021-09-08T15:47:53.357854+0300 INFO, {'price_standart': 231, 'price_express': 300.0, 'convert_price': 500, 'inter_terminal': 230, 'price_to_address': False, 'price_from_address': 1, 'times': {'term_standart_from': 1, 'term_standart_to': 3, 'term_express_from': 1, 'term_express_to': 1}} has been sent to frontend
2021-09-08T16:15:20.760348+0300 INFO, {'price_standart': 0, 'price_express': 0, 'convert_price': 0, 'inter_terminal': 0, 'price_to_address': 0, 'price_from_address': 0, 'times': False} has been sent to frontend
2021-09-08T16:15:38.109511+0300 INFO, {'price_standart': 231, 'price_express': 300.0, 'convert_price': 500, 'inter_terminal': 230, 'price_to_address': False, 'price_from_address': 1, 'times': {'term_standart_from': 1, 'term_standart_to': 3, 'term_express_from': 1, 'term_express_to': 1}} has been sent to frontend
2021-09-08T16:15:46.296988+0300 INFO, {'price_standart': 0, 'price_express': 0, 'convert_price': 0, 'inter_terminal': 0, 'price_to_address': 0, 'price_from_address': 0, 'times': False} has been sent to frontend
2021-09-08T16:20:20.540038+0300 INFO, {'price_standart': 0, 'price_express': 0, 'convert_price': 0, 'inter_terminal': 0, 'price_to_address': 0, 'price_from_address': 0, 'times': False} has been sent to frontend
2021-09-08T16:20:25.971015+0300 INFO, {'price_standart': 0, 'price_express': 0, 'convert_price': 0, 'inter_terminal': 0, 'price_to_address': 0, 'price_from_address': 0, 'times': False} has been sent to frontend
2021-09-08T16:20:28.939363+0300 INFO, {'price_standart': 0, 'price_express': 0, 'convert_price': 0, 'inter_terminal': 0, 'price_to_address': 0, 'price_from_address': 0, 'times': False} has been sent to frontend
2021-09-08T16:21:21.366508+0300 INFO, {'price_standart': 0, 'price_express': 0, 'convert_price': 0, 'inter_terminal': 0, 'price_to_address': 0, 'price_from_address': 0, 'times': False} has been sent to frontend
2021-09-08T16:23:14.979450+0300 INFO, {'price_standart': 0, 'price_express': 0, 'convert_price': 0, 'inter_terminal': 0, 'price_to_address': 0, 'price_from_address': 0, 'times': False} has been sent to frontend
2021-09-08T16:31:51.054118+0300 INFO, {'price_standart': 0, 'price_express': 0, 'convert_price': 0, 'inter_terminal': 0, 'price_to_address': 0, 'price_from_address': 0, 'times': {'term_standart_from': 3, 'term_standart_to': 6, 'term_express_from': 1, 'term_express_to': 3}} has been sent to frontend
2021-09-08T16:32:25.782744+0300 INFO, {'price_standart': 0, 'price_express': 0, 'convert_price': 0, 'inter_terminal': 0, 'price_to_address': 0, 'price_from_address': 0, 'times': {'term_standart_from': 3, 'term_standart_to': 6, 'term_express_from': 1, 'term_express_to': 3}} has been sent to frontend
2021-09-08T16:32:26.364424+0300 INFO, {'price_standart': 0, 'price_express': 0, 'convert_price': 0, 'inter_terminal': 0, 'price_to_address': 0, 'price_from_address': 0, 'times': {'term_standart_from': 3, 'term_standart_to': 6, 'term_express_from': 1, 'term_express_to': 3}} has been sent to frontend
2021-09-08T16:38:31.148279+0300 INFO, {'price_standart': 0, 'price_express': 0, 'convert_price': 0, 'inter_terminal': 0, 'price_to_address': 0, 'price_from_address': 0, 'times': {'term_standart_from': 1, 'term_standart_to': 2, 'term_express_from': 1, 'term_express_to': 1}} has been sent to frontend
2021-09-08T16:39:11.046368+0300 INFO, {'price_standart': 0, 'price_express': 0, 'convert_price': 0, 'inter_terminal': 0, 'price_to_address': 0, 'price_from_address': 0, 'times': {'term_standart_from': 3, 'term_standart_to': 6, 'term_express_from': 1, 'term_express_to': 3}} has been sent to frontend
2021-09-08T16:39:22.005688+0300 INFO, {'price_standart': 0, 'price_express': 0, 'convert_price': 0, 'inter_terminal': 0, 'price_to_address': 0, 'price_from_address': 0, 'times': {'term_standart_from': 2, 'term_standart_to': 4, 'term_express_from': 1, 'term_express_to': 2}} has been sent to frontend
2021-09-08T17:03:15.119177+0300 INFO, {'price_standart': 0, 'price_express': 0, 'convert_price': 0, 'inter_terminal': 0, 'price_to_address': 0, 'price_from_address': 0, 'times': {'term_standart_from': 2, 'term_standart_to': 4, 'term_express_from': 1, 'term_express_to': 2}} has been sent to frontend
2021-09-08T17:03:20.734840+0300 INFO, {'price_standart': 0, 'price_express': 0, 'convert_price': 0, 'inter_terminal': 0, 'price_to_address': 0, 'price_from_address': 0, 'times': {'term_standart_from': 2, 'term_standart_to': 4, 'term_express_from': 1, 'term_express_to': 2}} has been sent to frontend
2021-09-08T17:03:22.300373+0300 INFO, {'price_standart': 0, 'price_express': 0, 'convert_price': 0, 'inter_terminal': 0, 'price_to_address': 0, 'price_from_address': 0, 'times': {'term_standart_from': 2, 'term_standart_to': 4, 'term_express_from': 1, 'term_express_to': 2}} has been sent to frontend
2021-09-08T17:03:24.911550+0300 INFO, {'price_standart': 0, 'price_express': 0, 'convert_price': 0, 'inter_terminal': 0, 'price_to_address': 0, 'price_from_address': 0, 'times': {'term_standart_from': 2, 'term_standart_to': 4, 'term_express_from': 1, 'term_express_to': 2}} has been sent to frontend
2021-09-08T17:06:32.917376+0300 INFO, {'price_standart': 0, 'price_express': 0, 'convert_price': 0, 'inter_terminal': 0, 'price_to_address': 0, 'price_from_address': 0, 'times': {'term_standart_from': 2, 'term_standart_to': 4, 'term_express_from': 1, 'term_express_to': 2}} has been sent to frontend
2021-09-08T17:07:44.711505+0300 INFO, {'price_standart': 0, 'price_express': 0, 'convert_price': 0, 'inter_terminal': 0, 'price_to_address': 0, 'price_from_address': 0, 'times': False} has been sent to frontend
2021-09-09T09:47:25.520997+0300 INFO, {'price_standart': 0, 'price_express': 0, 'convert_price': 0, 'inter_terminal': 0, 'price_to_address': 0, 'price_from_address': 0, 'times': False} has been sent to frontend
2021-09-09T09:47:27.839479+0300 INFO, form has been sent
2021-09-09T10:07:23.586675+0300 INFO, {'price_standart': 0, 'price_express': 0, 'convert_price': 0, 'inter_terminal': 0, 'price_to_address': 0, 'price_from_address': 0, 'times': {'term_standart_from': 1, 'term_standart_to': 2, 'term_express_from': 1, 'term_express_to': 1}} has been sent to frontend
2021-09-09T10:07:37.558721+0300 INFO, form has been sent
2021-09-09T10:18:02.222133+0300 INFO, {'price_standart': 0, 'price_express': 0, 'convert_price': 0, 'inter_terminal': 0, 'price_to_address': 0, 'price_from_address': 0, 'times': False} has been sent to frontend
2021-09-09T10:18:08.617092+0300 INFO, {'price_standart': 0, 'price_express': 0, 'convert_price': 0, 'inter_terminal': 0, 'price_to_address': 0, 'price_from_address': 0, 'times': False} has been sent to frontend
2021-09-09T10:18:09.644467+0300 INFO, {'price_standart': 0, 'price_express': 0, 'convert_price': 0, 'inter_terminal': 0, 'price_to_address': 0, 'price_from_address': 0, 'times': False} has been sent to frontend
2021-09-09T10:18:28.439506+0300 INFO, form has been sent
2021-09-09T10:25:25.054636+0300 INFO, {'price_standart': 0, 'price_express': 0, 'convert_price': 0, 'inter_terminal': 0, 'price_to_address': 0, 'price_from_address': 0, 'times': False} has been sent to frontend
2021-09-09T10:25:33.254145+0300 INFO, {'price_standart': 0, 'price_express': 0, 'convert_price': 0, 'inter_terminal': 0, 'price_to_address': 0, 'price_from_address': 0, 'times': False} has been sent to frontend
2021-09-09T10:25:33.459195+0300 INFO, {'price_standart': 0, 'price_express': 0, 'convert_price': 0, 'inter_terminal': 0, 'price_to_address': 0, 'price_from_address': 0, 'times': False} has been sent to frontend
2021-09-09T10:26:28.006464+0300 INFO, form has been sent
2021-09-09T10:33:39.123707+0300 INFO, {'price_standart': 0, 'price_express': 0, 'convert_price': 0, 'inter_terminal': 0, 'price_to_address': 0, 'price_from_address': 0, 'times': False} has been sent to frontend
2021-09-09T10:33:47.137666+0300 INFO, {'price_standart': 0, 'price_express': 0, 'convert_price': 0, 'inter_terminal': 0, 'price_to_address': 0, 'price_from_address': 0, 'times': False} has been sent to frontend
2021-09-09T10:33:47.348959+0300 INFO, {'price_standart': 0, 'price_express': 0, 'convert_price': 0, 'inter_terminal': 0, 'price_to_address': 0, 'price_from_address': 0, 'times': False} has been sent to frontend
2021-09-09T10:34:23.926035+0300 INFO, form has been sent
2021-09-09T10:37:08.657252+0300 INFO, {'price_standart': 0, 'price_express': 0, 'convert_price': 0, 'inter_terminal': 0, 'price_to_address': 0, 'price_from_address': 0, 'times': False} has been sent to frontend
2021-09-09T10:37:08.660245+0300 INFO, {'price_standart': 0, 'price_express': 0, 'convert_price': 0, 'inter_terminal': 0, 'price_to_address': 0, 'price_from_address': 0, 'times': False} has been sent to frontend
2021-09-09T10:37:18.398694+0300 INFO, form has been sent
2021-09-09T11:59:12.080704+0300 INFO, {'price_standart': 0, 'price_express': 0, 'convert_price': 0, 'inter_terminal': 0, 'price_to_address': 0, 'price_from_address': 0, 'times': False} has been sent to frontend
2021-09-09T11:59:36.328463+0300 INFO, form has been sent
2021-09-09T12:01:07.899436+0300 INFO, {'price_standart': 0, 'price_express': 0, 'convert_price': 0, 'inter_terminal': 0, 'price_to_address': 0, 'price_from_address': 0, 'times': False} has been sent to frontend
2021-09-09T12:01:13.329655+0300 INFO, form has been sent
2021-09-09T12:05:28.274174+0300 INFO, {'price_standart': 0, 'price_express': 0, 'convert_price': 0, 'inter_terminal': 0, 'price_to_address': 0, 'price_from_address': 0, 'times': False} has been sent to frontend
2021-09-09T12:05:32.996511+0300 INFO, form has been sent
2021-09-09T12:46:55.453762+0300 INFO, {'price_standart': 0, 'price_express': 0, 'convert_price': 0, 'inter_terminal': 0, 'price_to_address': 0, 'price_from_address': 0, 'times': False} has been sent to frontend
2021-09-09T12:46:59.669255+0300 INFO, {'price_standart': 0, 'price_express': 0, 'convert_price': 0, 'inter_terminal': 0, 'price_to_address': 0, 'price_from_address': 0, 'times': False} has been sent to frontend
2021-09-09T12:47:01.767138+0300 INFO, {'price_standart': 0, 'price_express': 0, 'convert_price': 0, 'inter_terminal': 0, 'price_to_address': 0, 'price_from_address': 0, 'times': False} has been sent to frontend
2021-09-09T12:47:10.243156+0300 INFO, {'price_standart': 0, 'price_express': 0, 'convert_price': 0, 'inter_terminal': 0, 'price_to_address': 0, 'price_from_address': 0, 'times': False} has been sent to frontend
2021-09-09T16:28:55.348572+0300 INFO, {'price_standart': 0, 'price_express': 0, 'convert_price': 0, 'inter_terminal': 0, 'price_to_address': 0, 'price_from_address': 0, 'times': {'term_standart_from': 1, 'term_standart_to': 2, 'term_express_from': 1, 'term_express_to': 1}} has been sent to frontend
2021-09-09T16:29:24.019660+0300 INFO, {'price_standart': 0, 'price_express': 0, 'convert_price': 0, 'inter_terminal': 0, 'price_to_address': 0, 'price_from_address': 0, 'times': {'term_standart_from': 1, 'term_standart_to': 2, 'term_express_from': 1, 'term_express_to': 1}} has been sent to frontend
2021-09-09T16:30:52.427388+0300 INFO, {'price_standart': 0, 'price_express': 0, 'convert_price': 0, 'inter_terminal': 0, 'price_to_address': 0, 'price_from_address': 0, 'times': {'term_standart_from': 1, 'term_standart_to': 2, 'term_express_from': 1, 'term_express_to': 1}} has been sent to frontend
2021-09-09T16:31:07.631492+0300 INFO, {'price_standart': 0, 'price_express': 0, 'convert_price': 0, 'inter_terminal': 0, 'price_to_address': 0, 'price_from_address': 0, 'times': {'term_standart_from': 1, 'term_standart_to': 2, 'term_express_from': 1, 'term_express_to': 1}} has been sent to frontend
2021-09-09T16:33:07.432665+0300 INFO, {'price_standart': 0, 'price_express': 0, 'convert_price': 0, 'inter_terminal': 0, 'price_to_address': 0, 'price_from_address': 0, 'times': {'term_standart_from': 1, 'term_standart_to': 2, 'term_express_from': 1, 'term_express_to': 1}} has been sent to frontend
2021-09-09T16:39:21.755458+0300 INFO, {'price_standart': 0, 'price_express': 0, 'convert_price': 0, 'inter_terminal': 0, 'price_to_address': 0, 'price_from_address': 0, 'times': {'term_standart_from': 1, 'term_standart_to': 2, 'term_express_from': 1, 'term_express_to': 1}} has been sent to frontend
2021-09-09T16:48:56.408525+0300 INFO, {'price_standart': 800, 'price_express': 1040.0, 'convert_price': 600, 'inter_terminal': 800, 'price_to_address': False, 'price_from_address': False, 'times': {'term_standart_from': 1, 'term_standart_to': 2, 'term_express_from': 1, 'term_express_to': 1}} has been sent to frontend
2021-09-09T16:50:29.659426+0300 INFO, {'price_standart': 800, 'price_express': 1040.0, 'convert_price': 600, 'inter_terminal': 800, 'price_to_address': False, 'price_from_address': False, 'times': {'term_standart_from': 1, 'term_standart_to': 2, 'term_express_from': 1, 'term_express_to': 1}} has been sent to frontend
2021-09-09T16:52:22.483230+0300 INFO, {'price_standart': 800, 'price_express': 1040.0, 'convert_price': 600, 'inter_terminal': 800, 'price_to_address': False, 'price_from_address': False, 'times': {'term_standart_from': 1, 'term_standart_to': 2, 'term_express_from': 1, 'term_express_to': 1}} has been sent to frontend
2021-09-09T16:52:52.385337+0300 INFO, {'price_standart': 800, 'price_express': 1040.0, 'convert_price': 600, 'inter_terminal': 800, 'price_to_address': False, 'price_from_address': False, 'times': {'term_standart_from': 1, 'term_standart_to': 2, 'term_express_from': 1, 'term_express_to': 1}} has been sent to frontend
2021-09-09T16:53:05.675488+0300 INFO, {'price_standart': 800, 'price_express': 1040.0, 'convert_price': 600, 'inter_terminal': 800, 'price_to_address': False, 'price_from_address': False, 'times': {'term_standart_from': 1, 'term_standart_to': 2, 'term_express_from': 1, 'term_express_to': 1}} has been sent to frontend
2021-09-09T16:53:27.326579+0300 INFO, {'price_standart': 800, 'price_express': 1040.0, 'convert_price': 600, 'inter_terminal': 800, 'price_to_address': False, 'price_from_address': False, 'times': {'term_standart_from': 1, 'term_standart_to': 2, 'term_express_from': 1, 'term_express_to': 1}} has been sent to frontend
2021-09-09T16:53:27.328574+0300 INFO, {'price_standart': 800, 'price_express': 1040.0, 'convert_price': 600, 'inter_terminal': 800, 'price_to_address': False, 'price_from_address': False, 'times': {'term_standart_from': 1, 'term_standart_to': 2, 'term_express_from': 1, 'term_express_to': 1}} has been sent to frontend
2021-09-09T16:53:27.330568+0300 INFO, {'price_standart': 800, 'price_express': 1040.0, 'convert_price': 600, 'inter_terminal': 800, 'price_to_address': False, 'price_from_address': False, 'times': {'term_standart_from': 1, 'term_standart_to': 2, 'term_express_from': 1, 'term_express_to': 1}} has been sent to frontend
2021-09-09T16:53:27.331566+0300 INFO, {'price_standart': 800, 'price_express': 1040.0, 'convert_price': 600, 'inter_terminal': 800, 'price_to_address': False, 'price_from_address': False, 'times': {'term_standart_from': 1, 'term_standart_to': 2, 'term_express_from': 1, 'term_express_to': 1}} has been sent to frontend
2021-09-09T16:53:27.331566+0300 INFO, {'price_standart': 800, 'price_express': 1040.0, 'convert_price': 600, 'inter_terminal': 800, 'price_to_address': False, 'price_from_address': False, 'times': {'term_standart_from': 1, 'term_standart_to': 2, 'term_express_from': 1, 'term_express_to': 1}} has been sent to frontend
2021-09-09T16:53:27.331566+0300 INFO, {'price_standart': 800, 'price_express': 1040.0, 'convert_price': 600, 'inter_terminal': 800, 'price_to_address': False, 'price_from_address': False, 'times': {'term_standart_from': 1, 'term_standart_to': 2, 'term_express_from': 1, 'term_express_to': 1}} has been sent to frontend
2021-09-09T16:53:27.486162+0300 INFO, {'price_standart': 800, 'price_express': 1040.0, 'convert_price': 600, 'inter_terminal': 800, 'price_to_address': False, 'price_from_address': False, 'times': {'term_standart_from': 1, 'term_standart_to': 2, 'term_express_from': 1, 'term_express_to': 1}} has been sent to frontend
2021-09-09T16:53:36.417078+0300 INFO, {'price_standart': 800, 'price_express': 1040.0, 'convert_price': 600, 'inter_terminal': 800, 'price_to_address': False, 'price_from_address': False, 'times': {'term_standart_from': 1, 'term_standart_to': 2, 'term_express_from': 1, 'term_express_to': 1}} has been sent to frontend
2021-09-09T16:53:37.506401+0300 INFO, {'price_standart': 800, 'price_express': 1040.0, 'convert_price': 600, 'inter_terminal': 800, 'price_to_address': False, 'price_from_address': False, 'times': {'term_standart_from': 1, 'term_standart_to': 2, 'term_express_from': 1, 'term_express_to': 1}} has been sent to frontend
2021-09-09T16:56:13.087222+0300 INFO, {'price_standart': 800, 'price_express': 1040.0, 'convert_price': 600, 'inter_terminal': 800, 'price_to_address': False, 'price_from_address': False, 'times': {'term_standart_from': 1, 'term_standart_to': 2, 'term_express_from': 1, 'term_express_to': 1}} has been sent to frontend
2021-09-09T16:56:15.844704+0300 INFO, {'price_standart': 1100, 'price_express': 1340.0, 'convert_price': 600, 'inter_terminal': 800, 'price_to_address': False, 'price_from_address': 300, 'times': {'term_standart_from': 1, 'term_standart_to': 2, 'term_express_from': 1, 'term_express_to': 1}} has been sent to frontend
2021-09-09T16:56:17.866660+0300 INFO, {'price_standart': 1400, 'price_express': 1640.0, 'convert_price': 600, 'inter_terminal': 800, 'price_to_address': 300, 'price_from_address': 300, 'times': {'term_standart_from': 1, 'term_standart_to': 2, 'term_express_from': 1, 'term_express_to': 1}} has been sent to frontend
2021-09-09T16:56:20.336883+0300 INFO, {'price_standart': 1100, 'price_express': 1340.0, 'convert_price': 600, 'inter_terminal': 800, 'price_to_address': False, 'price_from_address': 300, 'times': {'term_standart_from': 1, 'term_standart_to': 2, 'term_express_from': 1, 'term_express_to': 1}} has been sent to frontend
2021-09-09T16:56:21.873810+0300 INFO, {'price_standart': 800, 'price_express': 1040.0, 'convert_price': 600, 'inter_terminal': 800, 'price_to_address': False, 'price_from_address': False, 'times': {'term_standart_from': 1, 'term_standart_to': 2, 'term_express_from': 1, 'term_express_to': 1}} has been sent to frontend
2021-09-09T16:56:22.774723+0300 INFO, {'price_standart': 1100, 'price_express': 1340.0, 'convert_price': 600, 'inter_terminal': 800, 'price_to_address': False, 'price_from_address': 300, 'times': {'term_standart_from': 1, 'term_standart_to': 2, 'term_express_from': 1, 'term_express_to': 1}} has been sent to frontend
2021-09-09T16:56:23.279685+0300 INFO, {'price_standart': 800, 'price_express': 1040.0, 'convert_price': 600, 'inter_terminal': 800, 'price_to_address': False, 'price_from_address': False, 'times': {'term_standart_from': 1, 'term_standart_to': 2, 'term_express_from': 1, 'term_express_to': 1}} has been sent to frontend
2021-09-09T16:56:23.770133+0300 INFO, {'price_standart': 1100, 'price_express': 1340.0, 'convert_price': 600, 'inter_terminal': 800, 'price_to_address': False, 'price_from_address': 300, 'times': {'term_standart_from': 1, 'term_standart_to': 2, 'term_express_from': 1, 'term_express_to': 1}} has been sent to frontend
2021-09-09T16:56:24.330593+0300 INFO, {'price_standart': 800, 'price_express': 1040.0, 'convert_price': 600, 'inter_terminal': 800, 'price_to_address': False, 'price_from_address': False, 'times': {'term_standart_from': 1, 'term_standart_to': 2, 'term_express_from': 1, 'term_express_to': 1}} has been sent to frontend
2021-09-09T16:56:26.571064+0300 INFO, {'price_standart': 1100, 'price_express': 1340.0, 'convert_price': 600, 'inter_terminal': 800, 'price_to_address': False, 'price_from_address': 300, 'times': {'term_standart_from': 1, 'term_standart_to': 2, 'term_express_from': 1, 'term_express_to': 1}} has been sent to frontend
2021-09-09T16:56:34.828416+0300 INFO, {'price_standart': 0, 'price_express': 0, 'convert_price': 0, 'inter_terminal': 0, 'price_to_address': 0, 'price_from_address': 0, 'times': False} has been sent to frontend
2021-09-09T16:56:47.128466+0300 INFO, {'price_standart': 1100, 'price_express': 1340.0, 'convert_price': 600, 'inter_terminal': 800, 'price_to_address': False, 'price_from_address': 300, 'times': {'term_standart_from': 1, 'term_standart_to': 2, 'term_express_from': 1, 'term_express_to': 1}} has been sent to frontend
2021-09-09T16:56:49.240440+0300 INFO, {'price_standart': 1400, 'price_express': 1640.0, 'convert_price': 600, 'inter_terminal': 800, 'price_to_address': 300, 'price_from_address': 300, 'times': {'term_standart_from': 1, 'term_standart_to': 2, 'term_express_from': 1, 'term_express_to': 1}} has been sent to frontend
2021-09-09T16:56:50.647628+0300 INFO, {'price_standart': 1100, 'price_express': 1340.0, 'convert_price': 600, 'inter_terminal': 800, 'price_to_address': 300, 'price_from_address': False, 'times': {'term_standart_from': 1, 'term_standart_to': 2, 'term_express_from': 1, 'term_express_to': 1}} has been sent to frontend
2021-09-09T16:56:51.577702+0300 INFO, {'price_standart': 800, 'price_express': 1040.0, 'convert_price': 600, 'inter_terminal': 800, 'price_to_address': False, 'price_from_address': False, 'times': {'term_standart_from': 1, 'term_standart_to': 2, 'term_express_from': 1, 'term_express_to': 1}} has been sent to frontend
2021-09-09T17:02:59.115097+0300 INFO, {'price_standart': 700, 'price_express': 850.0, 'convert_price': 600, 'inter_terminal': 500, 'price_to_address': 100, 'price_from_address': 100, 'times': {'term_standart_from': 1, 'term_standart_to': 2, 'term_express_from': 1, 'term_express_to': 1}} has been sent to frontend
2021-09-09T17:03:02.574951+0300 INFO, {'price_standart': 600, 'price_express': 750.0, 'convert_price': 600, 'inter_terminal': 500, 'price_to_address': 100, 'price_from_address': False, 'times': {'term_standart_from': 1, 'term_standart_to': 2, 'term_express_from': 1, 'term_express_to': 1}} has been sent to frontend
2021-09-09T17:03:03.960248+0300 INFO, {'price_standart': 500, 'price_express': 650.0, 'convert_price': 600, 'inter_terminal': 500, 'price_to_address': False, 'price_from_address': False, 'times': {'term_standart_from': 1, 'term_standart_to': 2, 'term_express_from': 1, 'term_express_to': 1}} has been sent to frontend
2021-09-09T17:03:05.390141+0300 INFO, {'price_standart': 600, 'price_express': 750.0, 'convert_price': 600, 'inter_terminal': 500, 'price_to_address': False, 'price_from_address': 100, 'times': {'term_standart_from': 1, 'term_standart_to': 2, 'term_express_from': 1, 'term_express_to': 1}} has been sent to frontend
2021-09-09T17:03:06.571395+0300 INFO, {'price_standart': 700, 'price_express': 850.0, 'convert_price': 600, 'inter_terminal': 500, 'price_to_address': 100, 'price_from_address': 100, 'times': {'term_standart_from': 1, 'term_standart_to': 2, 'term_express_from': 1, 'term_express_to': 1}} has been sent to frontend
2021-09-09T17:03:11.202820+0300 INFO, {'price_standart': 700, 'price_express': 850.0, 'convert_price': 600, 'inter_terminal': 500, 'price_to_address': 100, 'price_from_address': 100, 'times': {'term_standart_from': 1, 'term_standart_to': 2, 'term_express_from': 1, 'term_express_to': 1}} has been sent to frontend
2021-09-09T17:03:11.433304+0300 INFO, {'price_standart': 1400, 'price_express': 1640.0, 'convert_price': 600, 'inter_terminal': 800, 'price_to_address': 300, 'price_from_address': 300, 'times': {'term_standart_from': 1, 'term_standart_to': 2, 'term_express_from': 1, 'term_express_to': 1}} has been sent to frontend
2021-09-09T17:03:13.717443+0300 INFO, {'price_standart': 700, 'price_express': 850.0, 'convert_price': 600, 'inter_terminal': 500, 'price_to_address': 100, 'price_from_address': 100, 'times': {'term_standart_from': 1, 'term_standart_to': 2, 'term_express_from': 1, 'term_express_to': 1}} has been sent to frontend
2021-09-09T17:03:14.386138+0300 INFO, {'price_standart': 700, 'price_express': 850.0, 'convert_price': 600, 'inter_terminal': 500, 'price_to_address': 100, 'price_from_address': 100, 'times': {'term_standart_from': 1, 'term_standart_to': 2, 'term_express_from': 1, 'term_express_to': 1}} has been sent to frontend
2021-09-09T17:03:15.571156+0300 INFO, {'price_standart': 700, 'price_express': 850.0, 'convert_price': 600, 'inter_terminal': 500, 'price_to_address': 100, 'price_from_address': 100, 'times': {'term_standart_from': 1, 'term_standart_to': 2, 'term_express_from': 1, 'term_express_to': 1}} has been sent to frontend
2021-09-09T17:03:16.068646+0300 INFO, {'price_standart': 1400, 'price_express': 1640.0, 'convert_price': 600, 'inter_terminal': 800, 'price_to_address': 300, 'price_from_address': 300, 'times': {'term_standart_from': 1, 'term_standart_to': 2, 'term_express_from': 1, 'term_express_to': 1}} has been sent to frontend
2021-09-09T17:39:26.608124+0300 INFO, {'price_standart': 1400, 'price_express': 1640.0, 'convert_price': 600, 'inter_terminal': 800, 'price_to_address': 300, 'price_from_address': 300, 'times': {'term_standart_from': 1, 'term_standart_to': 2, 'term_express_from': 1, 'term_express_to': 1}} has been sent to frontend
2021-09-09T17:44:58.763304+0300 INFO, {'price_standart': 800, 'price_express': 1040.0, 'convert_price': 600, 'inter_terminal': 800, 'price_to_address': False, 'price_from_address': False, 'times': {'term_standart_from': 1, 'term_standart_to': 2, 'term_express_from': 1, 'term_express_to': 1}} has been sent to frontend
2021-09-09T17:45:09.171726+0300 INFO, {'price_standart': 1100, 'price_express': 1340.0, 'convert_price': 600, 'inter_terminal': 800, 'price_to_address': False, 'price_from_address': 300, 'times': {'term_standart_from': 1, 'term_standart_to': 2, 'term_express_from': 1, 'term_express_to': 1}} has been sent to frontend
2021-09-09T17:45:10.371083+0300 INFO, {'price_standart': 1400, 'price_express': 1640.0, 'convert_price': 600, 'inter_terminal': 800, 'price_to_address': 300, 'price_from_address': 300, 'times': {'term_standart_from': 1, 'term_standart_to': 2, 'term_express_from': 1, 'term_express_to': 1}} has been sent to frontend
2021-09-10T08:58:25.412070+0300 INFO, {'price_standart': 800, 'price_express': 1040.0, 'convert_price': 600, 'inter_terminal': 800, 'price_to_address': False, 'price_from_address': False, 'times': {'term_standart_from': 1, 'term_standart_to': 2, 'term_express_from': 1, 'term_express_to': 1}} has been sent to frontend
2021-09-10T08:59:04.039719+0300 INFO, {'price_standart': 500, 'price_express': 650.0, 'convert_price': 600, 'inter_terminal': 500, 'price_to_address': False, 'price_from_address': False, 'times': {'term_standart_from': 1, 'term_standart_to': 2, 'term_express_from': 1, 'term_express_to': 1}} has been sent to frontend
2021-09-10T08:59:13.375036+0300 INFO, {'price_standart': 600, 'price_express': 750.0, 'convert_price': 600, 'inter_terminal': 500, 'price_to_address': False, 'price_from_address': 100, 'times': {'term_standart_from': 1, 'term_standart_to': 2, 'term_express_from': 1, 'term_express_to': 1}} has been sent to frontend
2021-09-10T08:59:15.908060+0300 INFO, {'price_standart': 500, 'price_express': 650.0, 'convert_price': 600, 'inter_terminal': 500, 'price_to_address': False, 'price_from_address': False, 'times': {'term_standart_from': 1, 'term_standart_to': 2, 'term_express_from': 1, 'term_express_to': 1}} has been sent to frontend
2021-09-10T08:59:17.357297+0300 INFO, {'price_standart': 600, 'price_express': 750.0, 'convert_price': 600, 'inter_terminal': 500, 'price_to_address': 100, 'price_from_address': False, 'times': {'term_standart_from': 1, 'term_standart_to': 2, 'term_express_from': 1, 'term_express_to': 1}} has been sent to frontend
2021-09-10T08:59:39.537646+0300 INFO, {'price_standart': 600, 'price_express': 750.0, 'convert_price': 600, 'inter_terminal': 500, 'price_to_address': 100, 'price_from_address': False, 'times': {'term_standart_from': 1, 'term_standart_to': 2, 'term_express_from': 1, 'term_express_to': 1}} has been sent to frontend
2021-09-10T09:00:54.386285+0300 INFO, {'price_standart': 800, 'price_express': 1040.0, 'convert_price': 600, 'inter_terminal': 800, 'price_to_address': False, 'price_from_address': False, 'times': {'term_standart_from': 1, 'term_standart_to': 2, 'term_express_from': 1, 'term_express_to': 1}} has been sent to frontend
2021-09-10T09:00:58.417372+0300 INFO, {'price_standart': 1100, 'price_express': 1340.0, 'convert_price': 600, 'inter_terminal': 800, 'price_to_address': False, 'price_from_address': 300, 'times': {'term_standart_from': 1, 'term_standart_to': 2, 'term_express_from': 1, 'term_express_to': 1}} has been sent to frontend
2021-09-10T09:00:59.449041+0300 INFO, {'price_standart': 1400, 'price_express': 1640.0, 'convert_price': 600, 'inter_terminal': 800, 'price_to_address': 300, 'price_from_address': 300, 'times': {'term_standart_from': 1, 'term_standart_to': 2, 'term_express_from': 1, 'term_express_to': 1}} has been sent to frontend
2021-09-10T09:01:00.185579+0300 INFO, {'price_standart': 1100, 'price_express': 1340.0, 'convert_price': 600, 'inter_terminal': 800, 'price_to_address': False, 'price_from_address': 300, 'times': {'term_standart_from': 1, 'term_standart_to': 2, 'term_express_from': 1, 'term_express_to': 1}} has been sent to frontend
2021-09-10T09:01:00.915030+0300 INFO, {'price_standart': 800, 'price_express': 1040.0, 'convert_price': 600, 'inter_terminal': 800, 'price_to_address': False, 'price_from_address': False, 'times': {'term_standart_from': 1, 'term_standart_to': 2, 'term_express_from': 1, 'term_express_to': 1}} has been sent to frontend
2021-09-10T09:01:01.358470+0300 INFO, {'price_standart': 1100, 'price_express': 1340.0, 'convert_price': 600, 'inter_terminal': 800, 'price_to_address': False, 'price_from_address': 300, 'times': {'term_standart_from': 1, 'term_standart_to': 2, 'term_express_from': 1, 'term_express_to': 1}} has been sent to frontend
2021-09-10T09:01:02.269880+0300 INFO, {'price_standart': 1400, 'price_express': 1640.0, 'convert_price': 600, 'inter_terminal': 800, 'price_to_address': 300, 'price_from_address': 300, 'times': {'term_standart_from': 1, 'term_standart_to': 2, 'term_express_from': 1, 'term_express_to': 1}} has been sent to frontend
2021-09-10T09:07:58.003214+0300 INFO, {'price_standart': 500, 'price_express': 650.0, 'convert_price': 600, 'inter_terminal': 500, 'price_to_address': False, 'price_from_address': False, 'times': {'term_standart_from': 1, 'term_standart_to': 2, 'term_express_from': 1, 'term_express_to': 1}} has been sent to frontend
2021-09-10T09:08:14.533320+0300 INFO, {'price_standart': 600, 'price_express': 750.0, 'convert_price': 600, 'inter_terminal': 500, 'price_to_address': False, 'price_from_address': 100, 'times': {'term_standart_from': 1, 'term_standart_to': 2, 'term_express_from': 1, 'term_express_to': 1}} has been sent to frontend
2021-09-10T09:08:15.588208+0300 INFO, {'price_standart': 500, 'price_express': 650.0, 'convert_price': 600, 'inter_terminal': 500, 'price_to_address': False, 'price_from_address': False, 'times': {'term_standart_from': 1, 'term_standart_to': 2, 'term_express_from': 1, 'term_express_to': 1}} has been sent to frontend
2021-09-10T09:08:17.185448+0300 INFO, {'price_standart': 600, 'price_express': 750.0, 'convert_price': 600, 'inter_terminal': 500, 'price_to_address': 100, 'price_from_address': False, 'times': {'term_standart_from': 1, 'term_standart_to': 2, 'term_express_from': 1, 'term_express_to': 1}} has been sent to frontend
2021-09-10T09:08:19.121101+0300 INFO, {'price_standart': 700, 'price_express': 850.0, 'convert_price': 600, 'inter_terminal': 500, 'price_to_address': 100, 'price_from_address': 100, 'times': {'term_standart_from': 1, 'term_standart_to': 2, 'term_express_from': 1, 'term_express_to': 1}} has been sent to frontend
2021-09-10T09:15:01.766003+0300 INFO, {'price_standart': 800, 'price_express': 1040.0, 'convert_price': 600, 'inter_terminal': 800, 'price_to_address': False, 'price_from_address': False, 'times': {'term_standart_from': 1, 'term_standart_to': 2, 'term_express_from': 1, 'term_express_to': 1}} has been sent to frontend
2021-09-10T09:15:02.013735+0300 INFO, {'price_standart': 800, 'price_express': 1040.0, 'convert_price': 600, 'inter_terminal': 800, 'price_to_address': False, 'price_from_address': False, 'times': {'term_standart_from': 1, 'term_standart_to': 2, 'term_express_from': 1, 'term_express_to': 1}} has been sent to frontend
2021-09-10T09:18:23.286359+0300 INFO, {'price_standart': 800, 'price_express': 1040.0, 'convert_price': 600, 'inter_terminal': 800, 'price_to_address': False, 'price_from_address': False, 'times': {'term_standart_from': 1, 'term_standart_to': 2, 'term_express_from': 1, 'term_express_to': 1}} has been sent to frontend
2021-09-10T09:18:23.445092+0300 INFO, {'price_standart': 500, 'price_express': 650.0, 'convert_price': 600, 'inter_terminal': 500, 'price_to_address': False, 'price_from_address': False, 'times': {'term_standart_from': 1, 'term_standart_to': 2, 'term_express_from': 1, 'term_express_to': 1}} has been sent to frontend
2021-09-10T09:18:23.633779+0300 INFO, {'price_standart': 500, 'price_express': 650.0, 'convert_price': 600, 'inter_terminal': 500, 'price_to_address': False, 'price_from_address': False, 'times': {'term_standart_from': 1, 'term_standart_to': 2, 'term_express_from': 1, 'term_express_to': 1}} has been sent to frontend
2021-09-10T09:18:24.548119+0300 INFO, {'price_standart': 500, 'price_express': 650.0, 'convert_price': 600, 'inter_terminal': 500, 'price_to_address': False, 'price_from_address': False, 'times': {'term_standart_from': 1, 'term_standart_to': 2, 'term_express_from': 1, 'term_express_to': 1}} has been sent to frontend
2021-09-10T09:18:38.507307+0300 INFO, form has been sent
2021-09-10T09:19:43.884176+0300 INFO, {'price_standart': 500, 'price_express': 650.0, 'convert_price': 600, 'inter_terminal': 500, 'price_to_address': False, 'price_from_address': False, 'times': {'term_standart_from': 1, 'term_standart_to': 2, 'term_express_from': 1, 'term_express_to': 1}} has been sent to frontend
2021-09-10T09:19:43.888158+0300 INFO, {'price_standart': 500, 'price_express': 650.0, 'convert_price': 600, 'inter_terminal': 500, 'price_to_address': False, 'price_from_address': False, 'times': {'term_standart_from': 1, 'term_standart_to': 2, 'term_express_from': 1, 'term_express_to': 1}} has been sent to frontend
2021-09-10T09:35:26.953902+0300 INFO, {'price_standart': 800, 'price_express': 1040.0, 'convert_price': 600, 'inter_terminal': 800, 'price_to_address': False, 'price_from_address': False, 'times': {'term_standart_from': 1, 'term_standart_to': 2, 'term_express_from': 1, 'term_express_to': 1}} has been sent to frontend
2021-09-10T09:35:27.807988+0300 INFO, {'price_standart': 800, 'price_express': 1040.0, 'convert_price': 600, 'inter_terminal': 800, 'price_to_address': False, 'price_from_address': False, 'times': {'term_standart_from': 1, 'term_standart_to': 2, 'term_express_from': 1, 'term_express_to': 1}} has been sent to frontend
2021-09-10T09:41:28.325086+0300 INFO, {'price_standart': 800, 'price_express': 1040.0, 'convert_price': 600, 'inter_terminal': 800, 'price_to_address': False, 'price_from_address': False, 'times': {'term_standart_from': 1, 'term_standart_to': 2, 'term_express_from': 1, 'term_express_to': 1}} has been sent to frontend
2021-09-10T09:42:42.451003+0300 INFO, {'price_standart': 800, 'price_express': 1040.0, 'convert_price': 600, 'inter_terminal': 800, 'price_to_address': False, 'price_from_address': False, 'times': {'term_standart_from': 1, 'term_standart_to': 2, 'term_express_from': 1, 'term_express_to': 1}} has been sent to frontend
2021-09-10T09:43:14.312389+0300 INFO, {'price_standart': 800, 'price_express': 1040.0, 'convert_price': 600, 'inter_terminal': 800, 'price_to_address': False, 'price_from_address': False, 'times': {'term_standart_from': 1, 'term_standart_to': 2, 'term_express_from': 1, 'term_express_to': 1}} has been sent to frontend
2021-09-10T09:43:39.025225+0300 INFO, {'price_standart': 800, 'price_express': 1040.0, 'convert_price': 600, 'inter_terminal': 800, 'price_to_address': False, 'price_from_address': False, 'times': {'term_standart_from': 1, 'term_standart_to': 2, 'term_express_from': 1, 'term_express_to': 1}} has been sent to frontend
2021-09-10T09:44:24.189481+0300 INFO, {'price_standart': 800, 'price_express': 1040.0, 'convert_price': 600, 'inter_terminal': 800, 'price_to_address': False, 'price_from_address': False, 'times': {'term_standart_from': 1, 'term_standart_to': 2, 'term_express_from': 1, 'term_express_to': 1}} has been sent to frontend
2021-09-10T09:45:10.551795+0300 INFO, {'price_standart': 800, 'price_express': 1040.0, 'convert_price': 600, 'inter_terminal': 800, 'price_to_address': False, 'price_from_address': False, 'times': {'term_standart_from': 1, 'term_standart_to': 2, 'term_express_from': 1, 'term_express_to': 1}} has been sent to frontend
2021-09-10T09:45:47.003311+0300 INFO, {'price_standart': 800, 'price_express': 1040.0, 'convert_price': 600, 'inter_terminal': 800, 'price_to_address': False, 'price_from_address': False, 'times': {'term_standart_from': 1, 'term_standart_to': 2, 'term_express_from': 1, 'term_express_to': 1}} has been sent to frontend
2021-09-10T09:47:06.423426+0300 INFO, {'price_standart': 800, 'price_express': 1040.0, 'convert_price': 600, 'inter_terminal': 800, 'price_to_address': False, 'price_from_address': False, 'times': {'term_standart_from': 1, 'term_standart_to': 2, 'term_express_from': 1, 'term_express_to': 1}} has been sent to frontend
2021-09-10T09:55:05.149449+0300 INFO, {'price_standart': 800, 'price_express': 1040.0, 'convert_price': 600, 'inter_terminal': 800, 'price_to_address': False, 'price_from_address': False, 'times': {'term_standart_from': 1, 'term_standart_to': 2, 'term_express_from': 1, 'term_express_to': 1}} has been sent to frontend
2021-09-10T09:55:32.903121+0300 INFO, {'price_standart': 800, 'price_express': 1040.0, 'convert_price': 600, 'inter_terminal': 800, 'price_to_address': False, 'price_from_address': False, 'times': {'term_standart_from': 1, 'term_standart_to': 2, 'term_express_from': 1, 'term_express_to': 1}} has been sent to frontend
2021-09-10T09:57:48.145892+0300 INFO, {'price_standart': 800, 'price_express': 1040.0, 'convert_price': 600, 'inter_terminal': 800, 'price_to_address': False, 'price_from_address': False, 'times': {'term_standart_from': 1, 'term_standart_to': 2, 'term_express_from': 1, 'term_express_to': 1}} has been sent to frontend
2021-09-10T09:57:50.712334+0300 INFO, {'price_standart': 800, 'price_express': 1040.0, 'convert_price': 600, 'inter_terminal': 800, 'price_to_address': False, 'price_from_address': False, 'times': {'term_standart_from': 1, 'term_standart_to': 2, 'term_express_from': 1, 'term_express_to': 1}} has been sent to frontend
2021-09-10T09:58:40.775129+0300 INFO, {'price_standart': 800, 'price_express': 1040.0, 'convert_price': 600, 'inter_terminal': 800, 'price_to_address': False, 'price_from_address': False, 'times': {'term_standart_from': 1, 'term_standart_to': 2, 'term_express_from': 1, 'term_express_to': 1}} has been sent to frontend
2021-09-10T09:58:57.047407+0300 INFO, {'price_standart': 1100, 'price_express': 1340.0, 'convert_price': 600, 'inter_terminal': 800, 'price_to_address': False, 'price_from_address': 300, 'times': {'term_standart_from': 1, 'term_standart_to': 2, 'term_express_from': 1, 'term_express_to': 1}} has been sent to frontend
2021-09-10T09:58:57.835921+0300 INFO, {'price_standart': 1400, 'price_express': 1640.0, 'convert_price': 600, 'inter_terminal': 800, 'price_to_address': 300, 'price_from_address': 300, 'times': {'term_standart_from': 1, 'term_standart_to': 2, 'term_express_from': 1, 'term_express_to': 1}} has been sent to frontend
2021-09-10T09:59:02.146061+0300 INFO, {'price_standart': 1100, 'price_express': 1340.0, 'convert_price': 600, 'inter_terminal': 800, 'price_to_address': 300, 'price_from_address': False, 'times': {'term_standart_from': 1, 'term_standart_to': 2, 'term_express_from': 1, 'term_express_to': 1}} has been sent to frontend
2021-09-10T09:59:02.814552+0300 INFO, {'price_standart': 800, 'price_express': 1040.0, 'convert_price': 600, 'inter_terminal': 800, 'price_to_address': False, 'price_from_address': False, 'times': {'term_standart_from': 1, 'term_standart_to': 2, 'term_express_from': 1, 'term_express_to': 1}} has been sent to frontend
2021-09-10T09:59:04.328177+0300 INFO, {'price_standart': 1100, 'price_express': 1340.0, 'convert_price': 600, 'inter_terminal': 800, 'price_to_address': 300, 'price_from_address': False, 'times': {'term_standart_from': 1, 'term_standart_to': 2, 'term_express_from': 1, 'term_express_to': 1}} has been sent to frontend
2021-09-10T09:59:05.518079+0300 INFO, {'price_standart': 1400, 'price_express': 1640.0, 'convert_price': 600, 'inter_terminal': 800, 'price_to_address': 300, 'price_from_address': 300, 'times': {'term_standart_from': 1, 'term_standart_to': 2, 'term_express_from': 1, 'term_express_to': 1}} has been sent to frontend
2021-09-10T09:59:10.923650+0300 INFO, {'price_standart': 800, 'price_express': 1040.0, 'convert_price': 600, 'inter_terminal': 800, 'price_to_address': False, 'price_from_address': False, 'times': {'term_standart_from': 1, 'term_standart_to': 2, 'term_express_from': 1, 'term_express_to': 1}} has been sent to frontend
2021-09-10T11:27:52.539144+0300 INFO, {'price_standart': 800, 'price_express': 1040.0, 'convert_price': 600, 'inter_terminal': 800, 'price_to_address': False, 'price_from_address': False, 'times': {'term_standart_from': 1, 'term_standart_to': 2, 'term_express_from': 1, 'term_express_to': 1}} has been sent to frontend
2021-09-10T11:28:07.982603+0300 INFO, {'price_standart': 800, 'price_express': 1040.0, 'convert_price': 600, 'inter_terminal': 800, 'price_to_address': False, 'price_from_address': False, 'times': {'term_standart_from': 1, 'term_standart_to': 2, 'term_express_from': 1, 'term_express_to': 1}} has been sent to frontend
2021-09-10T11:28:20.124100+0300 INFO, {'price_standart': 800, 'price_express': 1040.0, 'convert_price': 600, 'inter_terminal': 800, 'price_to_address': False, 'price_from_address': False, 'times': {'term_standart_from': 1, 'term_standart_to': 2, 'term_express_from': 1, 'term_express_to': 1}} has been sent to frontend
2021-09-10T12:11:05.135369+0300 INFO, {'price_standart': 1100, 'price_express': 1340.0, 'convert_price': 600, 'inter_terminal': 800, 'price_to_address': 300, 'price_from_address': False, 'times': {'term_standart_from': 1, 'term_standart_to': 2, 'term_express_from': 1, 'term_express_to': 1}} has been sent to frontend
2021-09-10T12:15:11.067424+0300 INFO, {'price_standart': 1400, 'price_express': 1640.0, 'convert_price': 600, 'inter_terminal': 800, 'price_to_address': 300, 'price_from_address': 300, 'times': {'term_standart_from': 1, 'term_standart_to': 2, 'term_express_from': 1, 'term_express_to': 1}} has been sent to frontend
2021-09-10T12:15:13.230284+0300 INFO, {'price_standart': 1100, 'price_express': 1340.0, 'convert_price': 600, 'inter_terminal': 800, 'price_to_address': 300, 'price_from_address': False, 'times': {'term_standart_from': 1, 'term_standart_to': 2, 'term_express_from': 1, 'term_express_to': 1}} has been sent to frontend
2021-09-10T12:15:14.171109+0300 INFO, {'price_standart': 800, 'price_express': 1040.0, 'convert_price': 600, 'inter_terminal': 800, 'price_to_address': False, 'price_from_address': False, 'times': {'term_standart_from': 1, 'term_standart_to': 2, 'term_express_from': 1, 'term_express_to': 1}} has been sent to frontend
2021-09-10T12:15:14.695152+0300 INFO, {'price_standart': 1100, 'price_express': 1340.0, 'convert_price': 600, 'inter_terminal': 800, 'price_to_address': 300, 'price_from_address': False, 'times': {'term_standart_from': 1, 'term_standart_to': 2, 'term_express_from': 1, 'term_express_to': 1}} has been sent to frontend
2021-09-10T12:15:16.502462+0300 INFO, {'price_standart': 1400, 'price_express': 1640.0, 'convert_price': 600, 'inter_terminal': 800, 'price_to_address': 300, 'price_from_address': 300, 'times': {'term_standart_from': 1, 'term_standart_to': 2, 'term_express_from': 1, 'term_express_to': 1}} has been sent to frontend
2021-09-10T12:20:25.616272+0300 INFO, {'price_standart': 1400, 'price_express': 1640.0, 'convert_price': 600, 'inter_terminal': 800, 'price_to_address': 300, 'price_from_address': 300, 'times': {'term_standart_from': 1, 'term_standart_to': 2, 'term_express_from': 1, 'term_express_to': 1}} has been sent to frontend
2021-09-10T12:20:28.316530+0300 INFO, {'price_standart': 800, 'price_express': 1040.0, 'convert_price': 600, 'inter_terminal': 800, 'price_to_address': False, 'price_from_address': False, 'times': {'term_standart_from': 1, 'term_standart_to': 2, 'term_express_from': 1, 'term_express_to': 1}} has been sent to frontend
2021-09-10T12:20:43.153460+0300 INFO, {'price_standart': 1100, 'price_express': 1340.0, 'convert_price': 600, 'inter_terminal': 800, 'price_to_address': False, 'price_from_address': 300, 'times': {'term_standart_from': 1, 'term_standart_to': 2, 'term_express_from': 1, 'term_express_to': 1}} has been sent to frontend
2021-09-10T12:20:46.255503+0300 INFO, {'price_standart': 800, 'price_express': 1040.0, 'convert_price': 600, 'inter_terminal': 800, 'price_to_address': False, 'price_from_address': False, 'times': {'term_standart_from': 1, 'term_standart_to': 2, 'term_express_from': 1, 'term_express_to': 1}} has been sent to frontend
2021-09-10T12:21:45.318465+0300 INFO, {'price_standart': 800, 'price_express': 1040.0, 'convert_price': 600, 'inter_terminal': 800, 'price_to_address': False, 'price_from_address': False, 'times': {'term_standart_from': 1, 'term_standart_to': 2, 'term_express_from': 1, 'term_express_to': 1}} has been sent to frontend
2021-09-10T12:21:48.280655+0300 INFO, {'price_standart': 800, 'price_express': 1040.0, 'convert_price': 600, 'inter_terminal': 800, 'price_to_address': False, 'price_from_address': False, 'times': {'term_standart_from': 1, 'term_standart_to': 2, 'term_express_from': 1, 'term_express_to': 1}} has been sent to frontend
2021-09-10T12:22:02.887723+0300 INFO, {'price_standart': 800, 'price_express': 1040.0, 'convert_price': 600, 'inter_terminal': 800, 'price_to_address': False, 'price_from_address': False, 'times': {'term_standart_from': 1, 'term_standart_to': 2, 'term_express_from': 1, 'term_express_to': 1}} has been sent to frontend
2021-09-10T12:22:05.596053+0300 INFO, {'price_standart': 800, 'price_express': 1040.0, 'convert_price': 600, 'inter_terminal': 800, 'price_to_address': False, 'price_from_address': False, 'times': {'term_standart_from': 1, 'term_standart_to': 2, 'term_express_from': 1, 'term_express_to': 1}} has been sent to frontend
2021-09-10T12:23:35.231561+0300 INFO, {'price_standart': 1100, 'price_express': 1340.0, 'convert_price': 600, 'inter_terminal': 800, 'price_to_address': 300, 'price_from_address': False, 'times': {'term_standart_from': 1, 'term_standart_to': 2, 'term_express_from': 1, 'term_express_to': 1}} has been sent to frontend
2021-09-10T12:23:37.770733+0300 INFO, {'price_standart': 800, 'price_express': 1040.0, 'convert_price': 600, 'inter_terminal': 800, 'price_to_address': False, 'price_from_address': False, 'times': {'term_standart_from': 1, 'term_standart_to': 2, 'term_express_from': 1, 'term_express_to': 1}} has been sent to frontend
2021-09-10T12:23:57.144817+0300 INFO, {'price_standart': 800, 'price_express': 1040.0, 'convert_price': 600, 'inter_terminal': 800, 'price_to_address': False, 'price_from_address': False, 'times': {'term_standart_from': 1, 'term_standart_to': 2, 'term_express_from': 1, 'term_express_to': 1}} has been sent to frontend
2021-09-10T12:28:39.812687+0300 INFO, {'price_standart': 1100, 'price_express': 1340.0, 'convert_price': 600, 'inter_terminal': 800, 'price_to_address': 300, 'price_from_address': False, 'times': {'term_standart_from': 1, 'term_standart_to': 2, 'term_express_from': 1, 'term_express_to': 1}} has been sent to frontend
2021-09-10T12:28:43.390881+0300 INFO, {'price_standart': 800, 'price_express': 1040.0, 'convert_price': 600, 'inter_terminal': 800, 'price_to_address': False, 'price_from_address': False, 'times': {'term_standart_from': 1, 'term_standart_to': 2, 'term_express_from': 1, 'term_express_to': 1}} has been sent to frontend
2021-09-10T12:30:43.958844+0300 INFO, {'price_standart': 1100, 'price_express': 1340.0, 'convert_price': 600, 'inter_terminal': 800, 'price_to_address': 300, 'price_from_address': False, 'times': {'term_standart_from': 1, 'term_standart_to': 2, 'term_express_from': 1, 'term_express_to': 1}} has been sent to frontend
2021-09-10T12:30:46.499959+0300 INFO, {'price_standart': 800, 'price_express': 1040.0, 'convert_price': 600, 'inter_terminal': 800, 'price_to_address': False, 'price_from_address': False, 'times': {'term_standart_from': 1, 'term_standart_to': 2, 'term_express_from': 1, 'term_express_to': 1}} has been sent to frontend
2021-09-10T12:30:52.236384+0300 INFO, {'price_standart': 1400, 'price_express': 1640.0, 'convert_price': 600, 'inter_terminal': 800, 'price_to_address': 300, 'price_from_address': 300, 'times': {'term_standart_from': 1, 'term_standart_to': 2, 'term_express_from': 1, 'term_express_to': 1}} has been sent to frontend
2021-09-10T12:30:54.714495+0300 INFO, {'price_standart': 800, 'price_express': 1040.0, 'convert_price': 600, 'inter_terminal': 800, 'price_to_address': False, 'price_from_address': False, 'times': {'term_standart_from': 1, 'term_standart_to': 2, 'term_express_from': 1, 'term_express_to': 1}} has been sent to frontend
2021-09-10T12:32:47.925319+0300 INFO, {'price_standart': 1100, 'price_express': 1340.0, 'convert_price': 600, 'inter_terminal': 800, 'price_to_address': 300, 'price_from_address': False, 'times': {'term_standart_from': 1, 'term_standart_to': 2, 'term_express_from': 1, 'term_express_to': 1}} has been sent to frontend
2021-09-10T12:35:31.106863+0300 INFO, {'price_standart': 800, 'price_express': 1040.0, 'convert_price': 600, 'inter_terminal': 800, 'price_to_address': False, 'price_from_address': False, 'times': {'term_standart_from': 1, 'term_standart_to': 2, 'term_express_from': 1, 'term_express_to': 1}} has been sent to frontend
2021-09-10T12:36:49.576028+0300 INFO, {'price_standart': 800, 'price_express': 1040.0, 'convert_price': 600, 'inter_terminal': 800, 'price_to_address': False, 'price_from_address': False, 'times': {'term_standart_from': 1, 'term_standart_to': 2, 'term_express_from': 1, 'term_express_to': 1}} has been sent to frontend
2021-09-10T12:37:33.557968+0300 INFO, {'price_standart': 800, 'price_express': 1040.0, 'convert_price': 600, 'inter_terminal': 800, 'price_to_address': False, 'price_from_address': False, 'times': {'term_standart_from': 1, 'term_standart_to': 2, 'term_express_from': 1, 'term_express_to': 1}} has been sent to frontend
2021-09-10T12:38:21.443575+0300 INFO, {'price_standart': 800, 'price_express': 1040.0, 'convert_price': 600, 'inter_terminal': 800, 'price_to_address': False, 'price_from_address': False, 'times': {'term_standart_from': 1, 'term_standart_to': 2, 'term_express_from': 1, 'term_express_to': 1}} has been sent to frontend
2021-09-10T12:39:02.393664+0300 INFO, {'price_standart': 800, 'price_express': 1040.0, 'convert_price': 600, 'inter_terminal': 800, 'price_to_address': False, 'price_from_address': False, 'times': {'term_standart_from': 1, 'term_standart_to': 2, 'term_express_from': 1, 'term_express_to': 1}} has been sent to frontend
2021-09-10T12:40:22.017698+0300 INFO, {'price_standart': 800, 'price_express': 1040.0, 'convert_price': 600, 'inter_terminal': 800, 'price_to_address': False, 'price_from_address': False, 'times': {'term_standart_from': 1, 'term_standart_to': 2, 'term_express_from': 1, 'term_express_to': 1}} has been sent to frontend
2021-09-10T12:42:20.620449+0300 INFO, {'price_standart': 800, 'price_express': 1040.0, 'convert_price': 600, 'inter_terminal': 800, 'price_to_address': False, 'price_from_address': False, 'times': {'term_standart_from': 1, 'term_standart_to': 2, 'term_express_from': 1, 'term_express_to': 1}} has been sent to frontend
2021-09-10T12:42:41.402188+0300 INFO, {'price_standart': 800, 'price_express': 1040.0, 'convert_price': 600, 'inter_terminal': 800, 'price_to_address': False, 'price_from_address': False, 'times': {'term_standart_from': 1, 'term_standart_to': 2, 'term_express_from': 1, 'term_express_to': 1}} has been sent to frontend
2021-09-10T12:43:09.234336+0300 INFO, {'price_standart': 800, 'price_express': 1040.0, 'convert_price': 600, 'inter_terminal': 800, 'price_to_address': False, 'price_from_address': False, 'times': {'term_standart_from': 1, 'term_standart_to': 2, 'term_express_from': 1, 'term_express_to': 1}} has been sent to frontend
2021-09-10T12:48:24.327693+0300 INFO, {'price_standart': 800, 'price_express': 1040.0, 'convert_price': 600, 'inter_terminal': 800, 'price_to_address': False, 'price_from_address': False, 'times': {'term_standart_from': 1, 'term_standart_to': 2, 'term_express_from': 1, 'term_express_to': 1}} has been sent to frontend
2021-09-10T13:33:35.353136+0300 INFO, {'price_standart': 800, 'price_express': 1040.0, 'convert_price': 600, 'inter_terminal': 800, 'price_to_address': False, 'price_from_address': False, 'times': {'term_standart_from': 1, 'term_standart_to': 2, 'term_express_from': 1, 'term_express_to': 1}} has been sent to frontend
2021-09-10T13:34:30.172790+0300 INFO, {'price_standart': 800, 'price_express': 1040.0, 'convert_price': 600, 'inter_terminal': 800, 'price_to_address': False, 'price_from_address': False, 'times': {'term_standart_from': 1, 'term_standart_to': 2, 'term_express_from': 1, 'term_express_to': 1}} has been sent to frontend
2021-09-10T13:34:34.750987+0300 INFO, {'price_standart': 800, 'price_express': 1040.0, 'convert_price': 600, 'inter_terminal': 800, 'price_to_address': False, 'price_from_address': False, 'times': {'term_standart_from': 1, 'term_standart_to': 2, 'term_express_from': 1, 'term_express_to': 1}} has been sent to frontend
2021-09-10T13:39:18.462884+0300 INFO, {'price_standart': 800, 'price_express': 1040.0, 'convert_price': 600, 'inter_terminal': 800, 'price_to_address': False, 'price_from_address': False, 'times': {'term_standart_from': 1, 'term_standart_to': 2, 'term_express_from': 1, 'term_express_to': 1}} has been sent to frontend
2021-09-10T13:39:24.866621+0300 INFO, {'price_standart': 800, 'price_express': 1040.0, 'convert_price': 600, 'inter_terminal': 800, 'price_to_address': False, 'price_from_address': False, 'times': {'term_standart_from': 1, 'term_standart_to': 2, 'term_express_from': 1, 'term_express_to': 1}} has been sent to frontend
2021-09-10T13:43:53.514260+0300 INFO, {'price_standart': 800, 'price_express': 1040.0, 'convert_price': 600, 'inter_terminal': 800, 'price_to_address': False, 'price_from_address': False, 'times': {'term_standart_from': 1, 'term_standart_to': 2, 'term_express_from': 1, 'term_express_to': 1}} has been sent to frontend
2021-09-10T13:43:57.088441+0300 INFO, {'price_standart': 800, 'price_express': 1040.0, 'convert_price': 600, 'inter_terminal': 800, 'price_to_address': False, 'price_from_address': False, 'times': {'term_standart_from': 1, 'term_standart_to': 2, 'term_express_from': 1, 'term_express_to': 1}} has been sent to frontend
2021-09-10T13:43:58.340692+0300 INFO, {'price_standart': 800, 'price_express': 1040.0, 'convert_price': 600, 'inter_terminal': 800, 'price_to_address': False, 'price_from_address': False, 'times': {'term_standart_from': 1, 'term_standart_to': 2, 'term_express_from': 1, 'term_express_to': 1}} has been sent to frontend
2021-09-10T13:44:06.460544+0300 INFO, {'price_standart': 800, 'price_express': 1040.0, 'convert_price': 600, 'inter_terminal': 800, 'price_to_address': False, 'price_from_address': False, 'times': {'term_standart_from': 1, 'term_standart_to': 2, 'term_express_from': 1, 'term_express_to': 1}} has been sent to frontend
2021-09-10T13:44:11.660474+0300 INFO, {'price_standart': 800, 'price_express': 1040.0, 'convert_price': 600, 'inter_terminal': 800, 'price_to_address': False, 'price_from_address': False, 'times': {'term_standart_from': 1, 'term_standart_to': 2, 'term_express_from': 1, 'term_express_to': 1}} has been sent to frontend
2021-09-10T13:53:19.407714+0300 INFO, {'price_standart': 800, 'price_express': 1040.0, 'convert_price': 600, 'inter_terminal': 800, 'price_to_address': False, 'price_from_address': False, 'times': {'term_standart_from': 1, 'term_standart_to': 2, 'term_express_from': 1, 'term_express_to': 1}} has been sent to frontend
2021-09-10T13:53:22.202014+0300 INFO, {'price_standart': 800, 'price_express': 1040.0, 'convert_price': 600, 'inter_terminal': 800, 'price_to_address': False, 'price_from_address': False, 'times': {'term_standart_from': 1, 'term_standart_to': 2, 'term_express_from': 1, 'term_express_to': 1}} has been sent to frontend
2021-09-10T14:06:25.902898+0300 INFO, {'price_standart': 800, 'price_express': 1040.0, 'convert_price': 600, 'inter_terminal': 800, 'price_to_address': False, 'price_from_address': False, 'times': {'term_standart_from': 1, 'term_standart_to': 2, 'term_express_from': 1, 'term_express_to': 1}} has been sent to frontend
2021-09-10T14:06:29.047176+0300 INFO, {'price_standart': 800, 'price_express': 1040.0, 'convert_price': 600, 'inter_terminal': 800, 'price_to_address': False, 'price_from_address': False, 'times': {'term_standart_from': 1, 'term_standart_to': 2, 'term_express_from': 1, 'term_express_to': 1}} has been sent to frontend
2021-09-10T14:07:30.007599+0300 INFO, {'price_standart': 800, 'price_express': 1040.0, 'convert_price': 600, 'inter_terminal': 800, 'price_to_address': False, 'price_from_address': False, 'times': {'term_standart_from': 1, 'term_standart_to': 2, 'term_express_from': 1, 'term_express_to': 1}} has been sent to frontend
2021-09-10T14:07:31.215325+0300 INFO, {'price_standart': 800, 'price_express': 1040.0, 'convert_price': 600, 'inter_terminal': 800, 'price_to_address': False, 'price_from_address': False, 'times': {'term_standart_from': 1, 'term_standart_to': 2, 'term_express_from': 1, 'term_express_to': 1}} has been sent to frontend
2021-09-10T14:08:49.471312+0300 INFO, {'price_standart': 800, 'price_express': 1040.0, 'convert_price': 600, 'inter_terminal': 800, 'price_to_address': False, 'price_from_address': False, 'times': {'term_standart_from': 1, 'term_standart_to': 2, 'term_express_from': 1, 'term_express_to': 1}} has been sent to frontend
2021-09-10T14:08:52.754079+0300 INFO, {'price_standart': 800, 'price_express': 1040.0, 'convert_price': 600, 'inter_terminal': 800, 'price_to_address': False, 'price_from_address': False, 'times': {'term_standart_from': 1, 'term_standart_to': 2, 'term_express_from': 1, 'term_express_to': 1}} has been sent to frontend
2021-09-10T14:09:32.647443+0300 INFO, {'price_standart': 800, 'price_express': 1040.0, 'convert_price': 600, 'inter_terminal': 800, 'price_to_address': False, 'price_from_address': False, 'times': {'term_standart_from': 1, 'term_standart_to': 2, 'term_express_from': 1, 'term_express_to': 1}} has been sent to frontend
2021-09-10T14:09:34.188437+0300 INFO, {'price_standart': 800, 'price_express': 1040.0, 'convert_price': 600, 'inter_terminal': 800, 'price_to_address': False, 'price_from_address': False, 'times': {'term_standart_from': 1, 'term_standart_to': 2, 'term_express_from': 1, 'term_express_to': 1}} has been sent to frontend
2021-09-10T14:15:04.013211+0300 INFO, {'price_standart': 800, 'price_express': 1040.0, 'convert_price': 600, 'inter_terminal': 800, 'price_to_address': False, 'price_from_address': False, 'times': {'term_standart_from': 1, 'term_standart_to': 2, 'term_express_from': 1, 'term_express_to': 1}} has been sent to frontend
2021-09-10T14:15:07.387861+0300 INFO, {'price_standart': 800, 'price_express': 1040.0, 'convert_price': 600, 'inter_terminal': 800, 'price_to_address': False, 'price_from_address': False, 'times': {'term_standart_from': 1, 'term_standart_to': 2, 'term_express_from': 1, 'term_express_to': 1}} has been sent to frontend
2021-09-10T14:18:29.035098+0300 INFO, {'price_standart': 800, 'price_express': 1040.0, 'convert_price': 600, 'inter_terminal': 800, 'price_to_address': False, 'price_from_address': False, 'times': {'term_standart_from': 1, 'term_standart_to': 2, 'term_express_from': 1, 'term_express_to': 1}} has been sent to frontend
2021-09-10T14:18:31.531109+0300 INFO, {'price_standart': 800, 'price_express': 1040.0, 'convert_price': 600, 'inter_terminal': 800, 'price_to_address': False, 'price_from_address': False, 'times': {'term_standart_from': 1, 'term_standart_to': 2, 'term_express_from': 1, 'term_express_to': 1}} has been sent to frontend
2021-09-10T14:18:31.715064+0300 INFO, {'price_standart': 0, 'price_express': 0, 'convert_price': 0, 'inter_terminal': 0, 'price_to_address': 0, 'price_from_address': 0, 'times': {'term_standart_from': 1, 'term_standart_to': 2, 'term_express_from': 1, 'term_express_to': 1}} has been sent to frontend
2021-09-10T14:20:17.462284+0300 INFO, {'price_standart': 800, 'price_express': 1040.0, 'convert_price': 600, 'inter_terminal': 800, 'price_to_address': False, 'price_from_address': False, 'times': {'term_standart_from': 1, 'term_standart_to': 2, 'term_express_from': 1, 'term_express_to': 1}} has been sent to frontend
2021-09-10T14:20:18.379321+0300 INFO, {'price_standart': 800, 'price_express': 1040.0, 'convert_price': 600, 'inter_terminal': 800, 'price_to_address': False, 'price_from_address': False, 'times': {'term_standart_from': 1, 'term_standart_to': 2, 'term_express_from': 1, 'term_express_to': 1}} has been sent to frontend
2021-09-10T14:22:41.589299+0300 INFO, {'price_standart': 800, 'price_express': 1040.0, 'convert_price': 600, 'inter_terminal': 800, 'price_to_address': False, 'price_from_address': False, 'times': {'term_standart_from': 1, 'term_standart_to': 2, 'term_express_from': 1, 'term_express_to': 1}} has been sent to frontend
2021-09-10T14:22:44.026036+0300 INFO, {'price_standart': 800, 'price_express': 1040.0, 'convert_price': 600, 'inter_terminal': 800, 'price_to_address': False, 'price_from_address': False, 'times': {'term_standart_from': 1, 'term_standart_to': 2, 'term_express_from': 1, 'term_express_to': 1}} has been sent to frontend
2021-09-10T14:22:48.869258+0300 INFO, {'price_standart': 800, 'price_express': 1040.0, 'convert_price': 600, 'inter_terminal': 800, 'price_to_address': False, 'price_from_address': False, 'times': {'term_standart_from': 1, 'term_standart_to': 2, 'term_express_from': 1, 'term_express_to': 1}} has been sent to frontend
2021-09-10T14:23:10.029575+0300 INFO, {'price_standart': 800, 'price_express': 1040.0, 'convert_price': 600, 'inter_terminal': 800, 'price_to_address': False, 'price_from_address': False, 'times': {'term_standart_from': 1, 'term_standart_to': 2, 'term_express_from': 1, 'term_express_to': 1}} has been sent to frontend
2021-09-10T14:23:10.209575+0300 INFO, {'price_standart': 800, 'price_express': 1040.0, 'convert_price': 600, 'inter_terminal': 800, 'price_to_address': False, 'price_from_address': False, 'times': {'term_standart_from': 1, 'term_standart_to': 2, 'term_express_from': 1, 'term_express_to': 1}} has been sent to frontend
2021-09-10T14:23:10.457978+0300 INFO, {'price_standart': 800, 'price_express': 1040.0, 'convert_price': 600, 'inter_terminal': 800, 'price_to_address': False, 'price_from_address': False, 'times': {'term_standart_from': 1, 'term_standart_to': 2, 'term_express_from': 1, 'term_express_to': 1}} has been sent to frontend
2021-09-10T14:23:11.220944+0300 INFO, {'price_standart': 800, 'price_express': 1040.0, 'convert_price': 600, 'inter_terminal': 800, 'price_to_address': False, 'price_from_address': False, 'times': {'term_standart_from': 1, 'term_standart_to': 2, 'term_express_from': 1, 'term_express_to': 1}} has been sent to frontend
2021-09-10T15:13:32.408622+0300 INFO, {'price_standart': 800, 'price_express': 1040.0, 'convert_price': 600, 'inter_terminal': 800, 'price_to_address': False, 'price_from_address': False, 'times': {'term_standart_from': 1, 'term_standart_to': 2, 'term_express_from': 1, 'term_express_to': 1}} has been sent to frontend
2021-09-10T15:14:04.151778+0300 INFO, {'price_standart': 800, 'price_express': 1040.0, 'convert_price': 600, 'inter_terminal': 800, 'price_to_address': False, 'price_from_address': False, 'times': {'term_standart_from': 1, 'term_standart_to': 2, 'term_express_from': 1, 'term_express_to': 1}} has been sent to frontend
2021-09-10T15:15:10.889109+0300 INFO, {'price_standart': 800, 'price_express': 1040.0, 'convert_price': 600, 'inter_terminal': 800, 'price_to_address': False, 'price_from_address': False, 'times': {'term_standart_from': 1, 'term_standart_to': 2, 'term_express_from': 1, 'term_express_to': 1}} has been sent to frontend
2021-09-10T15:19:22.565421+0300 INFO, {'price_standart': 800, 'price_express': 1040.0, 'convert_price': 600, 'inter_terminal': 800, 'price_to_address': False, 'price_from_address': False, 'times': {'term_standart_from': 1, 'term_standart_to': 2, 'term_express_from': 1, 'term_express_to': 1}} has been sent to frontend
2021-09-10T15:39:29.408086+0300 INFO, {'price_standart': 800, 'price_express': 1040.0, 'convert_price': 600, 'inter_terminal': 800, 'price_to_address': False, 'price_from_address': False, 'times': {'term_standart_from': 1, 'term_standart_to': 2, 'term_express_from': 1, 'term_express_to': 1}} has been sent to frontend
2021-09-10T15:47:51.573135+0300 INFO, {'price_standart': 700, 'price_express': 850.0, 'convert_price': 600, 'inter_terminal': 500, 'price_to_address': 100, 'price_from_address': 100, 'times': {'term_standart_from': 1, 'term_standart_to': 2, 'term_express_from': 1, 'term_express_to': 1}} has been sent to frontend
2021-09-10T15:53:26.560443+0300 INFO, {'price_standart': 800, 'price_express': 1040.0, 'convert_price': 600, 'inter_terminal': 800, 'price_to_address': False, 'price_from_address': False, 'times': {'term_standart_from': 1, 'term_standart_to': 2, 'term_express_from': 1, 'term_express_to': 1}} has been sent to frontend
2021-09-10T16:00:38.490803+0300 INFO, {'price_standart': 800, 'price_express': 1040.0, 'convert_price': 600, 'inter_terminal': 800, 'price_to_address': False, 'price_from_address': False, 'times': {'term_standart_from': 1, 'term_standart_to': 2, 'term_express_from': 1, 'term_express_to': 1}} has been sent to frontend
2021-09-10T16:11:49.021521+0300 INFO, {'price_standart': 800, 'price_express': 1040.0, 'convert_price': 600, 'inter_terminal': 800, 'price_to_address': False, 'price_from_address': False, 'times': {'term_standart_from': 1, 'term_standart_to': 2, 'term_express_from': 1, 'term_express_to': 1}} has been sent to frontend
2021-09-10T16:52:14.677106+0300 INFO, {'price_standart': 800, 'price_express': 1040.0, 'convert_price': 600, 'inter_terminal': 800, 'price_to_address': False, 'price_from_address': False, 'times': {'term_standart_from': 1, 'term_standart_to': 2, 'term_express_from': 1, 'term_express_to': 1}} has been sent to frontend
2021-09-10T16:52:34.598749+0300 INFO, {'price_standart': 800, 'price_express': 1040.0, 'convert_price': 600, 'inter_terminal': 800, 'price_to_address': False, 'price_from_address': False, 'times': {'term_standart_from': 1, 'term_standart_to': 2, 'term_express_from': 1, 'term_express_to': 1}} has been sent to frontend
2021-09-10T16:53:50.464567+0300 INFO, {'price_standart': 800, 'price_express': 1040.0, 'convert_price': 600, 'inter_terminal': 800, 'price_to_address': False, 'price_from_address': False, 'times': {'term_standart_from': 1, 'term_standart_to': 2, 'term_express_from': 1, 'term_express_to': 1}} has been sent to frontend
2021-09-10T16:54:05.574405+0300 INFO, {'price_standart': 800, 'price_express': 1040.0, 'convert_price': 600, 'inter_terminal': 800, 'price_to_address': False, 'price_from_address': False, 'times': {'term_standart_from': 1, 'term_standart_to': 2, 'term_express_from': 1, 'term_express_to': 1}} has been sent to frontend
2021-09-10T17:03:37.005323+0300 INFO, {'price_standart': 800, 'price_express': 1040.0, 'convert_price': 600, 'inter_terminal': 800, 'price_to_address': False, 'price_from_address': False, 'times': {'term_standart_from': 1, 'term_standart_to': 2, 'term_express_from': 1, 'term_express_to': 1}} has been sent to frontend
2021-09-10T17:09:51.853417+0300 INFO, {'price_standart': 800, 'price_express': 1040.0, 'convert_price': 600, 'inter_terminal': 800, 'price_to_address': False, 'price_from_address': False, 'times': {'term_standart_from': 1, 'term_standart_to': 2, 'term_express_from': 1, 'term_express_to': 1}} has been sent to frontend
2021-09-10T17:10:37.129900+0300 INFO, {'price_standart': 800, 'price_express': 1040.0, 'convert_price': 600, 'inter_terminal': 800, 'price_to_address': False, 'price_from_address': False, 'times': {'term_standart_from': 1, 'term_standart_to': 2, 'term_express_from': 1, 'term_express_to': 1}} has been sent to frontend
2021-09-10T17:10:45.398768+0300 INFO, {'price_standart': 1100, 'price_express': 1340.0, 'convert_price': 600, 'inter_terminal': 800, 'price_to_address': 300, 'price_from_address': False, 'times': {'term_standart_from': 1, 'term_standart_to': 2, 'term_express_from': 1, 'term_express_to': 1}} has been sent to frontend
2021-09-10T17:10:47.155088+0300 INFO, {'price_standart': 1400, 'price_express': 1640.0, 'convert_price': 600, 'inter_terminal': 800, 'price_to_address': 300, 'price_from_address': 300, 'times': {'term_standart_from': 1, 'term_standart_to': 2, 'term_express_from': 1, 'term_express_to': 1}} has been sent to frontend
2021-09-10T17:12:27.300217+0300 INFO, {'price_standart': 800, 'price_express': 1040.0, 'convert_price': 600, 'inter_terminal': 800, 'price_to_address': False, 'price_from_address': False, 'times': {'term_standart_from': 1, 'term_standart_to': 2, 'term_express_from': 1, 'term_express_to': 1}} has been sent to frontend
2021-09-10T17:12:49.551796+0300 INFO, {'price_standart': 800, 'price_express': 1040.0, 'convert_price': 600, 'inter_terminal': 800, 'price_to_address': False, 'price_from_address': False, 'times': {'term_standart_from': 1, 'term_standart_to': 2, 'term_express_from': 1, 'term_express_to': 1}} has been sent to frontend
2021-09-10T17:13:11.977456+0300 INFO, {'price_standart': 800, 'price_express': 1040.0, 'convert_price': 600, 'inter_terminal': 800, 'price_to_address': False, 'price_from_address': False, 'times': {'term_standart_from': 1, 'term_standart_to': 2, 'term_express_from': 1, 'term_express_to': 1}} has been sent to frontend
2021-09-13T09:01:43.103997+0300 INFO, {'price_standart': 800, 'price_express': 1040.0, 'convert_price': 600, 'inter_terminal': 800, 'price_to_address': False, 'price_from_address': False, 'times': {'term_standart_from': 1, 'term_standart_to': 2, 'term_express_from': 1, 'term_express_to': 1}} has been sent to frontend
2021-09-13T09:02:24.409753+0300 INFO, {'price_standart': 1100, 'price_express': 1340.0, 'convert_price': 600, 'inter_terminal': 800, 'price_to_address': False, 'price_from_address': 300, 'times': {'term_standart_from': 1, 'term_standart_to': 2, 'term_express_from': 1, 'term_express_to': 1}} has been sent to frontend
2021-09-13T09:02:27.984471+0300 INFO, {'price_standart': 800, 'price_express': 1040.0, 'convert_price': 600, 'inter_terminal': 800, 'price_to_address': False, 'price_from_address': False, 'times': {'term_standart_from': 1, 'term_standart_to': 2, 'term_express_from': 1, 'term_express_to': 1}} has been sent to frontend
2021-09-13T09:06:50.169204+0300 INFO, {'price_standart': 1400, 'price_express': 1640.0, 'convert_price': 600, 'inter_terminal': 800, 'price_to_address': 300, 'price_from_address': 300, 'times': {'term_standart_from': 1, 'term_standart_to': 2, 'term_express_from': 1, 'term_express_to': 1}} has been sent to frontend
2021-09-13T09:07:39.556095+0300 INFO, {'price_standart': 1100, 'price_express': 1340.0, 'convert_price': 600, 'inter_terminal': 800, 'price_to_address': False, 'price_from_address': 300, 'times': {'term_standart_from': 1, 'term_standart_to': 2, 'term_express_from': 1, 'term_express_to': 1}} has been sent to frontend
2021-09-13T09:07:41.919784+0300 INFO, {'price_standart': 800, 'price_express': 1040.0, 'convert_price': 600, 'inter_terminal': 800, 'price_to_address': False, 'price_from_address': False, 'times': {'term_standart_from': 1, 'term_standart_to': 2, 'term_express_from': 1, 'term_express_to': 1}} has been sent to frontend
2021-09-13T09:07:47.923561+0300 INFO, {'price_standart': 1100, 'price_express': 1340.0, 'convert_price': 600, 'inter_terminal': 800, 'price_to_address': False, 'price_from_address': 300, 'times': {'term_standart_from': 1, 'term_standart_to': 2, 'term_express_from': 1, 'term_express_to': 1}} has been sent to frontend
2021-09-13T09:07:49.165861+0300 INFO, {'price_standart': 1400, 'price_express': 1640.0, 'convert_price': 600, 'inter_terminal': 800, 'price_to_address': 300, 'price_from_address': 300, 'times': {'term_standart_from': 1, 'term_standart_to': 2, 'term_express_from': 1, 'term_express_to': 1}} has been sent to frontend
2021-09-13T09:08:31.507089+0300 INFO, {'price_standart': 1400, 'price_express': 1640.0, 'convert_price': 600, 'inter_terminal': 800, 'price_to_address': 300, 'price_from_address': 300, 'times': {'term_standart_from': 1, 'term_standart_to': 2, 'term_express_from': 1, 'term_express_to': 1}} has been sent to frontend
2021-09-13T09:11:04.645569+0300 INFO, {'price_standart': 1400, 'price_express': 1640.0, 'convert_price': 600, 'inter_terminal': 800, 'price_to_address': 300, 'price_from_address': 300, 'times': {'term_standart_from': 1, 'term_standart_to': 2, 'term_express_from': 1, 'term_express_to': 1}} has been sent to frontend
2021-09-13T09:11:26.784391+0300 INFO, {'price_standart': 1400, 'price_express': 1640.0, 'convert_price': 600, 'inter_terminal': 800, 'price_to_address': 300, 'price_from_address': 300, 'times': {'term_standart_from': 1, 'term_standart_to': 2, 'term_express_from': 1, 'term_express_to': 1}} has been sent to frontend
2021-09-13T09:41:10.549465+0300 INFO, {'price_standart': 1400, 'price_express': 1640.0, 'convert_price': 600, 'inter_terminal': 800, 'price_to_address': 300, 'price_from_address': 300, 'times': {'term_standart_from': 1, 'term_standart_to': 2, 'term_express_from': 1, 'term_express_to': 1}} has been sent to frontend
2021-09-13T09:46:02.223412+0300 INFO, {'price_standart': 1400, 'price_express': 1640.0, 'convert_price': 600, 'inter_terminal': 800, 'price_to_address': 300, 'price_from_address': 300, 'times': {'term_standart_from': 1, 'term_standart_to': 2, 'term_express_from': 1, 'term_express_to': 1}} has been sent to frontend
2021-09-13T10:08:11.110364+0300 INFO, {'price_standart': 1400, 'price_express': 1640.0, 'convert_price': 600, 'inter_terminal': 800, 'price_to_address': 300, 'price_from_address': 300, 'times': {'term_standart_from': 1, 'term_standart_to': 2, 'term_express_from': 1, 'term_express_to': 1}} has been sent to frontend
2021-09-13T10:13:06.425444+0300 INFO, {'price_standart': 1400, 'price_express': 1640.0, 'convert_price': 600, 'inter_terminal': 800, 'price_to_address': 300, 'price_from_address': 300, 'times': {'term_standart_from': 1, 'term_standart_to': 2, 'term_express_from': 1, 'term_express_to': 1}} has been sent to frontend
2021-09-13T10:14:56.608695+0300 INFO, {'price_standart': 1400, 'price_express': 1640.0, 'convert_price': 600, 'inter_terminal': 800, 'price_to_address': 300, 'price_from_address': 300, 'times': {'term_standart_from': 1, 'term_standart_to': 2, 'term_express_from': 1, 'term_express_to': 1}} has been sent to frontend
2021-09-13T10:15:29.221692+0300 INFO, {'price_standart': 1400, 'price_express': 1640.0, 'convert_price': 600, 'inter_terminal': 800, 'price_to_address': 300, 'price_from_address': 300, 'times': {'term_standart_from': 1, 'term_standart_to': 2, 'term_express_from': 1, 'term_express_to': 1}} has been sent to frontend
2021-09-13T10:15:53.454672+0300 INFO, {'price_standart': 1100, 'price_express': 1340.0, 'convert_price': 600, 'inter_terminal': 800, 'price_to_address': 300, 'price_from_address': False, 'times': {'term_standart_from': 1, 'term_standart_to': 2, 'term_express_from': 1, 'term_express_to': 1}} has been sent to frontend
2021-09-13T10:17:15.308033+0300 INFO, {'price_standart': 1400, 'price_express': 1640.0, 'convert_price': 600, 'inter_terminal': 800, 'price_to_address': 300, 'price_from_address': 300, 'times': {'term_standart_from': 1, 'term_standart_to': 2, 'term_express_from': 1, 'term_express_to': 1}} has been sent to frontend
2021-09-13T10:17:34.333725+0300 INFO, {'price_standart': 1400, 'price_express': 1640.0, 'convert_price': 600, 'inter_terminal': 800, 'price_to_address': 300, 'price_from_address': 300, 'times': {'term_standart_from': 1, 'term_standart_to': 2, 'term_express_from': 1, 'term_express_to': 1}} has been sent to frontend
2021-09-13T10:18:00.176018+0300 INFO, {'price_standart': 1100, 'price_express': 1340.0, 'convert_price': 600, 'inter_terminal': 800, 'price_to_address': False, 'price_from_address': 300, 'times': {'term_standart_from': 1, 'term_standart_to': 2, 'term_express_from': 1, 'term_express_to': 1}} has been sent to frontend
2021-09-13T10:24:38.212305+0300 INFO, {'price_standart': 800, 'price_express': 1040.0, 'convert_price': 600, 'inter_terminal': 800, 'price_to_address': False, 'price_from_address': False, 'times': {'term_standart_from': 1, 'term_standart_to': 2, 'term_express_from': 1, 'term_express_to': 1}} has been sent to frontend
2021-09-13T10:24:44.069807+0300 INFO, {'price_standart': 800, 'price_express': 1040.0, 'convert_price': 600, 'inter_terminal': 800, 'price_to_address': False, 'price_from_address': False, 'times': {'term_standart_from': 1, 'term_standart_to': 2, 'term_express_from': 1, 'term_express_to': 1}} has been sent to frontend
2021-09-13T10:27:41.529659+0300 INFO, {'price_standart': 800, 'price_express': 1040.0, 'convert_price': 600, 'inter_terminal': 800, 'price_to_address': False, 'price_from_address': False, 'times': {'term_standart_from': 1, 'term_standart_to': 2, 'term_express_from': 1, 'term_express_to': 1}} has been sent to frontend
2021-09-13T10:28:10.311850+0300 INFO, {'price_standart': 800, 'price_express': 1040.0, 'convert_price': 600, 'inter_terminal': 800, 'price_to_address': False, 'price_from_address': False, 'times': {'term_standart_from': 1, 'term_standart_to': 2, 'term_express_from': 1, 'term_express_to': 1}} has been sent to frontend
2021-09-13T10:28:13.275837+0300 INFO, {'price_standart': 800, 'price_express': 1040.0, 'convert_price': 600, 'inter_terminal': 800, 'price_to_address': False, 'price_from_address': False, 'times': {'term_standart_from': 1, 'term_standart_to': 2, 'term_express_from': 1, 'term_express_to': 1}} has been sent to frontend
2021-09-13T10:47:45.494377+0300 INFO, {'price_standart': 800, 'price_express': 1040.0, 'convert_price': 600, 'inter_terminal': 800, 'price_to_address': False, 'price_from_address': False, 'times': {'term_standart_from': 1, 'term_standart_to': 2, 'term_express_from': 1, 'term_express_to': 1}} has been sent to frontend
2021-09-13T10:49:36.609509+0300 INFO, {'price_standart': 800, 'price_express': 1040.0, 'convert_price': 600, 'inter_terminal': 800, 'price_to_address': False, 'price_from_address': False, 'times': {'term_standart_from': 1, 'term_standart_to': 2, 'term_express_from': 1, 'term_express_to': 1}} has been sent to frontend
2021-09-13T10:49:39.564027+0300 INFO, {'price_standart': 800, 'price_express': 1040.0, 'convert_price': 600, 'inter_terminal': 800, 'price_to_address': False, 'price_from_address': False, 'times': {'term_standart_from': 1, 'term_standart_to': 2, 'term_express_from': 1, 'term_express_to': 1}} has been sent to frontend
2021-09-13T10:50:45.783655+0300 INFO, {'price_standart': 800, 'price_express': 1040.0, 'convert_price': 600, 'inter_terminal': 800, 'price_to_address': False, 'price_from_address': False, 'times': {'term_standart_from': 1, 'term_standart_to': 2, 'term_express_from': 1, 'term_express_to': 1}} has been sent to frontend
2021-09-13T11:02:06.811029+0300 INFO, {'price_standart': 800, 'price_express': 1040.0, 'convert_price': 600, 'inter_terminal': 800, 'price_to_address': False, 'price_from_address': False, 'times': {'term_standart_from': 1, 'term_standart_to': 2, 'term_express_from': 1, 'term_express_to': 1}} has been sent to frontend
2021-09-13T11:02:34.023473+0300 INFO, {'price_standart': 800, 'price_express': 1040.0, 'convert_price': 600, 'inter_terminal': 800, 'price_to_address': False, 'price_from_address': False, 'times': {'term_standart_from': 1, 'term_standart_to': 2, 'term_express_from': 1, 'term_express_to': 1}} has been sent to frontend
2021-09-13T11:03:18.513687+0300 INFO, {'price_standart': 800, 'price_express': 1040.0, 'convert_price': 600, 'inter_terminal': 800, 'price_to_address': False, 'price_from_address': False, 'times': {'term_standart_from': 1, 'term_standart_to': 2, 'term_express_from': 1, 'term_express_to': 1}} has been sent to frontend
2021-09-13T11:07:06.902377+0300 INFO, {'price_standart': 800, 'price_express': 1040.0, 'convert_price': 600, 'inter_terminal': 800, 'price_to_address': False, 'price_from_address': False, 'times': {'term_standart_from': 1, 'term_standart_to': 2, 'term_express_from': 1, 'term_express_to': 1}} has been sent to frontend
2021-09-13T11:11:11.330624+0300 INFO, {'price_standart': 800, 'price_express': 1040.0, 'convert_price': 600, 'inter_terminal': 800, 'price_to_address': False, 'price_from_address': False, 'times': {'term_standart_from': 1, 'term_standart_to': 2, 'term_express_from': 1, 'term_express_to': 1}} has been sent to frontend
2021-09-13T13:36:25.809509+0300 INFO, {'price_standart': 800, 'price_express': 1040.0, 'convert_price': 600, 'inter_terminal': 800, 'price_to_address': False, 'price_from_address': False, 'times': {'term_standart_from': 1, 'term_standart_to': 2, 'term_express_from': 1, 'term_express_to': 1}} has been sent to frontend
2021-09-13T13:37:06.063608+0300 INFO, {'price_standart': 800, 'price_express': 1040.0, 'convert_price': 600, 'inter_terminal': 800, 'price_to_address': False, 'price_from_address': False, 'times': {'term_standart_from': 1, 'term_standart_to': 2, 'term_express_from': 1, 'term_express_to': 1}} has been sent to frontend
2021-09-13T13:37:26.958475+0300 INFO, {'price_standart': 800, 'price_express': 1040.0, 'convert_price': 600, 'inter_terminal': 800, 'price_to_address': False, 'price_from_address': False, 'times': {'term_standart_from': 1, 'term_standart_to': 2, 'term_express_from': 1, 'term_express_to': 1}} has been sent to frontend
2021-09-13T13:37:49.860179+0300 INFO, {'price_standart': 1100, 'price_express': 1340.0, 'convert_price': 600, 'inter_terminal': 800, 'price_to_address': False, 'price_from_address': 300, 'times': {'term_standart_from': 1, 'term_standart_to': 2, 'term_express_from': 1, 'term_express_to': 1}} has been sent to frontend
2021-09-13T13:38:15.287262+0300 INFO, {'price_standart': 800, 'price_express': 1040.0, 'convert_price': 600, 'inter_terminal': 800, 'price_to_address': False, 'price_from_address': False, 'times': {'term_standart_from': 1, 'term_standart_to': 2, 'term_express_from': 1, 'term_express_to': 1}} has been sent to frontend
2021-09-13T13:38:18.191053+0300 INFO, {'price_standart': 800, 'price_express': 1040.0, 'convert_price': 600, 'inter_terminal': 800, 'price_to_address': False, 'price_from_address': False, 'times': {'term_standart_from': 1, 'term_standart_to': 2, 'term_express_from': 1, 'term_express_to': 1}} has been sent to frontend
2021-09-13T13:51:50.388385+0300 INFO, {'price_standart': 800, 'price_express': 1040.0, 'convert_price': 600, 'inter_terminal': 800, 'price_to_address': False, 'price_from_address': False, 'times': {'term_standart_from': 1, 'term_standart_to': 2, 'term_express_from': 1, 'term_express_to': 1}} has been sent to frontend
2021-09-13T13:52:05.525113+0300 INFO, {'price_standart': 800, 'price_express': 1040.0, 'convert_price': 600, 'inter_terminal': 800, 'price_to_address': False, 'price_from_address': False, 'times': {'term_standart_from': 1, 'term_standart_to': 2, 'term_express_from': 1, 'term_express_to': 1}} has been sent to frontend
2021-09-13T13:55:44.156795+0300 INFO, {'price_standart': 800, 'price_express': 1040.0, 'convert_price': 600, 'inter_terminal': 800, 'price_to_address': False, 'price_from_address': False, 'times': {'term_standart_from': 1, 'term_standart_to': 2, 'term_express_from': 1, 'term_express_to': 1}} has been sent to frontend
2021-09-13T14:08:29.988226+0300 INFO, {'price_standart': 500, 'price_express': 650.0, 'convert_price': 600, 'inter_terminal': 500, 'price_to_address': False, 'price_from_address': False, 'times': {'term_standart_from': 1, 'term_standart_to': 2, 'term_express_from': 1, 'term_express_to': 1}} has been sent to frontend
2021-09-13T14:09:10.246295+0300 INFO, {'price_standart': 800, 'price_express': 1040.0, 'convert_price': 600, 'inter_terminal': 800, 'price_to_address': False, 'price_from_address': False, 'times': {'term_standart_from': 1, 'term_standart_to': 2, 'term_express_from': 1, 'term_express_to': 1}} has been sent to frontend
2021-09-13T14:09:14.663034+0300 INFO, {'price_standart': 500, 'price_express': 650.0, 'convert_price': 600, 'inter_terminal': 500, 'price_to_address': False, 'price_from_address': False, 'times': {'term_standart_from': 1, 'term_standart_to': 2, 'term_express_from': 1, 'term_express_to': 1}} has been sent to frontend
2021-09-13T14:34:33.750052+0300 INFO, {'price_standart': 500, 'price_express': 650.0, 'convert_price': 600, 'inter_terminal': 500, 'price_to_address': False, 'price_from_address': False, 'times': {'term_standart_from': 1, 'term_standart_to': 2, 'term_express_from': 1, 'term_express_to': 1}} has been sent to frontend
2021-09-13T14:38:56.232351+0300 INFO, {'price_standart': 500, 'price_express': 650.0, 'convert_price': 600, 'inter_terminal': 500, 'price_to_address': False, 'price_from_address': False, 'times': {'term_standart_from': 1, 'term_standart_to': 2, 'term_express_from': 1, 'term_express_to': 1}} has been sent to frontend
2021-09-13T14:49:48.035100+0300 INFO, {'price_standart': 500, 'price_express': 650.0, 'convert_price': 600, 'inter_terminal': 500, 'price_to_address': False, 'price_from_address': False, 'times': {'term_standart_from': 1, 'term_standart_to': 2, 'term_express_from': 1, 'term_express_to': 1}} has been sent to frontend
2021-09-13T15:35:03.014499+0300 INFO, {'price_standart': 500, 'price_express': 650.0, 'convert_price': 600, 'inter_terminal': 500, 'price_to_address': False, 'price_from_address': False, 'times': {'term_standart_from': 1, 'term_standart_to': 2, 'term_express_from': 1, 'term_express_to': 1}} has been sent to frontend
2021-09-13T15:38:47.304000+0300 INFO, {'price_standart': 500, 'price_express': 650.0, 'convert_price': 600, 'inter_terminal': 500, 'price_to_address': False, 'price_from_address': False, 'times': {'term_standart_from': 1, 'term_standart_to': 2, 'term_express_from': 1, 'term_express_to': 1}} has been sent to frontend
2021-09-13T15:54:51.803386+0300 INFO, {'price_standart': 500, 'price_express': 650.0, 'convert_price': 600, 'inter_terminal': 500, 'price_to_address': False, 'price_from_address': False, 'times': {'term_standart_from': 1, 'term_standart_to': 2, 'term_express_from': 1, 'term_express_to': 1}} has been sent to frontend
2021-09-13T15:55:24.132784+0300 INFO, {'price_standart': 500, 'price_express': 650.0, 'convert_price': 600, 'inter_terminal': 500, 'price_to_address': False, 'price_from_address': False, 'times': {'term_standart_from': 1, 'term_standart_to': 2, 'term_express_from': 1, 'term_express_to': 1}} has been sent to frontend
2021-09-13T15:57:36.827669+0300 INFO, {'price_standart': 500, 'price_express': 650.0, 'convert_price': 600, 'inter_terminal': 500, 'price_to_address': False, 'price_from_address': False, 'times': {'term_standart_from': 1, 'term_standart_to': 2, 'term_express_from': 1, 'term_express_to': 1}} has been sent to frontend
2021-09-13T16:01:42.724328+0300 INFO, {'price_standart': 500, 'price_express': 650.0, 'convert_price': 600, 'inter_terminal': 500, 'price_to_address': False, 'price_from_address': False, 'times': {'term_standart_from': 1, 'term_standart_to': 2, 'term_express_from': 1, 'term_express_to': 1}} has been sent to frontend
2021-09-13T16:12:47.723765+0300 INFO, {'price_standart': 500, 'price_express': 650.0, 'convert_price': 600, 'inter_terminal': 500, 'price_to_address': False, 'price_from_address': False, 'times': {'term_standart_from': 1, 'term_standart_to': 2, 'term_express_from': 1, 'term_express_to': 1}} has been sent to frontend
2021-09-13T16:12:47.975088+0300 INFO, {'price_standart': 500, 'price_express': 650.0, 'convert_price': 600, 'inter_terminal': 500, 'price_to_address': False, 'price_from_address': False, 'times': {'term_standart_from': 1, 'term_standart_to': 2, 'term_express_from': 1, 'term_express_to': 1}} has been sent to frontend
2021-09-13T16:12:47.981076+0300 INFO, {'price_standart': 500, 'price_express': 650.0, 'convert_price': 600, 'inter_terminal': 500, 'price_to_address': False, 'price_from_address': False, 'times': {'term_standart_from': 1, 'term_standart_to': 2, 'term_express_from': 1, 'term_express_to': 1}} has been sent to frontend
2021-09-13T16:21:25.154367+0300 INFO, {'price_standart': 500, 'price_express': 650.0, 'convert_price': 600, 'inter_terminal': 500, 'price_to_address': False, 'price_from_address': False, 'times': {'term_standart_from': 1, 'term_standart_to': 2, 'term_express_from': 1, 'term_express_to': 1}} has been sent to frontend
2021-09-13T16:21:25.339872+0300 INFO, {'price_standart': 500, 'price_express': 650.0, 'convert_price': 600, 'inter_terminal': 500, 'price_to_address': False, 'price_from_address': False, 'times': {'term_standart_from': 1, 'term_standart_to': 2, 'term_express_from': 1, 'term_express_to': 1}} has been sent to frontend
2021-09-13T16:21:25.444590+0300 INFO, {'price_standart': 500, 'price_express': 650.0, 'convert_price': 600, 'inter_terminal': 500, 'price_to_address': False, 'price_from_address': False, 'times': {'term_standart_from': 1, 'term_standart_to': 2, 'term_express_from': 1, 'term_express_to': 1}} has been sent to frontend
2021-09-13T16:42:00.038984+0300 INFO, {'price_standart': 500, 'price_express': 650.0, 'convert_price': 600, 'inter_terminal': 500, 'price_to_address': False, 'price_from_address': False, 'times': {'term_standart_from': 1, 'term_standart_to': 2, 'term_express_from': 1, 'term_express_to': 1}} has been sent to frontend
2021-09-13T16:43:03.706495+0300 INFO, {'price_standart': 500, 'price_express': 650.0, 'convert_price': 600, 'inter_terminal': 500, 'price_to_address': False, 'price_from_address': False, 'times': {'term_standart_from': 1, 'term_standart_to': 2, 'term_express_from': 1, 'term_express_to': 1}} has been sent to frontend
2021-09-13T16:47:53.757010+0300 INFO, {'price_standart': 500, 'price_express': 650.0, 'convert_price': 600, 'inter_terminal': 500, 'price_to_address': False, 'price_from_address': False, 'times': {'term_standart_from': 1, 'term_standart_to': 2, 'term_express_from': 1, 'term_express_to': 1}} has been sent to frontend
2021-09-13T16:52:44.109695+0300 INFO, {'price_standart': 500, 'price_express': 650.0, 'convert_price': 600, 'inter_terminal': 500, 'price_to_address': False, 'price_from_address': False, 'times': {'term_standart_from': 1, 'term_standart_to': 2, 'term_express_from': 1, 'term_express_to': 1}} has been sent to frontend
2021-09-13T16:53:29.347245+0300 INFO, {'price_standart': 500, 'price_express': 650.0, 'convert_price': 600, 'inter_terminal': 500, 'price_to_address': False, 'price_from_address': False, 'times': {'term_standart_from': 1, 'term_standart_to': 2, 'term_express_from': 1, 'term_express_to': 1}} has been sent to frontend
2021-09-14T09:35:53.585947+0300 INFO, {'price_standart': 500, 'price_express': 650.0, 'convert_price': 600, 'inter_terminal': 500, 'price_to_address': False, 'price_from_address': False, 'times': {'term_standart_from': 1, 'term_standart_to': 2, 'term_express_from': 1, 'term_express_to': 1}} has been sent to frontend
2021-09-14T09:36:49.467351+0300 INFO, {'price_standart': 500, 'price_express': 650.0, 'convert_price': 600, 'inter_terminal': 500, 'price_to_address': False, 'price_from_address': False, 'times': {'term_standart_from': 1, 'term_standart_to': 2, 'term_express_from': 1, 'term_express_to': 1}} has been sent to frontend
2021-09-14T09:47:22.515119+0300 INFO, {'price_standart': 500, 'price_express': 650.0, 'convert_price': 600, 'inter_terminal': 500, 'price_to_address': False, 'price_from_address': False, 'times': {'term_standart_from': 1, 'term_standart_to': 2, 'term_express_from': 1, 'term_express_to': 1}} has been sent to frontend
2021-09-14T09:47:43.490018+0300 INFO, {'price_standart': 500, 'price_express': 650.0, 'convert_price': 600, 'inter_terminal': 500, 'price_to_address': False, 'price_from_address': False, 'times': {'term_standart_from': 1, 'term_standart_to': 2, 'term_express_from': 1, 'term_express_to': 1}} has been sent to frontend
2021-09-14T09:50:36.573570+0300 INFO, {'price_standart': 500, 'price_express': 650.0, 'convert_price': 600, 'inter_terminal': 500, 'price_to_address': False, 'price_from_address': False, 'times': {'term_standart_from': 1, 'term_standart_to': 2, 'term_express_from': 1, 'term_express_to': 1}} has been sent to frontend
2021-09-14T09:50:49.614459+0300 INFO, {'price_standart': 500, 'price_express': 650.0, 'convert_price': 600, 'inter_terminal': 500, 'price_to_address': False, 'price_from_address': False, 'times': {'term_standart_from': 1, 'term_standart_to': 2, 'term_express_from': 1, 'term_express_to': 1}} has been sent to frontend
2021-09-14T09:52:00.185580+0300 INFO, {'price_standart': 500, 'price_express': 650.0, 'convert_price': 600, 'inter_terminal': 500, 'price_to_address': False, 'price_from_address': False, 'times': {'term_standart_from': 1, 'term_standart_to': 2, 'term_express_from': 1, 'term_express_to': 1}} has been sent to frontend
2021-09-14T09:52:12.889936+0300 INFO, {'price_standart': 600, 'price_express': 750.0, 'convert_price': 600, 'inter_terminal': 500, 'price_to_address': 100, 'price_from_address': False, 'times': {'term_standart_from': 1, 'term_standart_to': 2, 'term_express_from': 1, 'term_express_to': 1}} has been sent to frontend
2021-09-14T09:52:14.343366+0300 INFO, {'price_standart': 700, 'price_express': 850.0, 'convert_price': 600, 'inter_terminal': 500, 'price_to_address': 100, 'price_from_address': 100, 'times': {'term_standart_from': 1, 'term_standart_to': 2, 'term_express_from': 1, 'term_express_to': 1}} has been sent to frontend
2021-09-14T09:52:21.478076+0300 INFO, {'price_standart': 700, 'price_express': 850.0, 'convert_price': 600, 'inter_terminal': 500, 'price_to_address': 100, 'price_from_address': 100, 'times': {'term_standart_from': 1, 'term_standart_to': 2, 'term_express_from': 1, 'term_express_to': 1}} has been sent to frontend
2021-09-14T09:52:21.609144+0300 INFO, {'price_standart': 1400, 'price_express': 1640.0, 'convert_price': 600, 'inter_terminal': 800, 'price_to_address': 300, 'price_from_address': 300, 'times': {'term_standart_from': 1, 'term_standart_to': 2, 'term_express_from': 1, 'term_express_to': 1}} has been sent to frontend
2021-09-14T10:01:09.687795+0300 INFO, {'price_standart': 500, 'price_express': 650.0, 'convert_price': 600, 'inter_terminal': 500, 'price_to_address': False, 'price_from_address': False, 'times': {'term_standart_from': 1, 'term_standart_to': 2, 'term_express_from': 1, 'term_express_to': 1}} has been sent to frontend
2021-09-14T10:01:15.889173+0300 INFO, {'price_standart': 500, 'price_express': 650.0, 'convert_price': 600, 'inter_terminal': 500, 'price_to_address': False, 'price_from_address': False, 'times': {'term_standart_from': 1, 'term_standart_to': 2, 'term_express_from': 1, 'term_express_to': 1}} has been sent to frontend
2021-09-14T10:04:36.269022+0300 INFO, {'price_standart': 500, 'price_express': 650.0, 'convert_price': 600, 'inter_terminal': 500, 'price_to_address': False, 'price_from_address': False, 'times': {'term_standart_from': 1, 'term_standart_to': 2, 'term_express_from': 1, 'term_express_to': 1}} has been sent to frontend
2021-09-14T10:05:18.692875+0300 INFO, {'price_standart': 500, 'price_express': 650.0, 'convert_price': 600, 'inter_terminal': 500, 'price_to_address': False, 'price_from_address': False, 'times': {'term_standart_from': 1, 'term_standart_to': 2, 'term_express_from': 1, 'term_express_to': 1}} has been sent to frontend
2021-09-14T10:08:39.952742+0300 INFO, {'price_standart': 500, 'price_express': 650.0, 'convert_price': 600, 'inter_terminal': 500, 'price_to_address': False, 'price_from_address': False, 'times': {'term_standart_from': 1, 'term_standart_to': 2, 'term_express_from': 1, 'term_express_to': 1}} has been sent to frontend
2021-09-14T10:09:22.507982+0300 INFO, {'price_standart': 500, 'price_express': 650.0, 'convert_price': 600, 'inter_terminal': 500, 'price_to_address': False, 'price_from_address': False, 'times': {'term_standart_from': 1, 'term_standart_to': 2, 'term_express_from': 1, 'term_express_to': 1}} has been sent to frontend
2021-09-14T10:13:34.732190+0300 INFO, {'price_standart': 500, 'price_express': 650.0, 'convert_price': 600, 'inter_terminal': 500, 'price_to_address': False, 'price_from_address': False, 'times': {'term_standart_from': 1, 'term_standart_to': 2, 'term_express_from': 1, 'term_express_to': 1}} has been sent to frontend
2021-09-14T10:14:13.630447+0300 INFO, {'price_standart': 500, 'price_express': 650.0, 'convert_price': 600, 'inter_terminal': 500, 'price_to_address': False, 'price_from_address': False, 'times': {'term_standart_from': 1, 'term_standart_to': 2, 'term_express_from': 1, 'term_express_to': 1}} has been sent to frontend
2021-09-14T10:15:23.065163+0300 INFO, {'price_standart': 500, 'price_express': 650.0, 'convert_price': 600, 'inter_terminal': 500, 'price_to_address': False, 'price_from_address': False, 'times': {'term_standart_from': 1, 'term_standart_to': 2, 'term_express_from': 1, 'term_express_to': 1}} has been sent to frontend
2021-09-14T10:15:53.709525+0300 INFO, {'price_standart': 500, 'price_express': 650.0, 'convert_price': 600, 'inter_terminal': 500, 'price_to_address': False, 'price_from_address': False, 'times': {'term_standart_from': 1, 'term_standart_to': 2, 'term_express_from': 1, 'term_express_to': 1}} has been sent to frontend
