2021-08-30T17:43:57.540933+0300 INFO, form has been sent
2021-08-30T17:44:34.908118+0300 INFO, form has been sent
2021-08-30T17:45:08.401486+0300 INFO, form has been sent
2021-08-30T17:46:02.826516+0300 INFO, form has been sent
2021-08-30T17:47:26.396054+0300 INFO, form has been sent
2021-08-30T17:48:11.208793+0300 INFO, form has been sent
2021-08-30T17:48:26.231369+0300 INFO, form has been sent
2021-08-30T17:48:37.415365+0300 INFO, form has been sent
2021-08-30T17:51:07.874024+0300 INFO, form has been sent
2021-08-30T17:53:33.339035+0300 INFO, form has been sent
2021-08-30T17:53:58.568464+0300 INFO, form has been sent
2021-08-30T17:54:26.175755+0300 INFO, {'price_standart': 0, 'price_express': 0, 'convert_price': 0, 'inter_terminal': 0, 'price_to_address': 0, 'price_from_address': 0, 'times': False} has been sent to frontend
2021-08-30T17:54:34.941795+0300 INFO, {'price_standart': 0, 'price_express': 0, 'convert_price': 0, 'inter_terminal': 0, 'price_to_address': 0, 'price_from_address': 0, 'times': False} has been sent to frontend
2021-08-30T17:54:39.435103+0300 INFO, {'price_standart': 0, 'price_express': 0, 'convert_price': 0, 'inter_terminal': 0, 'price_to_address': 0, 'price_from_address': 0, 'times': {'term_standart_from': 1, 'term_standart_to': 3, 'term_express_from': 1, 'term_express_to': 1}} has been sent to frontend
2021-08-30T17:54:47.566221+0300 INFO, {'price_standart': 0, 'price_express': 0, 'convert_price': 0, 'inter_terminal': 0, 'price_to_address': 0, 'price_from_address': 0, 'times': False} has been sent to frontend
2021-08-30T17:54:49.626790+0300 INFO, {'price_standart': 234, 'price_express': 303.0, 'convert_price': 500, 'inter_terminal': 230, 'price_to_address': 3, 'price_from_address': 1, 'times': {'term_standart_from': 1, 'term_standart_to': 3, 'term_express_from': 1, 'term_express_to': 1}} has been sent to frontend
2021-08-30T17:56:28.664909+0300 INFO, form has been sent
2021-08-31T09:03:48.401936+0300 INFO, {'price_standart': 234, 'price_express': 303.0, 'convert_price': 500, 'inter_terminal': 230, 'price_to_address': 3, 'price_from_address': 1, 'times': {'term_standart_from': 1, 'term_standart_to': 3, 'term_express_from': 1, 'term_express_to': 1}} has been sent to frontend
2021-08-31T09:04:04.878441+0300 INFO, {'price_standart': 233, 'price_express': 302.0, 'convert_price': 500, 'inter_terminal': 230, 'price_to_address': 3, 'price_from_address': False, 'times': {'term_standart_from': 1, 'term_standart_to': 3, 'term_express_from': 1, 'term_express_to': 1}} has been sent to frontend
2021-08-31T09:04:08.905805+0300 INFO, {'price_standart': 230, 'price_express': 299.0, 'convert_price': 500, 'inter_terminal': 230, 'price_to_address': False, 'price_from_address': False, 'times': {'term_standart_from': 1, 'term_standart_to': 3, 'term_express_from': 1, 'term_express_to': 1}} has been sent to frontend
2021-08-31T09:04:22.970623+0300 INFO, form has been sent
2021-08-31T09:06:45.023503+0300 INFO, form has been sent
2021-08-31T09:07:00.203249+0300 INFO, form has been sent
2021-08-31T09:08:00.702690+0300 INFO, form has been sent
2021-08-31T09:11:26.708542+0300 INFO, form has been sent
2021-08-31T09:11:55.865839+0300 INFO, form has been sent
2021-08-31T09:15:44.674109+0300 INFO, form has been sent
2021-08-31T09:16:16.388357+0300 INFO, form has been sent
2021-08-31T09:16:27.057056+0300 INFO, form has been sent
2021-08-31T09:30:46.686790+0300 INFO, form has been sent
2021-08-31T09:31:47.361225+0300 INFO, form has been sent
2021-08-31T09:32:01.914928+0300 INFO, form has been sent
2021-08-31T09:35:35.848430+0300 INFO, form has been sent
2021-08-31T09:35:54.988986+0300 INFO, form has been sent
2021-08-31T09:36:42.735999+0300 INFO, form has been sent
2021-08-31T09:37:42.401404+0300 INFO, form has been sent
2021-08-31T09:43:40.672907+0300 INFO, {'price_standart': 234, 'price_express': 303.0, 'convert_price': 500, 'inter_terminal': 230, 'price_to_address': 3, 'price_from_address': 1, 'times': {'term_standart_from': 1, 'term_standart_to': 3, 'term_express_from': 1, 'term_express_to': 1}} has been sent to frontend
2021-08-31T09:44:19.567764+0300 INFO, form has been sent
2021-08-31T09:44:21.857317+0300 INFO, {'price_standart': 234, 'price_express': 303.0, 'convert_price': 500, 'inter_terminal': 230, 'price_to_address': 3, 'price_from_address': 1, 'times': {'term_standart_from': 1, 'term_standart_to': 3, 'term_express_from': 1, 'term_express_to': 1}} has been sent to frontend
2021-08-31T09:58:26.036047+0300 INFO, form has been sent
2021-08-31T09:58:28.034707+0300 INFO, {'price_standart': 234, 'price_express': 303.0, 'convert_price': 500, 'inter_terminal': 230, 'price_to_address': 3, 'price_from_address': 1, 'times': {'term_standart_from': 1, 'term_standart_to': 3, 'term_express_from': 1, 'term_express_to': 1}} has been sent to frontend
2021-08-31T09:58:30.018720+0300 ERROR, form errors
2021-08-31T09:58:30.025703+0300 INFO, form has been sent
2021-08-31T09:59:13.366659+0300 INFO, form has been sent
2021-08-31T09:59:19.483722+0300 INFO, {'price_standart': 234, 'price_express': 303.0, 'convert_price': 500, 'inter_terminal': 230, 'price_to_address': 3, 'price_from_address': 1, 'times': {'term_standart_from': 1, 'term_standart_to': 3, 'term_express_from': 1, 'term_express_to': 1}} has been sent to frontend
2021-08-31T09:59:25.494583+0300 ERROR, form errors
2021-08-31T09:59:25.497574+0300 INFO, form has been sent
2021-08-31T10:01:57.696435+0300 ERROR, form errors
2021-08-31T10:02:38.977666+0300 ERROR, form errors
2021-08-31T10:03:43.837420+0300 INFO, {'price_standart': 234, 'price_express': 303.0, 'convert_price': 500, 'inter_terminal': 230, 'price_to_address': 3, 'price_from_address': 1, 'times': {'term_standart_from': 1, 'term_standart_to': 3, 'term_express_from': 1, 'term_express_to': 1}} has been sent to frontend
2021-08-31T10:03:49.593460+0300 ERROR, form errors
2021-08-31T10:05:05.245562+0300 ERROR, form errors
2021-08-31T10:05:48.478534+0300 INFO, {'price_standart': 234, 'price_express': 303.0, 'convert_price': 500, 'inter_terminal': 230, 'price_to_address': 3, 'price_from_address': 1, 'times': {'term_standart_from': 1, 'term_standart_to': 3, 'term_express_from': 1, 'term_express_to': 1}} has been sent to frontend
2021-08-31T10:05:56.220137+0300 ERROR, form errors
2021-08-31T10:10:49.682980+0300 INFO, form has been sent
2021-08-31T10:12:56.767473+0300 INFO, {'price_standart': 234, 'price_express': 303.0, 'convert_price': 500, 'inter_terminal': 230, 'price_to_address': 3, 'price_from_address': 1, 'times': {'term_standart_from': 1, 'term_standart_to': 3, 'term_express_from': 1, 'term_express_to': 1}} has been sent to frontend
2021-08-31T10:13:04.281334+0300 INFO, form has been sent
2021-08-31T10:15:59.766411+0300 INFO, {'price_standart': 234, 'price_express': 303.0, 'convert_price': 500, 'inter_terminal': 230, 'price_to_address': 3, 'price_from_address': 1, 'times': {'term_standart_from': 1, 'term_standart_to': 3, 'term_express_from': 1, 'term_express_to': 1}} has been sent to frontend
2021-08-31T10:16:04.998229+0300 INFO, form has been sent
2021-08-31T10:18:20.943048+0300 INFO, {'price_standart': 234, 'price_express': 303.0, 'convert_price': 500, 'inter_terminal': 230, 'price_to_address': 3, 'price_from_address': 1, 'times': {'term_standart_from': 1, 'term_standart_to': 3, 'term_express_from': 1, 'term_express_to': 1}} has been sent to frontend
2021-08-31T10:18:26.175698+0300 INFO, form has been sent
2021-08-31T10:40:29.471769+0300 INFO, {'price_standart': 234, 'price_express': 303.0, 'convert_price': 500, 'inter_terminal': 230, 'price_to_address': 3, 'price_from_address': 1, 'times': {'term_standart_from': 1, 'term_standart_to': 3, 'term_express_from': 1, 'term_express_to': 1}} has been sent to frontend
2021-08-31T10:40:34.453594+0300 INFO, form has been sent
2021-08-31T12:25:11.338026+0300 INFO, form has been sent
2021-08-31T12:30:05.470599+0300 ERROR, form errors
2021-08-31T12:30:31.651818+0300 ERROR, form errors
2021-08-31T12:30:51.027189+0300 ERROR, form errors
2021-08-31T12:35:05.113010+0300 INFO, form has been sent
2021-08-31T12:35:48.388313+0300 INFO, {'price_standart': 234, 'price_express': 303.0, 'convert_price': 500, 'inter_terminal': 230, 'price_to_address': 3, 'price_from_address': 1, 'times': {'term_standart_from': 1, 'term_standart_to': 3, 'term_express_from': 1, 'term_express_to': 1}} has been sent to frontend
2021-08-31T12:47:33.459296+0300 INFO, {'price_standart': 234, 'price_express': 303.0, 'convert_price': 500, 'inter_terminal': 230, 'price_to_address': 3, 'price_from_address': 1, 'times': {'term_standart_from': 1, 'term_standart_to': 3, 'term_express_from': 1, 'term_express_to': 1}} has been sent to frontend
2021-08-31T13:24:11.049973+0300 INFO, {'price_standart': 234, 'price_express': 303.0, 'convert_price': 500, 'inter_terminal': 230, 'price_to_address': 3, 'price_from_address': 1, 'times': {'term_standart_from': 1, 'term_standart_to': 3, 'term_express_from': 1, 'term_express_to': 1}} has been sent to frontend
2021-08-31T13:36:15.508518+0300 INFO, {'price_standart': 234, 'price_express': 303.0, 'convert_price': 500, 'inter_terminal': 230, 'price_to_address': 3, 'price_from_address': 1, 'times': {'term_standart_from': 1, 'term_standart_to': 3, 'term_express_from': 1, 'term_express_to': 1}} has been sent to frontend
2021-08-31T14:01:43.068166+0300 INFO, form has been sent
2021-08-31T15:32:18.715697+0300 INFO, form has been sent
2021-08-31T15:58:26.705676+0300 INFO, {'price_standart': 234, 'price_express': 303.0, 'convert_price': 500, 'inter_terminal': 230, 'price_to_address': 3, 'price_from_address': 1, 'times': {'term_standart_from': 1, 'term_standart_to': 3, 'term_express_from': 1, 'term_express_to': 1}} has been sent to frontend
2021-08-31T16:02:42.760335+0300 INFO, {'price_standart': 234, 'price_express': 303.0, 'convert_price': 500, 'inter_terminal': 230, 'price_to_address': 3, 'price_from_address': 1, 'times': {'term_standart_from': 1, 'term_standart_to': 3, 'term_express_from': 1, 'term_express_to': 1}} has been sent to frontend
2021-08-31T16:04:10.715402+0300 INFO, {'price_standart': 234, 'price_express': 303.0, 'convert_price': 500, 'inter_terminal': 230, 'price_to_address': 3, 'price_from_address': 1, 'times': {'term_standart_from': 1, 'term_standart_to': 3, 'term_express_from': 1, 'term_express_to': 1}} has been sent to frontend
2021-08-31T16:04:53.800975+0300 INFO, {'price_standart': 234, 'price_express': 303.0, 'convert_price': 500, 'inter_terminal': 230, 'price_to_address': 3, 'price_from_address': 1, 'times': {'term_standart_from': 1, 'term_standart_to': 3, 'term_express_from': 1, 'term_express_to': 1}} has been sent to frontend
2021-08-31T16:15:47.053133+0300 INFO, {'price_standart': 0, 'price_express': 0, 'convert_price': 0, 'inter_terminal': 0, 'price_to_address': 0, 'price_from_address': 0, 'times': {'term_standart_from': 1, 'term_standart_to': 3, 'term_express_from': 1, 'term_express_to': 1}} has been sent to frontend
2021-08-31T16:19:10.456779+0300 INFO, {'price_standart': 234, 'price_express': 303.0, 'convert_price': 500, 'inter_terminal': 230, 'price_to_address': 3, 'price_from_address': 1, 'times': {'term_standart_from': 1, 'term_standart_to': 3, 'term_express_from': 1, 'term_express_to': 1}} has been sent to frontend
2021-08-31T16:19:48.066834+0300 INFO, {'price_standart': 0, 'price_express': 0, 'convert_price': 0, 'inter_terminal': 0, 'price_to_address': 0, 'price_from_address': 0, 'times': {'term_standart_from': 1, 'term_standart_to': 3, 'term_express_from': 1, 'term_express_to': 1}} has been sent to frontend
2021-08-31T16:23:51.418059+0300 INFO, {'price_standart': 0, 'price_express': 0, 'convert_price': 0, 'inter_terminal': 0, 'price_to_address': 0, 'price_from_address': 0, 'times': {'term_standart_from': 1, 'term_standart_to': 3, 'term_express_from': 1, 'term_express_to': 1}} has been sent to frontend
2021-08-31T16:25:10.301191+0300 INFO, {'price_standart': 0, 'price_express': 0, 'convert_price': 0, 'inter_terminal': 0, 'price_to_address': 0, 'price_from_address': 0, 'times': {'term_standart_from': 1, 'term_standart_to': 3, 'term_express_from': 1, 'term_express_to': 1}} has been sent to frontend
2021-08-31T16:34:02.425525+0300 INFO, {'price_standart': 0, 'price_express': 0, 'convert_price': 0, 'inter_terminal': 0, 'price_to_address': 0, 'price_from_address': 0, 'times': {'term_standart_from': 1, 'term_standart_to': 3, 'term_express_from': 1, 'term_express_to': 1}} has been sent to frontend
2021-08-31T16:35:08.147861+0300 INFO, {'price_standart': 0, 'price_express': 0, 'convert_price': 0, 'inter_terminal': 0, 'price_to_address': 0, 'price_from_address': 0, 'times': {'term_standart_from': 1, 'term_standart_to': 3, 'term_express_from': 1, 'term_express_to': 1}} has been sent to frontend
2021-08-31T16:35:08.398072+0300 INFO, {'price_standart': 0, 'price_express': 0, 'convert_price': 0, 'inter_terminal': 0, 'price_to_address': 0, 'price_from_address': 0, 'times': {'term_standart_from': 1, 'term_standart_to': 3, 'term_express_from': 1, 'term_express_to': 1}} has been sent to frontend
2021-08-31T16:35:08.648510+0300 INFO, {'price_standart': 0, 'price_express': 0, 'convert_price': 0, 'inter_terminal': 0, 'price_to_address': 0, 'price_from_address': 0, 'times': {'term_standart_from': 1, 'term_standart_to': 3, 'term_express_from': 1, 'term_express_to': 1}} has been sent to frontend
2021-08-31T16:35:09.082367+0300 INFO, {'price_standart': 0, 'price_express': 0, 'convert_price': 0, 'inter_terminal': 0, 'price_to_address': 0, 'price_from_address': 0, 'times': {'term_standart_from': 1, 'term_standart_to': 3, 'term_express_from': 1, 'term_express_to': 1}} has been sent to frontend
2021-08-31T16:35:54.019098+0300 ERROR, form errors
2021-09-01T09:21:17.262515+0300 INFO, {'price_standart': 234, 'price_express': 303.0, 'convert_price': 500, 'inter_terminal': 230, 'price_to_address': 3, 'price_from_address': 1, 'times': {'term_standart_from': 1, 'term_standart_to': 3, 'term_express_from': 1, 'term_express_to': 1}} has been sent to frontend
2021-09-01T09:22:14.974427+0300 INFO, {'price_standart': 234, 'price_express': 303.0, 'convert_price': 500, 'inter_terminal': 230, 'price_to_address': 3, 'price_from_address': 1, 'times': {'term_standart_from': 1, 'term_standart_to': 3, 'term_express_from': 1, 'term_express_to': 1}} has been sent to frontend
2021-09-01T09:28:14.644844+0300 INFO, {'price_standart': 0, 'price_express': 0, 'convert_price': 0, 'inter_terminal': 0, 'price_to_address': 0, 'price_from_address': 0, 'times': False} has been sent to frontend
2021-09-01T09:28:25.031402+0300 INFO, {'price_standart': 234, 'price_express': 303.0, 'convert_price': 500, 'inter_terminal': 230, 'price_to_address': 3, 'price_from_address': 1, 'times': {'term_standart_from': 1, 'term_standart_to': 3, 'term_express_from': 1, 'term_express_to': 1}} has been sent to frontend
2021-09-01T09:32:29.482478+0300 INFO, {'price_standart': 234, 'price_express': 303.0, 'convert_price': 500, 'inter_terminal': 230, 'price_to_address': 3, 'price_from_address': 1, 'times': {'term_standart_from': 1, 'term_standart_to': 3, 'term_express_from': 1, 'term_express_to': 1}} has been sent to frontend
2021-09-01T09:34:27.475258+0300 INFO, {'price_standart': 0, 'price_express': 0, 'convert_price': 0, 'inter_terminal': 0, 'price_to_address': 0, 'price_from_address': 0, 'times': False} has been sent to frontend
2021-09-01T09:38:49.459460+0300 INFO, {'price_standart': 234, 'price_express': 303.0, 'convert_price': 500, 'inter_terminal': 230, 'price_to_address': 3, 'price_from_address': 1, 'times': {'term_standart_from': 1, 'term_standart_to': 3, 'term_express_from': 1, 'term_express_to': 1}} has been sent to frontend
2021-09-01T09:47:06.114920+0300 INFO, {'price_standart': 234, 'price_express': 303.0, 'convert_price': 500, 'inter_terminal': 230, 'price_to_address': 3, 'price_from_address': 1, 'times': {'term_standart_from': 1, 'term_standart_to': 3, 'term_express_from': 1, 'term_express_to': 1}} has been sent to frontend
2021-09-01T09:49:49.796985+0300 INFO, {'price_standart': 0, 'price_express': 0, 'convert_price': 0, 'inter_terminal': 0, 'price_to_address': 0, 'price_from_address': 0, 'times': {'term_standart_from': 1, 'term_standart_to': 3, 'term_express_from': 1, 'term_express_to': 1}} has been sent to frontend
2021-09-01T09:50:04.405191+0300 INFO, {'price_standart': 234, 'price_express': 303.0, 'convert_price': 500, 'inter_terminal': 230, 'price_to_address': 3, 'price_from_address': 1, 'times': {'term_standart_from': 1, 'term_standart_to': 3, 'term_express_from': 1, 'term_express_to': 1}} has been sent to frontend
2021-09-01T09:55:21.942285+0300 INFO, {'price_standart': 0, 'price_express': 0, 'convert_price': 0, 'inter_terminal': 0, 'price_to_address': 0, 'price_from_address': 0, 'times': {'term_standart_from': 1, 'term_standart_to': 3, 'term_express_from': 1, 'term_express_to': 1}} has been sent to frontend
2021-09-01T10:22:25.468955+0300 INFO, {'price_standart': 0, 'price_express': 0, 'convert_price': 0, 'inter_terminal': 0, 'price_to_address': 0, 'price_from_address': 0, 'times': {'term_standart_from': 1, 'term_standart_to': 3, 'term_express_from': 1, 'term_express_to': 1}} has been sent to frontend
2021-09-01T10:35:46.927474+0300 INFO, {'price_standart': 234, 'price_express': 303.0, 'convert_price': 500, 'inter_terminal': 230, 'price_to_address': 3, 'price_from_address': 1, 'times': {'term_standart_from': 1, 'term_standart_to': 3, 'term_express_from': 1, 'term_express_to': 1}} has been sent to frontend
2021-09-01T10:36:31.560866+0300 INFO, {'price_standart': 234, 'price_express': 303.0, 'convert_price': 500, 'inter_terminal': 230, 'price_to_address': 3, 'price_from_address': 1, 'times': {'term_standart_from': 1, 'term_standart_to': 3, 'term_express_from': 1, 'term_express_to': 1}} has been sent to frontend
2021-09-01T10:38:34.357985+0300 INFO, {'price_standart': 234, 'price_express': 303.0, 'convert_price': 500, 'inter_terminal': 230, 'price_to_address': 3, 'price_from_address': 1, 'times': {'term_standart_from': 1, 'term_standart_to': 3, 'term_express_from': 1, 'term_express_to': 1}} has been sent to frontend
2021-09-01T10:38:59.339597+0300 INFO, {'price_standart': 0, 'price_express': 0, 'convert_price': 0, 'inter_terminal': 0, 'price_to_address': 0, 'price_from_address': 0, 'times': False} has been sent to frontend
2021-09-01T10:49:24.117134+0300 INFO, {'price_standart': 234, 'price_express': 303.0, 'convert_price': 500, 'inter_terminal': 230, 'price_to_address': 3, 'price_from_address': 1, 'times': {'term_standart_from': 1, 'term_standart_to': 3, 'term_express_from': 1, 'term_express_to': 1}} has been sent to frontend
2021-09-01T11:00:01.781992+0300 INFO, {'price_standart': 234, 'price_express': 303.0, 'convert_price': 500, 'inter_terminal': 230, 'price_to_address': 3, 'price_from_address': 1, 'times': {'term_standart_from': 1, 'term_standart_to': 3, 'term_express_from': 1, 'term_express_to': 1}} has been sent to frontend
2021-09-01T11:00:05.263892+0300 INFO, {'price_standart': 234, 'price_express': 303.0, 'convert_price': 500, 'inter_terminal': 230, 'price_to_address': 3, 'price_from_address': 1, 'times': {'term_standart_from': 1, 'term_standart_to': 3, 'term_express_from': 1, 'term_express_to': 1}} has been sent to frontend
2021-09-01T11:00:06.018963+0300 INFO, {'price_standart': 234, 'price_express': 303.0, 'convert_price': 500, 'inter_terminal': 230, 'price_to_address': 3, 'price_from_address': 1, 'times': {'term_standart_from': 1, 'term_standart_to': 3, 'term_express_from': 1, 'term_express_to': 1}} has been sent to frontend
2021-09-01T11:00:06.113707+0300 INFO, {'price_standart': 704, 'price_express': 869.0, 'convert_price': 500, 'inter_terminal': 550, 'price_to_address': 99, 'price_from_address': 55, 'times': {'term_standart_from': 1, 'term_standart_to': 3, 'term_express_from': 1, 'term_express_to': 1}} has been sent to frontend
2021-09-01T11:07:05.843327+0300 INFO, {'price_standart': 0, 'price_express': 0, 'convert_price': 0, 'inter_terminal': 0, 'price_to_address': 0, 'price_from_address': 0, 'times': False} has been sent to frontend
2021-09-01T11:07:20.659331+0300 INFO, {'price_standart': 0, 'price_express': 0, 'convert_price': 0, 'inter_terminal': 0, 'price_to_address': 0, 'price_from_address': 0, 'times': False} has been sent to frontend
2021-09-01T11:07:21.734872+0300 INFO, {'price_standart': 0, 'price_express': 0, 'convert_price': 0, 'inter_terminal': 0, 'price_to_address': 0, 'price_from_address': 0, 'times': False} has been sent to frontend
2021-09-01T11:07:21.799240+0300 INFO, {'price_standart': 0, 'price_express': 0, 'convert_price': 0, 'inter_terminal': 0, 'price_to_address': 0, 'price_from_address': 0, 'times': False} has been sent to frontend
2021-09-01T11:12:28.383977+0300 INFO, {'price_standart': 234, 'price_express': 303.0, 'convert_price': 500, 'inter_terminal': 230, 'price_to_address': 3, 'price_from_address': 1, 'times': {'term_standart_from': 1, 'term_standart_to': 3, 'term_express_from': 1, 'term_express_to': 1}} has been sent to frontend
2021-09-01T11:12:30.987127+0300 INFO, {'price_standart': 234, 'price_express': 303.0, 'convert_price': 500, 'inter_terminal': 230, 'price_to_address': 3, 'price_from_address': 1, 'times': {'term_standart_from': 1, 'term_standart_to': 3, 'term_express_from': 1, 'term_express_to': 1}} has been sent to frontend
2021-09-01T11:12:31.612185+0300 INFO, {'price_standart': 704, 'price_express': 869.0, 'convert_price': 500, 'inter_terminal': 550, 'price_to_address': 99, 'price_from_address': 55, 'times': {'term_standart_from': 1, 'term_standart_to': 3, 'term_express_from': 1, 'term_express_to': 1}} has been sent to frontend
2021-09-01T11:12:31.722040+0300 INFO, {'price_standart': 1904, 'price_express': 2369.0, 'convert_price': 900, 'inter_terminal': 1550, 'price_to_address': 199, 'price_from_address': 155, 'times': {'term_standart_from': 1, 'term_standart_to': 3, 'term_express_from': 1, 'term_express_to': 1}} has been sent to frontend
2021-09-01T11:12:34.056872+0300 INFO, {'price_standart': 704, 'price_express': 869.0, 'convert_price': 500, 'inter_terminal': 550, 'price_to_address': 99, 'price_from_address': 55, 'times': {'term_standart_from': 1, 'term_standart_to': 3, 'term_express_from': 1, 'term_express_to': 1}} has been sent to frontend
2021-09-01T12:28:15.240674+0300 INFO, {'price_standart': 234, 'price_express': 303.0, 'convert_price': 500, 'inter_terminal': 230, 'price_to_address': 3, 'price_from_address': 1, 'times': {'term_standart_from': 1, 'term_standart_to': 3, 'term_express_from': 1, 'term_express_to': 1}} has been sent to frontend
2021-09-01T12:28:23.777884+0300 INFO, {'price_standart': 234, 'price_express': 303.0, 'convert_price': 500, 'inter_terminal': 230, 'price_to_address': 3, 'price_from_address': 1, 'times': {'term_standart_from': 1, 'term_standart_to': 3, 'term_express_from': 1, 'term_express_to': 1}} has been sent to frontend
2021-09-01T12:28:24.434587+0300 INFO, {'price_standart': 234, 'price_express': 303.0, 'convert_price': 500, 'inter_terminal': 230, 'price_to_address': 3, 'price_from_address': 1, 'times': {'term_standart_from': 1, 'term_standart_to': 3, 'term_express_from': 1, 'term_express_to': 1}} has been sent to frontend
2021-09-01T12:28:24.604968+0300 INFO, {'price_standart': 704, 'price_express': 869.0, 'convert_price': 500, 'inter_terminal': 550, 'price_to_address': 99, 'price_from_address': 55, 'times': {'term_standart_from': 1, 'term_standart_to': 3, 'term_express_from': 1, 'term_express_to': 1}} has been sent to frontend
2021-09-01T12:28:46.534829+0300 INFO, {'price_standart': 234, 'price_express': 303.0, 'convert_price': 500, 'inter_terminal': 230, 'price_to_address': 3, 'price_from_address': 1, 'times': {'term_standart_from': 1, 'term_standart_to': 3, 'term_express_from': 1, 'term_express_to': 1}} has been sent to frontend
2021-09-01T12:28:49.707969+0300 INFO, {'price_standart': 234, 'price_express': 303.0, 'convert_price': 500, 'inter_terminal': 230, 'price_to_address': 3, 'price_from_address': 1, 'times': {'term_standart_from': 1, 'term_standart_to': 3, 'term_express_from': 1, 'term_express_to': 1}} has been sent to frontend
2021-09-01T12:28:49.849559+0300 INFO, {'price_standart': 704, 'price_express': 869.0, 'convert_price': 500, 'inter_terminal': 550, 'price_to_address': 99, 'price_from_address': 55, 'times': {'term_standart_from': 1, 'term_standart_to': 3, 'term_express_from': 1, 'term_express_to': 1}} has been sent to frontend
2021-09-01T13:56:46.106648+0300 INFO, {'price_standart': 704, 'price_express': 869.0, 'convert_price': 500, 'inter_terminal': 550, 'price_to_address': 99, 'price_from_address': 55, 'times': {'term_standart_from': 1, 'term_standart_to': 3, 'term_express_from': 1, 'term_express_to': 1}} has been sent to frontend
2021-09-01T14:28:36.035887+0300 INFO, {'price_standart': 1904, 'price_express': 2369.0, 'convert_price': 900, 'inter_terminal': 1550, 'price_to_address': 199, 'price_from_address': 155, 'times': {'term_standart_from': 1, 'term_standart_to': 3, 'term_express_from': 1, 'term_express_to': 1}} has been sent to frontend
2021-09-02T09:30:44.225718+0300 INFO, {'price_standart': 234, 'price_express': 303.0, 'convert_price': 500, 'inter_terminal': 230, 'price_to_address': 3, 'price_from_address': 1, 'times': {'term_standart_from': 1, 'term_standart_to': 3, 'term_express_from': 1, 'term_express_to': 1}} has been sent to frontend
2021-09-02T09:32:09.745087+0300 INFO, {'price_standart': 234, 'price_express': 303.0, 'convert_price': 500, 'inter_terminal': 230, 'price_to_address': 3, 'price_from_address': 1, 'times': {'term_standart_from': 1, 'term_standart_to': 3, 'term_express_from': 1, 'term_express_to': 1}} has been sent to frontend
2021-09-02T09:32:09.959970+0300 INFO, {'price_standart': 704, 'price_express': 869.0, 'convert_price': 500, 'inter_terminal': 550, 'price_to_address': 99, 'price_from_address': 55, 'times': {'term_standart_from': 1, 'term_standart_to': 3, 'term_express_from': 1, 'term_express_to': 1}} has been sent to frontend
2021-09-02T09:32:13.798805+0300 INFO, {'price_standart': 234, 'price_express': 303.0, 'convert_price': 500, 'inter_terminal': 230, 'price_to_address': 3, 'price_from_address': 1, 'times': {'term_standart_from': 1, 'term_standart_to': 3, 'term_express_from': 1, 'term_express_to': 1}} has been sent to frontend
2021-09-02T09:32:14.276910+0300 INFO, {'price_standart': 234, 'price_express': 303.0, 'convert_price': 500, 'inter_terminal': 230, 'price_to_address': 3, 'price_from_address': 1, 'times': {'term_standart_from': 1, 'term_standart_to': 3, 'term_express_from': 1, 'term_express_to': 1}} has been sent to frontend
2021-09-02T09:32:14.869551+0300 INFO, {'price_standart': 704, 'price_express': 869.0, 'convert_price': 500, 'inter_terminal': 550, 'price_to_address': 99, 'price_from_address': 55, 'times': {'term_standart_from': 1, 'term_standart_to': 3, 'term_express_from': 1, 'term_express_to': 1}} has been sent to frontend
2021-09-02T09:32:17.883472+0300 INFO, {'price_standart': 234, 'price_express': 303.0, 'convert_price': 500, 'inter_terminal': 230, 'price_to_address': 3, 'price_from_address': 1, 'times': {'term_standart_from': 1, 'term_standart_to': 3, 'term_express_from': 1, 'term_express_to': 1}} has been sent to frontend
2021-09-02T09:32:19.126949+0300 INFO, {'price_standart': 234, 'price_express': 303.0, 'convert_price': 500, 'inter_terminal': 230, 'price_to_address': 3, 'price_from_address': 1, 'times': {'term_standart_from': 1, 'term_standart_to': 3, 'term_express_from': 1, 'term_express_to': 1}} has been sent to frontend
2021-09-02T09:32:22.275007+0300 INFO, {'price_standart': 234, 'price_express': 303.0, 'convert_price': 500, 'inter_terminal': 230, 'price_to_address': 3, 'price_from_address': 1, 'times': {'term_standart_from': 1, 'term_standart_to': 3, 'term_express_from': 1, 'term_express_to': 1}} has been sent to frontend
2021-09-02T09:32:24.598449+0300 INFO, {'price_standart': 234, 'price_express': 303.0, 'convert_price': 500, 'inter_terminal': 230, 'price_to_address': 3, 'price_from_address': 1, 'times': {'term_standart_from': 1, 'term_standart_to': 3, 'term_express_from': 1, 'term_express_to': 1}} has been sent to frontend
2021-09-02T09:32:26.628560+0300 INFO, {'price_standart': 234, 'price_express': 303.0, 'convert_price': 500, 'inter_terminal': 230, 'price_to_address': 3, 'price_from_address': 1, 'times': {'term_standart_from': 1, 'term_standart_to': 3, 'term_express_from': 1, 'term_express_to': 1}} has been sent to frontend
2021-09-02T09:32:27.277477+0300 INFO, {'price_standart': 704, 'price_express': 869.0, 'convert_price': 500, 'inter_terminal': 550, 'price_to_address': 99, 'price_from_address': 55, 'times': {'term_standart_from': 1, 'term_standart_to': 3, 'term_express_from': 1, 'term_express_to': 1}} has been sent to frontend
2021-09-02T09:32:29.018610+0300 INFO, {'price_standart': 234, 'price_express': 303.0, 'convert_price': 500, 'inter_terminal': 230, 'price_to_address': 3, 'price_from_address': 1, 'times': {'term_standart_from': 1, 'term_standart_to': 3, 'term_express_from': 1, 'term_express_to': 1}} has been sent to frontend
2021-09-02T09:32:29.997941+0300 INFO, {'price_standart': 234, 'price_express': 303.0, 'convert_price': 500, 'inter_terminal': 230, 'price_to_address': 3, 'price_from_address': 1, 'times': {'term_standart_from': 1, 'term_standart_to': 3, 'term_express_from': 1, 'term_express_to': 1}} has been sent to frontend
2021-09-02T09:32:31.726368+0300 INFO, {'price_standart': 234, 'price_express': 303.0, 'convert_price': 500, 'inter_terminal': 230, 'price_to_address': 3, 'price_from_address': 1, 'times': {'term_standart_from': 1, 'term_standart_to': 3, 'term_express_from': 1, 'term_express_to': 1}} has been sent to frontend
2021-09-02T09:32:32.000956+0300 INFO, {'price_standart': 704, 'price_express': 869.0, 'convert_price': 500, 'inter_terminal': 550, 'price_to_address': 99, 'price_from_address': 55, 'times': {'term_standart_from': 1, 'term_standart_to': 3, 'term_express_from': 1, 'term_express_to': 1}} has been sent to frontend
2021-09-02T11:04:32.700542+0300 INFO, {'price_standart': 234, 'price_express': 303.0, 'convert_price': 500, 'inter_terminal': 230, 'price_to_address': 3, 'price_from_address': 1, 'times': {'term_standart_from': 1, 'term_standart_to': 3, 'term_express_from': 1, 'term_express_to': 1}} has been sent to frontend
2021-09-02T11:12:32.861744+0300 INFO, {'price_standart': 234, 'price_express': 303.0, 'convert_price': 500, 'inter_terminal': 230, 'price_to_address': 3, 'price_from_address': 1, 'times': {'term_standart_from': 1, 'term_standart_to': 3, 'term_express_from': 1, 'term_express_to': 1}} has been sent to frontend
2021-09-02T12:43:15.788156+0300 INFO, {'price_standart': 234, 'price_express': 303.0, 'convert_price': 500, 'inter_terminal': 230, 'price_to_address': 3, 'price_from_address': 1, 'times': {'term_standart_from': 1, 'term_standart_to': 3, 'term_express_from': 1, 'term_express_to': 1}} has been sent to frontend
2021-09-02T14:44:31.271702+0300 INFO, {'price_standart': 234, 'price_express': 303.0, 'convert_price': 500, 'inter_terminal': 230, 'price_to_address': 3, 'price_from_address': 1, 'times': {'term_standart_from': 1, 'term_standart_to': 3, 'term_express_from': 1, 'term_express_to': 1}} has been sent to frontend
2021-09-02T14:44:34.016444+0300 INFO, {'price_standart': 234, 'price_express': 303.0, 'convert_price': 500, 'inter_terminal': 230, 'price_to_address': 3, 'price_from_address': 1, 'times': {'term_standart_from': 1, 'term_standart_to': 3, 'term_express_from': 1, 'term_express_to': 1}} has been sent to frontend
2021-09-02T14:44:34.215885+0300 INFO, {'price_standart': 704, 'price_express': 869.0, 'convert_price': 500, 'inter_terminal': 550, 'price_to_address': 99, 'price_from_address': 55, 'times': {'term_standart_from': 1, 'term_standart_to': 3, 'term_express_from': 1, 'term_express_to': 1}} has been sent to frontend
2021-09-03T09:33:45.859305+0300 INFO, {'price_standart': 234, 'price_express': 303.0, 'convert_price': 500, 'inter_terminal': 230, 'price_to_address': 3, 'price_from_address': 1, 'times': {'term_standart_from': 1, 'term_standart_to': 3, 'term_express_from': 1, 'term_express_to': 1}} has been sent to frontend
2021-09-03T09:33:48.476520+0300 INFO, {'price_standart': 234, 'price_express': 303.0, 'convert_price': 500, 'inter_terminal': 230, 'price_to_address': 3, 'price_from_address': 1, 'times': {'term_standart_from': 1, 'term_standart_to': 3, 'term_express_from': 1, 'term_express_to': 1}} has been sent to frontend
2021-09-03T09:33:48.640389+0300 INFO, {'price_standart': 704, 'price_express': 869.0, 'convert_price': 500, 'inter_terminal': 550, 'price_to_address': 99, 'price_from_address': 55, 'times': {'term_standart_from': 1, 'term_standart_to': 3, 'term_express_from': 1, 'term_express_to': 1}} has been sent to frontend
2021-09-03T09:35:29.335021+0300 INFO, {'price_standart': 234, 'price_express': 303.0, 'convert_price': 500, 'inter_terminal': 230, 'price_to_address': 3, 'price_from_address': 1, 'times': {'term_standart_from': 1, 'term_standart_to': 3, 'term_express_from': 1, 'term_express_to': 1}} has been sent to frontend
2021-09-03T09:35:54.631825+0300 INFO, {'price_standart': 0, 'price_express': 0, 'convert_price': 0, 'inter_terminal': 0, 'price_to_address': 0, 'price_from_address': 0, 'times': {'term_standart_from': 1, 'term_standart_to': 3, 'term_express_from': 1, 'term_express_to': 1}} has been sent to frontend
2021-09-03T09:36:12.227184+0300 INFO, {'price_standart': 234, 'price_express': 303.0, 'convert_price': 500, 'inter_terminal': 230, 'price_to_address': 3, 'price_from_address': 1, 'times': {'term_standart_from': 1, 'term_standart_to': 3, 'term_express_from': 1, 'term_express_to': 1}} has been sent to frontend
2021-09-03T09:36:15.332613+0300 INFO, {'price_standart': 0, 'price_express': 0, 'convert_price': 0, 'inter_terminal': 0, 'price_to_address': 0, 'price_from_address': 0, 'times': {'term_standart_from': 1, 'term_standart_to': 3, 'term_express_from': 1, 'term_express_to': 1}} has been sent to frontend
2021-09-03T09:36:16.181301+0300 INFO, {'price_standart': 0, 'price_express': 0, 'convert_price': 0, 'inter_terminal': 0, 'price_to_address': 0, 'price_from_address': 0, 'times': {'term_standart_from': 1, 'term_standart_to': 3, 'term_express_from': 1, 'term_express_to': 1}} has been sent to frontend
2021-09-03T09:36:18.165160+0300 INFO, {'price_standart': 0, 'price_express': 0, 'convert_price': 0, 'inter_terminal': 0, 'price_to_address': 0, 'price_from_address': 0, 'times': {'term_standart_from': 1, 'term_standart_to': 3, 'term_express_from': 1, 'term_express_to': 1}} has been sent to frontend
2021-09-03T09:36:19.450142+0300 INFO, {'price_standart': 234, 'price_express': 303.0, 'convert_price': 500, 'inter_terminal': 230, 'price_to_address': 3, 'price_from_address': 1, 'times': {'term_standart_from': 1, 'term_standart_to': 3, 'term_express_from': 1, 'term_express_to': 1}} has been sent to frontend
2021-09-03T09:36:24.192575+0300 INFO, {'price_standart': 234, 'price_express': 303.0, 'convert_price': 500, 'inter_terminal': 230, 'price_to_address': 3, 'price_from_address': 1, 'times': {'term_standart_from': 1, 'term_standart_to': 3, 'term_express_from': 1, 'term_express_to': 1}} has been sent to frontend
2021-09-03T09:36:24.677489+0300 INFO, {'price_standart': 704, 'price_express': 869.0, 'convert_price': 500, 'inter_terminal': 550, 'price_to_address': 99, 'price_from_address': 55, 'times': {'term_standart_from': 1, 'term_standart_to': 3, 'term_express_from': 1, 'term_express_to': 1}} has been sent to frontend
2021-09-03T09:36:34.169710+0300 INFO, {'price_standart': 234, 'price_express': 303.0, 'convert_price': 500, 'inter_terminal': 230, 'price_to_address': 3, 'price_from_address': 1, 'times': {'term_standart_from': 1, 'term_standart_to': 3, 'term_express_from': 1, 'term_express_to': 1}} has been sent to frontend
2021-09-03T09:37:16.161072+0300 INFO, {'price_standart': 233, 'price_express': 302.0, 'convert_price': 500, 'inter_terminal': 230, 'price_to_address': 3, 'price_from_address': False, 'times': {'term_standart_from': 1, 'term_standart_to': 3, 'term_express_from': 1, 'term_express_to': 1}} has been sent to frontend
2021-09-03T09:37:18.138308+0300 INFO, {'price_standart': 230, 'price_express': 299.0, 'convert_price': 500, 'inter_terminal': 230, 'price_to_address': False, 'price_from_address': False, 'times': {'term_standart_from': 1, 'term_standart_to': 3, 'term_express_from': 1, 'term_express_to': 1}} has been sent to frontend
2021-09-03T09:37:33.647772+0300 INFO, {'price_standart': 231, 'price_express': 300.0, 'convert_price': 500, 'inter_terminal': 230, 'price_to_address': False, 'price_from_address': 1, 'times': {'term_standart_from': 1, 'term_standart_to': 3, 'term_express_from': 1, 'term_express_to': 1}} has been sent to frontend
2021-09-03T09:37:34.810535+0300 INFO, {'price_standart': 234, 'price_express': 303.0, 'convert_price': 500, 'inter_terminal': 230, 'price_to_address': 3, 'price_from_address': 1, 'times': {'term_standart_from': 1, 'term_standart_to': 3, 'term_express_from': 1, 'term_express_to': 1}} has been sent to frontend
2021-09-03T09:57:10.808952+0300 INFO, {'price_standart': 234, 'price_express': 303.0, 'convert_price': 500, 'inter_terminal': 230, 'price_to_address': 3, 'price_from_address': 1, 'times': {'term_standart_from': 1, 'term_standart_to': 3, 'term_express_from': 1, 'term_express_to': 1}} has been sent to frontend
2021-09-03T10:07:27.110781+0300 INFO, {'price_standart': 234, 'price_express': 303.0, 'convert_price': 500, 'inter_terminal': 230, 'price_to_address': 3, 'price_from_address': 1, 'times': {'term_standart_from': 1, 'term_standart_to': 3, 'term_express_from': 1, 'term_express_to': 1}} has been sent to frontend
2021-09-03T10:44:04.321193+0300 INFO, {'price_standart': 234, 'price_express': 303.0, 'convert_price': 500, 'inter_terminal': 230, 'price_to_address': 3, 'price_from_address': 1, 'times': {'term_standart_from': 1, 'term_standart_to': 3, 'term_express_from': 1, 'term_express_to': 1}} has been sent to frontend
2021-09-03T10:44:14.398489+0300 INFO, form has been sent
2021-09-03T10:44:26.230843+0300 INFO, {'price_standart': 234, 'price_express': 303.0, 'convert_price': 500, 'inter_terminal': 230, 'price_to_address': 3, 'price_from_address': 1, 'times': {'term_standart_from': 1, 'term_standart_to': 3, 'term_express_from': 1, 'term_express_to': 1}} has been sent to frontend
2021-09-03T10:44:26.237824+0300 INFO, {'price_standart': 234, 'price_express': 303.0, 'convert_price': 500, 'inter_terminal': 230, 'price_to_address': 3, 'price_from_address': 1, 'times': {'term_standart_from': 1, 'term_standart_to': 3, 'term_express_from': 1, 'term_express_to': 1}} has been sent to frontend
2021-09-03T10:44:40.812763+0300 INFO, {'price_standart': 234, 'price_express': 303.0, 'convert_price': 500, 'inter_terminal': 230, 'price_to_address': 3, 'price_from_address': 1, 'times': {'term_standart_from': 1, 'term_standart_to': 3, 'term_express_from': 1, 'term_express_to': 1}} has been sent to frontend
2021-09-03T10:44:44.727461+0300 INFO, {'price_standart': 234, 'price_express': 303.0, 'convert_price': 500, 'inter_terminal': 230, 'price_to_address': 3, 'price_from_address': 1, 'times': {'term_standart_from': 1, 'term_standart_to': 3, 'term_express_from': 1, 'term_express_to': 1}} has been sent to frontend
2021-09-03T10:44:52.406302+0300 INFO, form has been sent
2021-09-03T10:44:56.358133+0300 INFO, {'price_standart': 234, 'price_express': 303.0, 'convert_price': 500, 'inter_terminal': 230, 'price_to_address': 3, 'price_from_address': 1, 'times': {'term_standart_from': 1, 'term_standart_to': 3, 'term_express_from': 1, 'term_express_to': 1}} has been sent to frontend
2021-09-03T10:44:56.366692+0300 INFO, {'price_standart': 234, 'price_express': 303.0, 'convert_price': 500, 'inter_terminal': 230, 'price_to_address': 3, 'price_from_address': 1, 'times': {'term_standart_from': 1, 'term_standart_to': 3, 'term_express_from': 1, 'term_express_to': 1}} has been sent to frontend
2021-09-03T11:43:50.600470+0300 INFO, {'price_standart': 234, 'price_express': 303.0, 'convert_price': 500, 'inter_terminal': 230, 'price_to_address': 3, 'price_from_address': 1, 'times': {'term_standart_from': 1, 'term_standart_to': 3, 'term_express_from': 1, 'term_express_to': 1}} has been sent to frontend
2021-09-03T13:31:11.756356+0300 INFO, {'price_standart': 0, 'price_express': 0, 'convert_price': 0, 'inter_terminal': 0, 'price_to_address': 0, 'price_from_address': 0, 'times': {'term_standart_from': 1, 'term_standart_to': 3, 'term_express_from': 1, 'term_express_to': 1}} has been sent to frontend
2021-09-03T17:33:17.199651+0300 INFO, Ирк has been created
2021-09-03T17:44:55.840091+0300 INFO, Ирrrк has been created
2021-09-03T17:47:22.729142+0300 INFO, Подберезье has been created
2021-09-03T17:49:28.381820+0300 INFO, Ирrrк111111111111111111 has been created
2021-09-03T17:49:57.533201+0300 INFO, Ирrrк222222221111111 has been created
2021-09-03T17:50:49.884483+0300 INFO, Подберезье has been created
2021-09-03T17:50:49.907422+0300 INFO, Агалатово (всеволожский р-он) has been created
2021-09-03T17:50:49.931520+0300 INFO, Андреевщина has been created
2021-09-03T17:50:49.947477+0300 INFO, Аро (всеволожский р-он) has been created
2021-09-03T17:50:49.973170+0300 INFO, Батецкий has been created
2021-09-03T17:50:49.995110+0300 INFO, Бегуницы has been created
2021-09-03T17:50:50.017939+0300 INFO, Бежаницы has been created
2021-09-03T17:50:50.035891+0300 INFO, Белогорка has been created
2021-09-03T17:50:50.061822+0300 INFO, Беседа has been created
2021-09-03T17:50:50.079424+0300 INFO, Бокситогорск has been created
2021-09-03T17:50:50.098370+0300 INFO, Большая Вруда has been created
2021-09-03T17:50:50.112334+0300 INFO, Большая Пустомержа has been created
2021-09-03T17:50:50.129931+0300 INFO, Большие Колпаны has been created
2021-09-03T17:50:50.150070+0300 INFO, Большое Куземкино has been created
2021-09-03T17:50:50.167359+0300 INFO, Большое Поле (выборгский р-он) has been created
2021-09-03T17:50:50.189311+0300 INFO, Большой Бор Выборгский р-н has been created
2021-09-03T17:50:50.206256+0300 INFO, Большой Сабск has been created
2021-09-03T17:50:50.222782+0300 INFO, Борки has been created
2021-09-03T17:50:50.240727+0300 INFO, Боровичи has been created
2021-09-03T17:50:50.257680+0300 INFO, Бугры has been created
2021-09-03T17:50:50.277269+0300 INFO, Будогощь has been created
2021-09-03T17:50:50.294224+0300 INFO, Бурачки has been created
2021-09-03T17:50:50.316009+0300 INFO, Валдай has been created
2021-09-03T17:50:50.332965+0300 INFO, Васкелово has been created
2021-09-03T17:50:50.349918+0300 INFO, Вахнова кара has been created
2021-09-03T17:50:50.365876+0300 INFO, Великие Луки has been created
2021-09-03T17:50:50.383436+0300 INFO, Великий Новгород has been created
2021-09-03T17:50:50.400562+0300 INFO, Волосово has been created
2021-09-03T17:50:50.409538+0300 INFO, Волхов has been created
2021-09-03T17:50:50.421236+0300 INFO, Всеволожск has been created
2021-09-03T17:50:50.471938+0300 INFO, Выборг has been created
2021-09-03T17:50:50.525542+0300 INFO, Вындин Остров has been created
2021-09-03T17:50:50.564262+0300 INFO, Вырица has been created
2021-09-03T17:50:50.585277+0300 INFO, Вяртсяля has been created
2021-09-03T17:50:50.603600+0300 INFO, Гаврилово (выборгский р-он) has been created
2021-09-03T17:50:50.624734+0300 INFO, Гарболово has been created
2021-09-03T17:50:50.646752+0300 INFO, Гатчина has been created
2021-09-03T17:50:50.663976+0300 INFO, Гдов has been created
2021-09-03T17:50:50.683025+0300 INFO, Глебычево (выборгский р-он) has been created
2021-09-03T17:50:50.701355+0300 INFO, Гостилицы has been created
2021-09-03T17:50:50.726670+0300 INFO, Громово has been created
2021-09-03T17:50:50.745324+0300 INFO, Грузино has been created
2021-09-03T17:50:50.762098+0300 INFO, Дедовичи has been created
2021-09-03T17:50:50.778162+0300 INFO, Демянск has been created
2021-09-03T17:50:50.793162+0300 INFO, Дно has been created
2021-09-03T17:50:50.809003+0300 INFO, Дубровка has been created
2021-09-03T17:50:50.825979+0300 INFO, Ефимовский has been created
2021-09-03T17:50:50.844376+0300 INFO, Заплюсье has been created
2021-09-03T17:50:50.861156+0300 INFO, Заполье has been created
2021-09-03T17:50:50.882998+0300 INFO, Зеленогорск has been created
2021-09-03T17:50:50.900236+0300 INFO, Зимитицы has been created
2021-09-03T17:50:50.918831+0300 INFO, Ивангород has been created
2021-09-03T17:50:50.946335+0300 INFO, Идрица has been created
2021-09-03T17:50:50.967499+0300 INFO, Импилахти has been created
2021-09-03T17:50:50.979987+0300 INFO, Каменка Выборгский р-н has been created
2021-09-03T17:50:51.001547+0300 INFO, Каменногорск has been created
2021-09-03T17:50:51.026139+0300 INFO, Келози has been created
2021-09-03T17:50:51.044091+0300 INFO, Кемь has been created
2021-09-03T17:50:51.064038+0300 INFO, Керстово has been created
2021-09-03T17:50:51.086980+0300 INFO, Кингисепп has been created
2021-09-03T17:50:51.150334+0300 INFO, Кингисеппский has been created
2021-09-03T17:50:51.167288+0300 INFO, Кипень has been created
2021-09-03T17:50:51.186058+0300 INFO, Кириши has been created
2021-09-03T17:50:51.212207+0300 INFO, Кировск has been created
2021-09-03T17:50:51.219762+0300 INFO, Кирпичное has been created
2021-09-03T17:50:51.228738+0300 INFO, Кобралово has been created
2021-09-03T17:50:51.244747+0300 INFO, Колпино has been created
2021-09-03T17:50:51.261579+0300 INFO, Колчаново has been created
2021-09-03T17:50:51.279605+0300 INFO, Коммунар has been created
2021-09-03T17:50:51.319116+0300 INFO, Коммунары has been created
2021-09-03T17:50:51.357221+0300 INFO, Кондопога has been created
2021-09-03T17:50:51.393814+0300 INFO, Кондратьево (Выборгский р-он) has been created
2021-09-03T17:50:51.417353+0300 INFO, Копорье has been created
2021-09-03T17:50:51.436299+0300 INFO, Коробицино has been created
2021-09-03T17:50:51.453256+0300 INFO, Костомукша has been created
2021-09-03T17:50:51.470262+0300 INFO, Котово has been created
2021-09-03T17:50:51.494721+0300 INFO, Крестцы has been created
2021-09-03T17:50:51.512662+0300 INFO, Кронштадт has been created
2021-09-03T17:50:51.530488+0300 INFO, Кузнечное has been created
2021-09-03T17:50:51.548440+0300 INFO, Кузьмоловский has been created
2021-09-03T17:50:51.575656+0300 INFO, Кусино has been created
2021-09-03T17:50:51.591621+0300 INFO, Лахденпохья has been created
2021-09-03T17:50:51.609567+0300 INFO, Лебяжье has been created
2021-09-03T17:50:51.627174+0300 INFO, Лепсари has been created
2021-09-03T17:50:51.643131+0300 INFO, Лесколово has been created
2021-09-03T17:50:51.661749+0300 INFO, Лесогорск has been created
2021-09-03T17:50:51.683697+0300 INFO, Лодейное Поле has been created
2021-09-03T17:50:51.700645+0300 INFO, Локня has been created
2021-09-03T17:50:51.719137+0300 INFO, Ломоносов has been created
2021-09-03T17:50:51.737088+0300 INFO, Лопухинка has been created
2021-09-03T17:50:51.754043+0300 INFO, Лосево has been created
2021-09-03T17:50:51.778523+0300 INFO, Луга has been created
2021-09-03T17:50:51.796474+0300 INFO, Любань has been created
2021-09-03T17:50:51.806447+0300 INFO, Любытино has been created
2021-09-03T17:50:51.816421+0300 INFO, Ляскеля has been created
2021-09-03T17:50:51.835039+0300 INFO, Малая Вишера has been created
2021-09-03T17:50:51.852994+0300 INFO, Малое Верево has been created
2021-09-03T17:50:51.876487+0300 INFO, Матросово (выборгский р-он) has been created
2021-09-03T17:50:51.892444+0300 INFO, Мга has been created
2021-09-03T17:50:51.911396+0300 INFO, Медвежьегорск has been created
2021-09-03T17:50:51.930971+0300 INFO, Мельниково has been created
2021-09-03T17:50:51.953959+0300 INFO, Металлострой has been created
2021-09-03T17:50:51.970492+0300 INFO, Мичуринское has been created
2021-09-03T17:50:51.985452+0300 INFO, Москва has been created
2021-09-03T17:50:52.003404+0300 INFO, Насва has been created
2021-09-03T17:50:52.027984+0300 INFO, Небольчи has been created
2021-09-03T17:50:52.046920+0300 INFO, Невель has been created
2021-09-03T17:50:52.059887+0300 INFO, Никольское has been created
2021-09-03T17:50:52.080445+0300 INFO, Новая Ладога has been created
2021-09-03T17:50:52.110917+0300 INFO, Новоржев has been created
2021-09-03T17:50:52.140776+0300 INFO, Новосаратовка has been created
2021-09-03T17:50:52.163361+0300 INFO, Новосокольники has been created
2021-09-03T17:50:52.179730+0300 INFO, Овсище has been created
2021-09-03T17:50:52.201605+0300 INFO, Окуловка has been created
2021-09-03T17:50:52.222868+0300 INFO, Ополье has been created
2021-09-03T17:50:52.267993+0300 INFO, Опочка has been created
2021-09-03T17:50:52.314182+0300 INFO, Опухлики has been created
2021-09-03T17:50:52.338207+0300 INFO, Оредеж has been created
2021-09-03T17:50:52.369975+0300 INFO, Орехово has been created
2021-09-03T17:50:52.396092+0300 INFO, Осельки has been created
2021-09-03T17:50:52.431890+0300 INFO, Остров has been created
2021-09-03T17:50:52.454095+0300 INFO, Павлово has been created
2021-09-03T17:50:52.473107+0300 INFO, Павловск has been created
2021-09-03T17:50:52.489206+0300 INFO, Палкино has been created
2021-09-03T17:50:52.506286+0300 INFO, Парфино has been created
2021-09-03T17:50:52.521223+0300 INFO, Паша has been created
2021-09-03T17:50:52.550325+0300 INFO, Первомайское has been created
2021-09-03T17:50:52.569930+0300 INFO, Песочное has been created
2021-09-03T17:50:52.580606+0300 INFO, Пестово has been created
2021-09-03T17:50:52.602052+0300 INFO, Петергоф has been created
2021-09-03T17:50:52.629013+0300 INFO, Петергофское шоссе после ЖК Балтийская Жемчужина has been created
2021-09-03T17:50:52.648237+0300 INFO, Петровское has been created
2021-09-03T17:50:52.670320+0300 INFO, Петрозаводск has been created
2021-09-03T17:50:52.688937+0300 INFO, Печоры has been created
2021-09-03T17:50:52.707404+0300 INFO, Пикалево has been created
2021-09-03T17:50:52.736806+0300 INFO, Питкяранта has been created
2021-09-03T17:50:52.762294+0300 INFO, Плюсса has been created
2021-09-03T17:50:52.780508+0300 INFO, Победа has been created
2021-09-03T17:50:52.798338+0300 INFO, Подпорожье has been created
2021-09-03T17:50:52.810116+0300 INFO, Полибино has been created
2021-09-03T17:50:52.828581+0300 INFO, Поляны has been created
2021-09-03T17:50:52.847343+0300 INFO, Поречье has been created
2021-09-03T17:50:52.865602+0300 INFO, Порхов has been created
2021-09-03T17:50:52.888443+0300 INFO, Приветнинское has been created
2021-09-03T17:50:52.906482+0300 INFO, Приморск has been created
2021-09-03T17:50:52.925616+0300 INFO, Приозерск has been created
2021-09-03T17:50:52.945569+0300 INFO, Промзона Фосфорит has been created
2021-09-03T17:50:52.969399+0300 INFO, Псков has been created
2021-09-03T17:50:52.993334+0300 INFO, Пушкин has been created
2021-09-03T17:50:53.016274+0300 INFO, Пушкинские Горы has been created
2021-09-03T17:50:53.035907+0300 INFO, Пушное (выборгский р-он) has been created
2021-09-03T17:50:53.062836+0300 INFO, Пчева has been created
2021-09-03T17:50:53.082931+0300 INFO, Пчевжа has been created
2021-09-03T17:50:53.111854+0300 INFO, Пыталово has been created
2021-09-03T17:50:53.134030+0300 INFO, Разметелево has been created
2021-09-03T17:50:53.157964+0300 INFO, Рахья has been created
2021-09-03T17:50:53.176474+0300 INFO, Рождественно has been created
2021-09-03T17:50:53.193427+0300 INFO, Ромашки has been created
2021-09-03T17:50:53.209386+0300 INFO, Ропша has been created
2021-09-03T17:50:53.229874+0300 INFO, Рощино has been created
2021-09-03T17:50:53.250818+0300 INFO, Русско-Высоцкое has been created
2021-09-03T17:50:53.267335+0300 INFO, Санкт-Петербург has been created
2021-09-03T17:50:53.284288+0300 INFO, Саперное has been created
2021-09-03T17:50:53.300246+0300 INFO, Светогорск has been created
2021-09-03T17:50:53.317202+0300 INFO, Себеж has been created
2021-09-03T17:50:53.333718+0300 INFO, Сегежа has been created
2021-09-03T17:50:53.350673+0300 INFO, Селезнево (выборгский р-он) has been created
2021-09-03T17:50:53.360644+0300 INFO, Селихново has been created
2021-09-03T17:50:53.379136+0300 INFO, Сельцо (Тосненский р-он) has been created
2021-09-03T17:50:53.397103+0300 INFO, Середка has been created
2021-09-03T17:50:53.414099+0300 INFO, Сертолово has been created
2021-09-03T17:50:53.432564+0300 INFO, Сестрорецк has been created
2021-09-03T17:50:53.458039+0300 INFO, Сиверский has been created
2021-09-03T17:50:53.489392+0300 INFO, Синявино has been created
2021-09-03T17:50:53.529836+0300 INFO, Сланцы has been created
2021-09-03T17:50:53.564163+0300 INFO, Советский (выборгский р-он) has been created
2021-09-03T17:50:53.598906+0300 INFO, Соколинское (выборгский р-он) has been created
2021-09-03T17:50:53.634418+0300 INFO, Сольцы has been created
2021-09-03T17:50:53.668778+0300 INFO, Сортавала has been created
2021-09-03T17:50:53.710451+0300 INFO, Сосново has been created
2021-09-03T17:50:53.739043+0300 INFO, Сосновый бор has been created
2021-09-03T17:50:53.756707+0300 INFO, Старая Ладога has been created
2021-09-03T17:50:53.777680+0300 INFO, Старая Русса has been created
2021-09-03T17:50:53.799977+0300 INFO, Старая Слобода (Лодейнопольский район) has been created
2021-09-03T17:50:53.816464+0300 INFO, Старицы (Гатчинский р-он) has been created
2021-09-03T17:50:53.834057+0300 INFO, Стеклянный has been created
2021-09-03T17:50:53.862164+0300 INFO, Стрельна has been created
2021-09-03T17:50:53.872040+0300 INFO, Струги Красные has been created
2021-09-03T17:50:53.881948+0300 INFO, Суходолье has been created
2021-09-03T17:50:53.904317+0300 INFO, Сясьстрой has been created
2021-09-03T17:50:53.928049+0300 INFO, Тайцы has been created
2021-09-03T17:50:53.949728+0300 INFO, Терволово has been created
2021-09-03T17:50:53.973914+0300 INFO, Тихвин has been created
2021-09-03T17:50:53.990870+0300 INFO, Токсово has been created
2021-09-03T17:50:54.011898+0300 INFO, Толмачево has been created
2021-09-03T17:50:54.034831+0300 INFO, Тосно has been created
2021-09-03T17:50:54.052783+0300 INFO, Трубников Бор has been created
2021-09-03T17:50:54.112206+0300 INFO, Угловка has been created
2021-09-03T17:50:54.123751+0300 INFO, Усть-Ижора (Колпинский р-он) has been created
2021-09-03T17:50:54.135714+0300 INFO, Усть-Луга has been created
2021-09-03T17:50:54.152667+0300 INFO, Уткина Заводь has been created
2021-09-03T17:50:54.169081+0300 INFO, Ущевицы has been created
2021-09-03T17:50:54.177611+0300 INFO, Федоровское (тосненский р-он) has been created
2021-09-03T17:50:54.188810+0300 INFO, Хапо-Ое has been created
2021-09-03T17:50:54.196335+0300 INFO, Хвойная has been created
2021-09-03T17:50:54.207367+0300 INFO, Холм has been created
2021-09-03T17:50:54.217888+0300 INFO, Черкасово has been created
2021-09-03T17:50:54.226154+0300 INFO, Чудово has been created
2021-09-03T17:50:54.238894+0300 INFO, Шимск has been created
2021-09-03T17:50:54.250868+0300 INFO, Шлиссельбург has been created
2021-09-03T17:50:54.263388+0300 INFO, Яльгелово has been created
2021-09-03T17:50:54.270574+0300 INFO, Ям-Тесово has been created
2021-09-03T17:50:54.282791+0300 INFO, 3-я конная лахта has been created
2021-09-03T17:50:54.289623+0300 INFO, Санкт-Петербург has been created
2021-09-03T17:50:54.300312+0300 INFO, Санкт-Петербург has been created
2021-09-03T17:50:54.307358+0300 INFO, Санкт-Петербург has been created
2021-09-03T17:50:54.319191+0300 INFO, Санкт-Петербург has been created
2021-09-03T17:50:54.328821+0300 INFO, Санкт-Петербург has been created
2021-09-03T17:50:54.334953+0300 INFO, Санкт-Петербург has been created
2021-09-03T17:50:54.346322+0300 INFO, Санкт-Петербург has been created
2021-09-03T17:50:54.352509+0300 INFO, Санкт-Петербург has been created
2021-09-03T17:50:54.364269+0300 INFO, Санкт-Петербург has been created
2021-09-03T17:50:54.374599+0300 INFO, Санкт-Петербург has been created
2021-09-03T17:50:54.383700+0300 INFO, Санкт-Петербург has been created
2021-09-03T17:50:54.403295+0300 INFO, Санкт-Петербург has been created
2021-09-03T17:50:54.413894+0300 INFO, Санкт-Петербург has been created
2021-09-03T17:50:54.425538+0300 INFO, Санкт-Петербург has been created
2021-09-03T17:50:54.435947+0300 INFO, Санкт-Петербург has been created
2021-09-03T17:50:54.445813+0300 INFO, Санкт-Петербург has been created
2021-09-03T17:50:54.455883+0300 INFO, Санкт-Петербург has been created
2021-09-03T17:50:54.466733+0300 INFO, Санкт-Петербург has been created
2021-09-03T17:50:54.474714+0300 INFO, Санкт-Петербург has been created
2021-09-03T17:50:54.488137+0300 INFO, Санкт-Петербург has been created
2021-09-03T17:50:54.499107+0300 INFO, Санкт-Петербург has been created
2021-09-03T17:50:54.506093+0300 INFO, Санкт-Петербург has been created
2021-09-03T17:50:54.515615+0300 INFO, Санкт-Петербург has been created
2021-09-03T17:50:54.523615+0300 INFO, Санкт-Петербург has been created
2021-09-03T17:50:54.534831+0300 INFO, Санкт-Петербург has been created
2021-09-03T17:50:54.542809+0300 INFO, Санкт-Петербург has been created
2021-09-03T17:50:54.554780+0300 INFO, Санкт-Петербург has been created
2021-09-03T17:50:54.569489+0300 INFO, Санкт-Петербург has been created
2021-09-03T17:50:54.579452+0300 INFO, Санкт-Петербург has been created
2021-09-03T17:50:54.585436+0300 INFO, Санкт-Петербург has been created
2021-09-03T17:50:54.597406+0300 INFO, Санкт-Петербург has been created
2021-09-03T17:50:54.605384+0300 INFO, Санкт-Петербург has been created
2021-09-03T17:50:54.617952+0300 INFO, Санкт-Петербург has been created
2021-09-03T17:50:54.629921+0300 INFO, Санкт-Петербург has been created
2021-09-03T17:50:54.636904+0300 INFO, Санкт-Петербург has been created
2021-09-03T17:50:54.657847+0300 INFO, Санкт-Петербург has been created
2021-09-03T17:50:54.664829+0300 INFO, Санкт-Петербург has been created
2021-09-03T17:50:54.677052+0300 INFO, Санкт-Петербург has been created
2021-09-03T17:50:54.687025+0300 INFO, Санкт-Петербург has been created
2021-09-03T17:50:54.695999+0300 INFO, Санкт-Петербург has been created
2021-09-03T17:50:54.705975+0300 INFO, Санкт-Петербург has been created
2021-09-03T17:50:54.714947+0300 INFO, Санкт-Петербург has been created
2021-09-03T17:50:54.727518+0300 INFO, Санкт-Петербург has been created
2021-09-03T17:50:54.738485+0300 INFO, Санкт-Петербург has been created
2021-09-03T17:50:54.747453+0300 INFO, Санкт-Петербург has been created
2021-09-03T17:50:54.757427+0300 INFO, Санкт-Петербург has been created
2021-09-03T17:50:54.767963+0300 INFO, Санкт-Петербург has been created
2021-09-03T17:50:54.774948+0300 INFO, Санкт-Петербург has been created
2021-09-03T17:50:54.786916+0300 INFO, Санкт-Петербург has been created
2021-09-03T17:50:54.797888+0300 INFO, Санкт-Петербург has been created
2021-09-03T17:50:54.805876+0300 INFO, Санкт-Петербург has been created
2021-09-03T17:50:54.818580+0300 INFO, Санкт-Петербург has been created
2021-09-03T17:50:54.829527+0300 INFO, Санкт-Петербург has been created
2021-09-03T17:50:54.836507+0300 INFO, Санкт-Петербург has been created
2021-09-03T17:50:54.848479+0300 INFO, Санкт-Петербург has been created
2021-09-03T17:50:54.855461+0300 INFO, Санкт-Петербург has been created
2021-09-03T17:50:54.867027+0300 INFO, Санкт-Петербург has been created
2021-09-03T17:50:54.879001+0300 INFO, Санкт-Петербург has been created
2021-09-03T17:50:54.885974+0300 INFO, Санкт-Петербург has been created
2021-09-03T17:50:54.898942+0300 INFO, Санкт-Петербург has been created
2021-09-03T17:50:54.910906+0300 INFO, Санкт-Петербург has been created
2021-09-03T17:50:54.918886+0300 INFO, Санкт-Петербург has been created
2021-09-03T17:50:54.932850+0300 INFO, Санкт-Петербург has been created
2021-09-03T17:50:54.944825+0300 INFO, Санкт-Петербург has been created
2021-09-03T17:50:54.956785+0300 INFO, Санкт-Петербург has been created
2021-09-03T17:50:54.970746+0300 INFO, Санкт-Петербург has been created
2021-09-03T17:50:54.982720+0300 INFO, Санкт-Петербург has been created
2021-09-03T17:50:54.996677+0300 INFO, Санкт-Петербург has been created
2021-09-03T17:50:55.008646+0300 INFO, Санкт-Петербург has been created
2021-09-03T17:50:55.021611+0300 INFO, Санкт-Петербург has been created
2021-09-03T17:50:55.034577+0300 INFO, Санкт-Петербург has been created
2021-09-03T17:50:55.045548+0300 INFO, Санкт-Петербург has been created
2021-09-03T17:50:55.057521+0300 INFO, Санкт-Петербург has been created
2021-09-03T17:50:55.072479+0300 INFO, Санкт-Петербург has been created
2021-09-03T17:50:55.086439+0300 INFO, Санкт-Петербург has been created
2021-09-03T17:50:55.099402+0300 INFO, Санкт-Петербург has been created
2021-09-03T17:50:55.106385+0300 INFO, Санкт-Петербург has been created
2021-09-03T17:50:55.119349+0300 INFO, Санкт-Петербург has been created
2021-09-03T17:50:55.132314+0300 INFO, Санкт-Петербург has been created
2021-09-03T17:50:55.140294+0300 INFO, Санкт-Петербург has been created
2021-09-03T17:50:55.151264+0300 INFO, Санкт-Петербург has been created
2021-09-03T17:50:55.164229+0300 INFO, Санкт-Петербург has been created
2021-09-03T17:50:55.175200+0300 INFO, Санкт-Петербург has been created
2021-09-03T17:50:55.182181+0300 INFO, Санкт-Петербург has been created
2021-09-03T17:50:55.194694+0300 INFO, Санкт-Петербург has been created
2021-09-03T17:50:55.200830+0300 INFO, Санкт-Петербург has been created
2021-09-03T17:50:55.209582+0300 INFO, Санкт-Петербург has been created
2021-09-03T17:50:55.217581+0300 INFO, Санкт-Петербург has been created
2021-09-03T17:50:55.239842+0300 INFO, Санкт-Петербург has been created
2021-09-03T17:50:55.263583+0300 INFO, Санкт-Петербург has been created
2021-09-03T17:50:55.282722+0300 INFO, Санкт-Петербург has been created
2021-09-03T17:50:55.301016+0300 INFO, Санкт-Петербург has been created
2021-09-03T17:50:55.309933+0300 INFO, Санкт-Петербург has been created
2021-09-03T17:50:55.322061+0300 INFO, Санкт-Петербург has been created
2021-09-03T17:50:55.333985+0300 INFO, Санкт-Петербург has been created
2021-09-03T17:50:55.343259+0300 INFO, Санкт-Петербург has been created
2021-09-03T17:50:55.354037+0300 INFO, Санкт-Петербург has been created
2021-09-03T17:50:55.365628+0300 INFO, Санкт-Петербург has been created
2021-09-03T17:50:55.373591+0300 INFO, Санкт-Петербург has been created
2021-09-03T17:50:55.386760+0300 INFO, Санкт-Петербург has been created
2021-09-03T17:50:55.399279+0300 INFO, Санкт-Петербург has been created
2021-09-03T17:50:55.407384+0300 INFO, Санкт-Петербург has been created
2021-09-03T17:50:55.420529+0300 INFO, Санкт-Петербург has been created
2021-09-03T17:50:55.431591+0300 INFO, Санкт-Петербург has been created
2021-09-03T17:50:55.439386+0300 INFO, Санкт-Петербург has been created
2021-09-03T17:50:55.450913+0300 INFO, Санкт-Петербург has been created
2021-09-03T17:50:55.462647+0300 INFO, Санкт-Петербург has been created
2021-09-03T17:50:55.474246+0300 INFO, Санкт-Петербург has been created
2021-09-03T17:50:55.483016+0300 INFO, Санкт-Петербург has been created
2021-09-03T17:50:55.501092+0300 INFO, Санкт-Петербург has been created
2021-09-03T17:50:55.510078+0300 INFO, Санкт-Петербург has been created
2021-09-03T17:50:55.517299+0300 INFO, Санкт-Петербург has been created
2021-09-03T17:50:55.530039+0300 INFO, Санкт-Петербург has been created
2021-09-03T17:50:55.540732+0300 INFO, Санкт-Петербург has been created
2021-09-03T17:50:55.552364+0300 INFO, Санкт-Петербург has been created
2021-09-03T17:50:55.562272+0300 INFO, Санкт-Петербург has been created
2021-09-03T17:50:55.575502+0300 INFO, Санкт-Петербург has been created
2021-09-03T17:50:55.584308+0300 INFO, Санкт-Петербург has been created
2021-09-03T17:50:55.595209+0300 INFO, Санкт-Петербург has been created
2021-09-03T17:50:55.605299+0300 INFO, Санкт-Петербург has been created
2021-09-03T17:50:55.616069+0300 INFO, Санкт-Петербург has been created
2021-09-03T17:50:55.623684+0300 INFO, Санкт-Петербург has been created
2021-09-03T17:50:55.636659+0300 INFO, Санкт-Петербург has been created
2021-09-03T17:50:55.648982+0300 INFO, Санкт-Петербург has been created
2021-09-03T17:50:55.657244+0300 INFO, Санкт-Петербург has been created
2021-09-03T17:50:55.667905+0300 INFO, Санкт-Петербург has been created
2021-09-03T17:50:55.680452+0300 INFO, Санкт-Петербург has been created
2021-09-03T17:50:55.686583+0300 INFO, Санкт-Петербург has been created
2021-09-03T17:50:55.699374+0300 INFO, Санкт-Петербург has been created
2021-09-03T17:50:55.711194+0300 INFO, Санкт-Петербург has been created
2021-09-03T17:50:55.719432+0300 INFO, Санкт-Петербург has been created
2021-09-03T17:50:55.739636+0300 INFO, Санкт-Петербург has been created
2021-09-03T17:50:55.747567+0300 INFO, Санкт-Петербург has been created
2021-09-03T17:50:55.758256+0300 INFO, Санкт-Петербург has been created
2021-09-03T17:50:55.766083+0300 INFO, Санкт-Петербург has been created
2021-09-03T17:50:55.779118+0300 INFO, Санкт-Петербург has been created
2021-09-03T17:50:55.787922+0300 INFO, Санкт-Петербург has been created
2021-09-03T17:50:55.798186+0300 INFO, Санкт-Петербург has been created
2021-09-03T17:50:55.811872+0300 INFO, Санкт-Петербург has been created
2021-09-03T17:50:55.821809+0300 INFO, Санкт-Петербург has been created
2021-09-03T17:50:55.831091+0300 INFO, Санкт-Петербург has been created
2021-09-03T17:50:55.842226+0300 INFO, Санкт-Петербург has been created
2021-09-03T17:50:55.853056+0300 INFO, Санкт-Петербург has been created
2021-09-03T17:50:55.862228+0300 INFO, Санкт-Петербург has been created
2021-09-03T17:50:55.871873+0300 INFO, Санкт-Петербург has been created
2021-09-03T17:50:55.883247+0300 INFO, Санкт-Петербург has been created
2021-09-03T17:50:55.892350+0300 INFO, Санкт-Петербург has been created
2021-09-03T17:50:55.903746+0300 INFO, Санкт-Петербург has been created
2021-09-03T17:50:55.916396+0300 INFO, Санкт-Петербург has been created
2021-09-03T17:50:55.925371+0300 INFO, Санкт-Петербург has been created
2021-09-03T17:50:55.937337+0300 INFO, Санкт-Петербург has been created
2021-09-03T17:50:55.950303+0300 INFO, Санкт-Петербург has been created
2021-09-03T17:50:55.964268+0300 INFO, Санкт-Петербург has been created
2021-09-03T17:50:55.974238+0300 INFO, Санкт-Петербург has been created
2021-09-03T17:50:55.983215+0300 INFO, Санкт-Петербург has been created
2021-09-03T17:50:55.996181+0300 INFO, Санкт-Петербург has been created
2021-09-03T17:50:56.004160+0300 INFO, Санкт-Петербург has been created
2021-09-03T17:50:56.016127+0300 INFO, Санкт-Петербург has been created
2021-09-03T17:50:56.028104+0300 INFO, Санкт-Петербург has been created
2021-09-03T17:50:56.035077+0300 INFO, Санкт-Петербург has been created
2021-09-03T17:50:56.057018+0300 INFO, Санкт-Петербург has been created
2021-09-03T17:50:56.063527+0300 INFO, Санкт-Петербург has been created
2021-09-03T17:50:56.068517+0300 INFO, Санкт-Петербург has been created
2021-09-03T17:50:56.080485+0300 INFO, Санкт-Петербург has been created
2021-09-03T17:50:56.089068+0300 INFO, Санкт-Петербург has been created
2021-09-03T17:50:56.097022+0300 INFO, Санкт-Петербург has been created
2021-09-03T17:50:56.107557+0300 INFO, Санкт-Петербург has been created
2021-09-03T17:50:56.115126+0300 INFO, Санкт-Петербург has been created
2021-09-03T17:50:56.125422+0300 INFO, Санкт-Петербург has been created
2021-09-03T17:50:56.135762+0300 INFO, Санкт-Петербург has been created
2021-09-03T17:50:56.145025+0300 INFO, Санкт-Петербург has been created
2021-09-03T17:50:56.154004+0300 INFO, Санкт-Петербург has been created
2021-09-03T17:50:56.162982+0300 INFO, Санкт-Петербург has been created
2021-09-03T17:50:56.172955+0300 INFO, Санкт-Петербург has been created
2021-09-03T17:50:56.183376+0300 INFO, Санкт-Петербург has been created
2021-09-03T17:50:56.192112+0300 INFO, Санкт-Петербург has been created
2021-09-03T17:50:56.201093+0300 INFO, Санкт-Петербург has been created
2021-09-03T17:50:56.209206+0300 INFO, Санкт-Петербург has been created
2021-09-03T17:50:56.220040+0300 INFO, Санкт-Петербург has been created
2021-09-03T17:50:56.231011+0300 INFO, Санкт-Петербург has been created
2021-09-03T17:50:56.237994+0300 INFO, Санкт-Петербург has been created
2021-09-03T17:50:56.249961+0300 INFO, Санкт-Петербург has been created
2021-09-03T17:50:56.259934+0300 INFO, Санкт-Петербург has been created
2021-09-03T17:50:56.266915+0300 INFO, Санкт-Петербург has been created
2021-09-03T17:50:56.278882+0300 INFO, Санкт-Петербург has been created
2021-09-03T17:50:56.285864+0300 INFO, Санкт-Петербург has been created
2021-09-03T17:50:56.297835+0300 INFO, Санкт-Петербург has been created
2021-09-03T17:50:56.316781+0300 INFO, Санкт-Петербург has been created
2021-09-03T17:50:56.325757+0300 INFO, Санкт-Петербург has been created
2021-09-03T17:50:56.332744+0300 INFO, Санкт-Петербург has been created
2021-09-03T17:50:56.344707+0300 INFO, Санкт-Петербург has been created
2021-09-03T17:50:56.353684+0300 INFO, Санкт-Петербург has been created
2021-09-03T17:50:56.362659+0300 INFO, Санкт-Петербург has been created
2021-09-03T17:50:56.373630+0300 INFO, Санкт-Петербург has been created
2021-09-03T17:50:56.381608+0300 INFO, Санкт-Петербург has been created
2021-09-03T17:50:56.394574+0300 INFO, Санкт-Петербург has been created
2021-09-03T17:50:56.404552+0300 INFO, Санкт-Петербург has been created
2021-09-03T17:50:56.413523+0300 INFO, Санкт-Петербург has been created
2021-09-03T17:50:56.425498+0300 INFO, Санкт-Петербург has been created
2021-09-03T17:50:56.436891+0300 INFO, Санкт-Петербург has been created
2021-09-03T17:50:56.449856+0300 INFO, Санкт-Петербург has been created
2021-09-03T17:50:56.457836+0300 INFO, Санкт-Петербург has been created
2021-09-03T17:50:56.469803+0300 INFO, Санкт-Петербург has been created
2021-09-03T17:50:56.480775+0300 INFO, Санкт-Петербург has been created
2021-09-03T17:50:56.488753+0300 INFO, Санкт-Петербург has been created
2021-09-03T17:50:56.500260+0300 INFO, Санкт-Петербург has been created
2021-09-03T17:50:56.508242+0300 INFO, Санкт-Петербург has been created
2021-09-03T17:50:56.519210+0300 INFO, Санкт-Петербург has been created
2021-09-03T17:50:56.532176+0300 INFO, Санкт-Петербург has been created
2021-09-03T17:50:56.539158+0300 INFO, Санкт-Петербург has been created
2021-09-03T17:50:56.553119+0300 INFO, Санкт-Петербург has been created
2021-09-03T17:50:56.564090+0300 INFO, Санкт-Петербург has been created
2021-09-03T17:55:20.398090+0300 INFO, {'price_standart': 0, 'price_express': 0, 'convert_price': 0, 'inter_terminal': 0, 'price_to_address': 0, 'price_from_address': 0, 'times': False} has been sent to frontend
2021-09-06T09:31:11.538068+0300 INFO, {'price_standart': 0, 'price_express': 0, 'convert_price': 0, 'inter_terminal': 0, 'price_to_address': 0, 'price_from_address': 0, 'times': False} has been sent to frontend
2021-09-06T09:31:36.898944+0300 INFO, {'price_standart': 0, 'price_express': 0, 'convert_price': 0, 'inter_terminal': 0, 'price_to_address': 0, 'price_from_address': 0, 'times': False} has been sent to frontend
2021-09-06T09:31:37.065501+0300 INFO, {'price_standart': 0, 'price_express': 0, 'convert_price': 0, 'inter_terminal': 0, 'price_to_address': 0, 'price_from_address': 0, 'times': False} has been sent to frontend
2021-09-06T09:31:57.663922+0300 INFO, {'price_standart': 230, 'price_express': 299.0, 'convert_price': 500, 'inter_terminal': 230, 'price_to_address': False, 'price_from_address': False, 'times': {'term_standart_from': 1, 'term_standart_to': 3, 'term_express_from': 1, 'term_express_to': 1}} has been sent to frontend
2021-09-06T09:32:00.451741+0300 INFO, {'price_standart': 230, 'price_express': 299.0, 'convert_price': 500, 'inter_terminal': 230, 'price_to_address': False, 'price_from_address': False, 'times': {'term_standart_from': 1, 'term_standart_to': 3, 'term_express_from': 1, 'term_express_to': 1}} has been sent to frontend
2021-09-06T09:32:00.640696+0300 INFO, {'price_standart': 550, 'price_express': 715.0, 'convert_price': 500, 'inter_terminal': 550, 'price_to_address': False, 'price_from_address': False, 'times': {'term_standart_from': 1, 'term_standart_to': 3, 'term_express_from': 1, 'term_express_to': 1}} has been sent to frontend
2021-09-06T10:44:45.300889+0300 INFO, {'price_standart': 234, 'price_express': 303.0, 'convert_price': 500, 'inter_terminal': 230, 'price_to_address': 3, 'price_from_address': 1, 'times': {'term_standart_from': 1, 'term_standart_to': 3, 'term_express_from': 1, 'term_express_to': 1}} has been sent to frontend
2021-09-06T10:47:27.965599+0300 INFO, {'price_standart': 230, 'price_express': 299.0, 'convert_price': 500, 'inter_terminal': 230, 'price_to_address': False, 'price_from_address': False, 'times': {'term_standart_from': 1, 'term_standart_to': 3, 'term_express_from': 1, 'term_express_to': 1}} has been sent to frontend
2021-09-06T10:47:32.070764+0300 INFO, {'price_standart': 233, 'price_express': 302.0, 'convert_price': 500, 'inter_terminal': 230, 'price_to_address': 3, 'price_from_address': False, 'times': {'term_standart_from': 1, 'term_standart_to': 3, 'term_express_from': 1, 'term_express_to': 1}} has been sent to frontend
2021-09-06T10:47:35.630849+0300 INFO, {'price_standart': 233, 'price_express': 302.0, 'convert_price': 500, 'inter_terminal': 230, 'price_to_address': 3, 'price_from_address': False, 'times': {'term_standart_from': 1, 'term_standart_to': 3, 'term_express_from': 1, 'term_express_to': 1}} has been sent to frontend
2021-09-06T10:47:38.796391+0300 INFO, {'price_standart': 234, 'price_express': 303.0, 'convert_price': 500, 'inter_terminal': 230, 'price_to_address': 3, 'price_from_address': 1, 'times': {'term_standart_from': 1, 'term_standart_to': 3, 'term_express_from': 1, 'term_express_to': 1}} has been sent to frontend
2021-09-06T10:47:40.843659+0300 INFO, {'price_standart': 233, 'price_express': 302.0, 'convert_price': 500, 'inter_terminal': 230, 'price_to_address': 3, 'price_from_address': False, 'times': {'term_standart_from': 1, 'term_standart_to': 3, 'term_express_from': 1, 'term_express_to': 1}} has been sent to frontend
2021-09-06T10:47:43.005470+0300 INFO, {'price_standart': 230, 'price_express': 299.0, 'convert_price': 500, 'inter_terminal': 230, 'price_to_address': False, 'price_from_address': False, 'times': {'term_standart_from': 1, 'term_standart_to': 3, 'term_express_from': 1, 'term_express_to': 1}} has been sent to frontend
2021-09-06T17:15:09.300924+0300 INFO, {'price_standart': 0, 'price_express': 0, 'convert_price': 0, 'inter_terminal': 0, 'price_to_address': 0, 'price_from_address': 0, 'times': {'term_standart_from': 1, 'term_standart_to': 3, 'term_express_from': 1, 'term_express_to': 1}} has been sent to frontend
2021-09-06T17:15:33.419260+0300 INFO, {'price_standart': 230, 'price_express': 299.0, 'convert_price': 500, 'inter_terminal': 230, 'price_to_address': False, 'price_from_address': False, 'times': {'term_standart_from': 1, 'term_standart_to': 3, 'term_express_from': 1, 'term_express_to': 1}} has been sent to frontend
2021-09-06T17:15:34.794203+0300 INFO, {'price_standart': 233, 'price_express': 302.0, 'convert_price': 500, 'inter_terminal': 230, 'price_to_address': 3, 'price_from_address': False, 'times': {'term_standart_from': 1, 'term_standart_to': 3, 'term_express_from': 1, 'term_express_to': 1}} has been sent to frontend
2021-09-06T17:15:35.494619+0300 INFO, {'price_standart': 234, 'price_express': 303.0, 'convert_price': 500, 'inter_terminal': 230, 'price_to_address': 3, 'price_from_address': 1, 'times': {'term_standart_from': 1, 'term_standart_to': 3, 'term_express_from': 1, 'term_express_to': 1}} has been sent to frontend
2021-09-06T17:15:37.908283+0300 INFO, {'price_standart': 233, 'price_express': 302.0, 'convert_price': 500, 'inter_terminal': 230, 'price_to_address': 3, 'price_from_address': False, 'times': {'term_standart_from': 1, 'term_standart_to': 3, 'term_express_from': 1, 'term_express_to': 1}} has been sent to frontend
2021-09-06T17:15:39.254072+0300 INFO, {'price_standart': 230, 'price_express': 299.0, 'convert_price': 500, 'inter_terminal': 230, 'price_to_address': False, 'price_from_address': False, 'times': {'term_standart_from': 1, 'term_standart_to': 3, 'term_express_from': 1, 'term_express_to': 1}} has been sent to frontend
2021-09-06T17:16:04.697257+0300 INFO, {'price_standart': 230, 'price_express': 299.0, 'convert_price': 500, 'inter_terminal': 230, 'price_to_address': False, 'price_from_address': False, 'times': {'term_standart_from': 1, 'term_standart_to': 3, 'term_express_from': 1, 'term_express_to': 1}} has been sent to frontend
2021-09-06T17:16:04.826684+0300 INFO, {'price_standart': 550, 'price_express': 715.0, 'convert_price': 500, 'inter_terminal': 550, 'price_to_address': False, 'price_from_address': False, 'times': {'term_standart_from': 1, 'term_standart_to': 3, 'term_express_from': 1, 'term_express_to': 1}} has been sent to frontend
2021-09-06T17:16:58.605221+0300 INFO, {'price_standart': 550, 'price_express': 715.0, 'convert_price': 500, 'inter_terminal': 550, 'price_to_address': False, 'price_from_address': False, 'times': {'term_standart_from': 1, 'term_standart_to': 3, 'term_express_from': 1, 'term_express_to': 1}} has been sent to frontend
2021-09-06T17:16:58.608216+0300 INFO, {'price_standart': 550, 'price_express': 715.0, 'convert_price': 500, 'inter_terminal': 550, 'price_to_address': False, 'price_from_address': False, 'times': {'term_standart_from': 1, 'term_standart_to': 3, 'term_express_from': 1, 'term_express_to': 1}} has been sent to frontend
2021-09-06T17:17:13.034318+0300 INFO, {'price_standart': 550, 'price_express': 715.0, 'convert_price': 500, 'inter_terminal': 550, 'price_to_address': False, 'price_from_address': False, 'times': {'term_standart_from': 1, 'term_standart_to': 3, 'term_express_from': 1, 'term_express_to': 1}} has been sent to frontend
2021-09-06T17:17:13.041006+0300 INFO, {'price_standart': 550, 'price_express': 715.0, 'convert_price': 500, 'inter_terminal': 550, 'price_to_address': False, 'price_from_address': False, 'times': {'term_standart_from': 1, 'term_standart_to': 3, 'term_express_from': 1, 'term_express_to': 1}} has been sent to frontend
2021-09-06T17:17:14.345110+0300 INFO, {'price_standart': 550, 'price_express': 715.0, 'convert_price': 500, 'inter_terminal': 550, 'price_to_address': False, 'price_from_address': False, 'times': {'term_standart_from': 1, 'term_standart_to': 3, 'term_express_from': 1, 'term_express_to': 1}} has been sent to frontend
2021-09-06T17:17:14.354256+0300 INFO, {'price_standart': 550, 'price_express': 715.0, 'convert_price': 500, 'inter_terminal': 550, 'price_to_address': False, 'price_from_address': False, 'times': {'term_standart_from': 1, 'term_standart_to': 3, 'term_express_from': 1, 'term_express_to': 1}} has been sent to frontend
2021-09-06T17:17:14.961756+0300 INFO, {'price_standart': 550, 'price_express': 715.0, 'convert_price': 500, 'inter_terminal': 550, 'price_to_address': False, 'price_from_address': False, 'times': {'term_standart_from': 1, 'term_standart_to': 3, 'term_express_from': 1, 'term_express_to': 1}} has been sent to frontend
2021-09-06T17:17:14.964723+0300 INFO, {'price_standart': 550, 'price_express': 715.0, 'convert_price': 500, 'inter_terminal': 550, 'price_to_address': False, 'price_from_address': False, 'times': {'term_standart_from': 1, 'term_standart_to': 3, 'term_express_from': 1, 'term_express_to': 1}} has been sent to frontend
2021-09-06T17:17:16.168848+0300 INFO, {'price_standart': 550, 'price_express': 715.0, 'convert_price': 500, 'inter_terminal': 550, 'price_to_address': False, 'price_from_address': False, 'times': {'term_standart_from': 1, 'term_standart_to': 3, 'term_express_from': 1, 'term_express_to': 1}} has been sent to frontend
2021-09-06T17:17:16.172410+0300 INFO, {'price_standart': 550, 'price_express': 715.0, 'convert_price': 500, 'inter_terminal': 550, 'price_to_address': False, 'price_from_address': False, 'times': {'term_standart_from': 1, 'term_standart_to': 3, 'term_express_from': 1, 'term_express_to': 1}} has been sent to frontend
2021-09-06T17:48:48.899076+0300 INFO, {'price_standart': 0, 'price_express': 0, 'convert_price': 0, 'inter_terminal': 0, 'price_to_address': 0, 'price_from_address': 0, 'times': {'term_standart_from': 1, 'term_standart_to': 3, 'term_express_from': 1, 'term_express_to': 1}} has been sent to frontend
2021-09-06T17:49:04.059862+0300 INFO, {'price_standart': 0, 'price_express': 0, 'convert_price': 0, 'inter_terminal': 0, 'price_to_address': 0, 'price_from_address': 0, 'times': {'term_standart_from': 1, 'term_standart_to': 3, 'term_express_from': 1, 'term_express_to': 1}} has been sent to frontend
2021-09-06T17:49:07.224581+0300 INFO, {'price_standart': 1550, 'price_express': 2015.0, 'convert_price': 900, 'inter_terminal': 1550, 'price_to_address': False, 'price_from_address': False, 'times': {'term_standart_from': 1, 'term_standart_to': 3, 'term_express_from': 1, 'term_express_to': 1}} has been sent to frontend
2021-09-06T17:49:11.422456+0300 INFO, {'price_standart': 550, 'price_express': 715.0, 'convert_price': 500, 'inter_terminal': 550, 'price_to_address': False, 'price_from_address': False, 'times': {'term_standart_from': 1, 'term_standart_to': 3, 'term_express_from': 1, 'term_express_to': 1}} has been sent to frontend
2021-09-06T17:50:23.541977+0300 INFO, {'price_standart': 0, 'price_express': 0, 'convert_price': 0, 'inter_terminal': 0, 'price_to_address': 0, 'price_from_address': 0, 'times': {'term_standart_from': 1, 'term_standart_to': 3, 'term_express_from': 1, 'term_express_to': 1}} has been sent to frontend
2021-09-06T17:50:30.290598+0300 INFO, {'price_standart': 1550, 'price_express': 2015.0, 'convert_price': 900, 'inter_terminal': 1550, 'price_to_address': False, 'price_from_address': False, 'times': {'term_standart_from': 1, 'term_standart_to': 3, 'term_express_from': 1, 'term_express_to': 1}} has been sent to frontend
2021-09-06T17:59:48.348519+0300 INFO, {'price_standart': 1550, 'price_express': 2015.0, 'convert_price': 900, 'inter_terminal': 1550, 'price_to_address': False, 'price_from_address': False, 'times': {'term_standart_from': 1, 'term_standart_to': 3, 'term_express_from': 1, 'term_express_to': 1}} has been sent to frontend
2021-09-06T18:00:01.587676+0300 INFO, {'price_standart': 1904, 'price_express': 2369.0, 'convert_price': 900, 'inter_terminal': 1550, 'price_to_address': 199, 'price_from_address': 155, 'times': {'term_standart_from': 1, 'term_standart_to': 3, 'term_express_from': 1, 'term_express_to': 1}} has been sent to frontend
2021-09-06T18:00:05.170602+0300 INFO, {'price_standart': 1550, 'price_express': 2015.0, 'convert_price': 900, 'inter_terminal': 1550, 'price_to_address': False, 'price_from_address': False, 'times': {'term_standart_from': 1, 'term_standart_to': 3, 'term_express_from': 1, 'term_express_to': 1}} has been sent to frontend
2021-09-06T18:04:42.152388+0300 INFO, {'price_standart': 1550, 'price_express': 2015.0, 'convert_price': 900, 'inter_terminal': 1550, 'price_to_address': False, 'price_from_address': False, 'times': {'term_standart_from': 1, 'term_standart_to': 3, 'term_express_from': 1, 'term_express_to': 1}} has been sent to frontend
2021-09-06T18:05:16.598901+0300 INFO, {'price_standart': 1550, 'price_express': 2015.0, 'convert_price': 900, 'inter_terminal': 1550, 'price_to_address': False, 'price_from_address': False, 'times': {'term_standart_from': 1, 'term_standart_to': 3, 'term_express_from': 1, 'term_express_to': 1}} has been sent to frontend
2021-09-06T18:06:09.028052+0300 INFO, {'price_standart': 1550, 'price_express': 2015.0, 'convert_price': 900, 'inter_terminal': 1550, 'price_to_address': False, 'price_from_address': False, 'times': {'term_standart_from': 1, 'term_standart_to': 3, 'term_express_from': 1, 'term_express_to': 1}} has been sent to frontend
2021-09-07T09:03:36.277650+0300 INFO, {'price_standart': 550, 'price_express': 715.0, 'convert_price': 500, 'inter_terminal': 550, 'price_to_address': False, 'price_from_address': False, 'times': {'term_standart_from': 1, 'term_standart_to': 3, 'term_express_from': 1, 'term_express_to': 1}} has been sent to frontend
2021-09-07T09:04:01.973949+0300 INFO, {'price_standart': 1550, 'price_express': 2015.0, 'convert_price': 900, 'inter_terminal': 1550, 'price_to_address': False, 'price_from_address': False, 'times': {'term_standart_from': 1, 'term_standart_to': 3, 'term_express_from': 1, 'term_express_to': 1}} has been sent to frontend
2021-09-07T09:22:26.625495+0300 INFO, {'price_standart': 1550, 'price_express': 2015.0, 'convert_price': 900, 'inter_terminal': 1550, 'price_to_address': False, 'price_from_address': False, 'times': {'term_standart_from': 1, 'term_standart_to': 3, 'term_express_from': 1, 'term_express_to': 1}} has been sent to frontend
2021-09-07T09:22:38.477975+0300 INFO, {'price_standart': 1904, 'price_express': 2369.0, 'convert_price': 900, 'inter_terminal': 1550, 'price_to_address': 199, 'price_from_address': 155, 'times': {'term_standart_from': 1, 'term_standart_to': 3, 'term_express_from': 1, 'term_express_to': 1}} has been sent to frontend
2021-09-07T09:42:12.800399+0300 INFO, {'price_standart': 1550, 'price_express': 2015.0, 'convert_price': 900, 'inter_terminal': 1550, 'price_to_address': False, 'price_from_address': False, 'times': {'term_standart_from': 1, 'term_standart_to': 3, 'term_express_from': 1, 'term_express_to': 1}} has been sent to frontend
2021-09-07T09:42:18.570885+0300 INFO, {'price_standart': 1550, 'price_express': 2015.0, 'convert_price': 900, 'inter_terminal': 1550, 'price_to_address': False, 'price_from_address': False, 'times': {'term_standart_from': 1, 'term_standart_to': 3, 'term_express_from': 1, 'term_express_to': 1}} has been sent to frontend
2021-09-07T09:43:12.392209+0300 INFO, {'price_standart': 1550, 'price_express': 2015.0, 'convert_price': 900, 'inter_terminal': 1550, 'price_to_address': False, 'price_from_address': False, 'times': {'term_standart_from': 1, 'term_standart_to': 3, 'term_express_from': 1, 'term_express_to': 1}} has been sent to frontend
2021-09-07T09:46:29.188521+0300 INFO, {'price_standart': 1550, 'price_express': 2015.0, 'convert_price': 900, 'inter_terminal': 1550, 'price_to_address': False, 'price_from_address': False, 'times': {'term_standart_from': 1, 'term_standart_to': 3, 'term_express_from': 1, 'term_express_to': 1}} has been sent to frontend
2021-09-07T09:51:23.347540+0300 INFO, {'price_standart': 1550, 'price_express': 2015.0, 'convert_price': 900, 'inter_terminal': 1550, 'price_to_address': False, 'price_from_address': False, 'times': {'term_standart_from': 1, 'term_standart_to': 3, 'term_express_from': 1, 'term_express_to': 1}} has been sent to frontend
2021-09-07T09:51:57.990023+0300 INFO, {'price_standart': 1550, 'price_express': 2015.0, 'convert_price': 900, 'inter_terminal': 1550, 'price_to_address': False, 'price_from_address': False, 'times': {'term_standart_from': 1, 'term_standart_to': 3, 'term_express_from': 1, 'term_express_to': 1}} has been sent to frontend
2021-09-07T09:52:37.580421+0300 INFO, {'price_standart': 1550, 'price_express': 2015.0, 'convert_price': 900, 'inter_terminal': 1550, 'price_to_address': False, 'price_from_address': False, 'times': {'term_standart_from': 1, 'term_standart_to': 3, 'term_express_from': 1, 'term_express_to': 1}} has been sent to frontend
2021-09-07T09:56:35.105538+0300 INFO, {'price_standart': 230, 'price_express': 299.0, 'convert_price': 500, 'inter_terminal': 230, 'price_to_address': False, 'price_from_address': False, 'times': {'term_standart_from': 1, 'term_standart_to': 3, 'term_express_from': 1, 'term_express_to': 1}} has been sent to frontend
2021-09-07T09:56:36.905655+0300 INFO, {'price_standart': 233, 'price_express': 302.0, 'convert_price': 500, 'inter_terminal': 230, 'price_to_address': 3, 'price_from_address': False, 'times': {'term_standart_from': 1, 'term_standart_to': 3, 'term_express_from': 1, 'term_express_to': 1}} has been sent to frontend
2021-09-07T09:56:37.676976+0300 INFO, {'price_standart': 234, 'price_express': 303.0, 'convert_price': 500, 'inter_terminal': 230, 'price_to_address': 3, 'price_from_address': 1, 'times': {'term_standart_from': 1, 'term_standart_to': 3, 'term_express_from': 1, 'term_express_to': 1}} has been sent to frontend
2021-09-07T11:43:20.042560+0300 INFO, {'price_standart': 550, 'price_express': 715.0, 'convert_price': 500, 'inter_terminal': 550, 'price_to_address': False, 'price_from_address': False, 'times': {'term_standart_from': 1, 'term_standart_to': 3, 'term_express_from': 1, 'term_express_to': 1}} has been sent to frontend
2021-09-07T12:16:19.476134+0300 INFO, {'price_standart': 649, 'price_express': 814.0, 'convert_price': 500, 'inter_terminal': 550, 'price_to_address': 99, 'price_from_address': False, 'times': {'term_standart_from': 1, 'term_standart_to': 3, 'term_express_from': 1, 'term_express_to': 1}} has been sent to frontend
2021-09-07T12:16:23.089528+0300 INFO, {'price_standart': 704, 'price_express': 869.0, 'convert_price': 500, 'inter_terminal': 550, 'price_to_address': 99, 'price_from_address': 55, 'times': {'term_standart_from': 1, 'term_standart_to': 3, 'term_express_from': 1, 'term_express_to': 1}} has been sent to frontend
2021-09-07T12:16:36.675755+0300 INFO, {'price_standart': 605, 'price_express': 770.0, 'convert_price': 500, 'inter_terminal': 550, 'price_to_address': False, 'price_from_address': 55, 'times': {'term_standart_from': 1, 'term_standart_to': 3, 'term_express_from': 1, 'term_express_to': 1}} has been sent to frontend
2021-09-07T12:16:48.608338+0300 INFO, {'price_standart': 704, 'price_express': 869.0, 'convert_price': 500, 'inter_terminal': 550, 'price_to_address': 99, 'price_from_address': 55, 'times': {'term_standart_from': 1, 'term_standart_to': 3, 'term_express_from': 1, 'term_express_to': 1}} has been sent to frontend
2021-09-07T14:56:28.636036+0300 INFO, {'price_standart': 550, 'price_express': 715.0, 'convert_price': 500, 'inter_terminal': 550, 'price_to_address': False, 'price_from_address': False, 'times': {'term_standart_from': 1, 'term_standart_to': 3, 'term_express_from': 1, 'term_express_to': 1}} has been sent to frontend
2021-09-07T14:57:17.847960+0300 INFO, {'price_standart': 550, 'price_express': 715.0, 'convert_price': 500, 'inter_terminal': 550, 'price_to_address': False, 'price_from_address': False, 'times': {'term_standart_from': 1, 'term_standart_to': 3, 'term_express_from': 1, 'term_express_to': 1}} has been sent to frontend
2021-09-07T15:02:30.202605+0300 INFO, {'price_standart': 550, 'price_express': 715.0, 'convert_price': 500, 'inter_terminal': 550, 'price_to_address': False, 'price_from_address': False, 'times': {'term_standart_from': 1, 'term_standart_to': 3, 'term_express_from': 1, 'term_express_to': 1}} has been sent to frontend
2021-09-07T15:04:30.555542+0300 INFO, {'price_standart': 1550, 'price_express': 2015.0, 'convert_price': 900, 'inter_terminal': 1550, 'price_to_address': False, 'price_from_address': False, 'times': {'term_standart_from': 1, 'term_standart_to': 3, 'term_express_from': 1, 'term_express_to': 1}} has been sent to frontend
2021-09-07T15:06:06.756336+0300 INFO, {'price_standart': 550, 'price_express': 715.0, 'convert_price': 500, 'inter_terminal': 550, 'price_to_address': False, 'price_from_address': False, 'times': {'term_standart_from': 1, 'term_standart_to': 3, 'term_express_from': 1, 'term_express_to': 1}} has been sent to frontend
2021-09-07T15:32:03.551351+0300 INFO, {'price_standart': 230, 'price_express': 299.0, 'convert_price': 500, 'inter_terminal': 230, 'price_to_address': False, 'price_from_address': False, 'times': {'term_standart_from': 1, 'term_standart_to': 3, 'term_express_from': 1, 'term_express_to': 1}} has been sent to frontend
2021-09-07T15:32:05.381885+0300 INFO, {'price_standart': 233, 'price_express': 302.0, 'convert_price': 500, 'inter_terminal': 230, 'price_to_address': 3, 'price_from_address': False, 'times': {'term_standart_from': 1, 'term_standart_to': 3, 'term_express_from': 1, 'term_express_to': 1}} has been sent to frontend
2021-09-07T15:32:06.343221+0300 INFO, {'price_standart': 234, 'price_express': 303.0, 'convert_price': 500, 'inter_terminal': 230, 'price_to_address': 3, 'price_from_address': 1, 'times': {'term_standart_from': 1, 'term_standart_to': 3, 'term_express_from': 1, 'term_express_to': 1}} has been sent to frontend
2021-09-07T15:32:11.800039+0300 INFO, {'price_standart': 234, 'price_express': 303.0, 'convert_price': 500, 'inter_terminal': 230, 'price_to_address': 3, 'price_from_address': 1, 'times': {'term_standart_from': 1, 'term_standart_to': 3, 'term_express_from': 1, 'term_express_to': 1}} has been sent to frontend
2021-09-07T15:32:11.953041+0300 INFO, {'price_standart': 704, 'price_express': 869.0, 'convert_price': 500, 'inter_terminal': 550, 'price_to_address': 99, 'price_from_address': 55, 'times': {'term_standart_from': 1, 'term_standart_to': 3, 'term_express_from': 1, 'term_express_to': 1}} has been sent to frontend
2021-09-07T16:58:27.249579+0300 INFO, {'price_standart': 234, 'price_express': 303.0, 'convert_price': 500, 'inter_terminal': 230, 'price_to_address': 3, 'price_from_address': 1, 'times': {'term_standart_from': 1, 'term_standart_to': 3, 'term_express_from': 1, 'term_express_to': 1}} has been sent to frontend
2021-09-07T16:58:28.814139+0300 INFO, {'price_standart': 231, 'price_express': 300.0, 'convert_price': 500, 'inter_terminal': 230, 'price_to_address': False, 'price_from_address': 1, 'times': {'term_standart_from': 1, 'term_standart_to': 3, 'term_express_from': 1, 'term_express_to': 1}} has been sent to frontend
2021-09-07T16:58:30.824199+0300 INFO, {'price_standart': 230, 'price_express': 299.0, 'convert_price': 500, 'inter_terminal': 230, 'price_to_address': False, 'price_from_address': False, 'times': {'term_standart_from': 1, 'term_standart_to': 3, 'term_express_from': 1, 'term_express_to': 1}} has been sent to frontend
2021-09-07T16:58:34.957329+0300 INFO, {'price_standart': 230, 'price_express': 299.0, 'convert_price': 500, 'inter_terminal': 230, 'price_to_address': False, 'price_from_address': False, 'times': {'term_standart_from': 1, 'term_standart_to': 3, 'term_express_from': 1, 'term_express_to': 1}} has been sent to frontend
2021-09-07T16:58:35.132471+0300 INFO, {'price_standart': 550, 'price_express': 715.0, 'convert_price': 500, 'inter_terminal': 550, 'price_to_address': False, 'price_from_address': False, 'times': {'term_standart_from': 1, 'term_standart_to': 3, 'term_express_from': 1, 'term_express_to': 1}} has been sent to frontend
2021-09-07T16:58:41.698219+0300 INFO, {'price_standart': 605, 'price_express': 770.0, 'convert_price': 500, 'inter_terminal': 550, 'price_to_address': False, 'price_from_address': 55, 'times': {'term_standart_from': 1, 'term_standart_to': 3, 'term_express_from': 1, 'term_express_to': 1}} has been sent to frontend
2021-09-07T16:58:45.533560+0300 INFO, {'price_standart': 550, 'price_express': 715.0, 'convert_price': 500, 'inter_terminal': 550, 'price_to_address': False, 'price_from_address': False, 'times': {'term_standart_from': 1, 'term_standart_to': 3, 'term_express_from': 1, 'term_express_to': 1}} has been sent to frontend
2021-09-07T17:24:40.428648+0300 INFO, {'price_standart': 231, 'price_express': 300.0, 'convert_price': 500, 'inter_terminal': 230, 'price_to_address': False, 'price_from_address': 1, 'times': {'term_standart_from': 1, 'term_standart_to': 3, 'term_express_from': 1, 'term_express_to': 1}} has been sent to frontend
2021-09-07T17:24:47.078663+0300 INFO, {'price_standart': 231, 'price_express': 300.0, 'convert_price': 500, 'inter_terminal': 230, 'price_to_address': False, 'price_from_address': 1, 'times': {'term_standart_from': 1, 'term_standart_to': 3, 'term_express_from': 1, 'term_express_to': 1}} has been sent to frontend
2021-09-07T17:24:53.640879+0300 INFO, {'price_standart': 234, 'price_express': 303.0, 'convert_price': 500, 'inter_terminal': 230, 'price_to_address': 3, 'price_from_address': 1, 'times': {'term_standart_from': 1, 'term_standart_to': 3, 'term_express_from': 1, 'term_express_to': 1}} has been sent to frontend
2021-09-08T09:54:53.621034+0300 ERROR, form errors
2021-09-08T09:55:07.020716+0300 ERROR, form errors
2021-09-08T09:56:49.846380+0300 ERROR, form errors
2021-09-08T09:57:07.506385+0300 ERROR, form errors
2021-09-08T09:57:25.709606+0300 ERROR, form errors
2021-09-08T09:57:31.467608+0300 ERROR, form errors
2021-09-08T09:57:54.956586+0300 INFO, {'price_standart': 231, 'price_express': 300.0, 'convert_price': 500, 'inter_terminal': 230, 'price_to_address': False, 'price_from_address': 1, 'times': {'term_standart_from': 1, 'term_standart_to': 3, 'term_express_from': 1, 'term_express_to': 1}} has been sent to frontend
2021-09-08T09:58:06.346070+0300 ERROR, form errors
2021-09-08T09:59:00.087667+0300 INFO, form has been sent
2021-09-08T10:29:02.869131+0300 INFO, {'price_standart': 231, 'price_express': 300.0, 'convert_price': 500, 'inter_terminal': 230, 'price_to_address': False, 'price_from_address': 1, 'times': {'term_standart_from': 1, 'term_standart_to': 3, 'term_express_from': 1, 'term_express_to': 1}} has been sent to frontend
2021-09-08T10:29:05.609242+0300 INFO, {'price_standart': 234, 'price_express': 303.0, 'convert_price': 500, 'inter_terminal': 230, 'price_to_address': 3, 'price_from_address': 1, 'times': {'term_standart_from': 1, 'term_standart_to': 3, 'term_express_from': 1, 'term_express_to': 1}} has been sent to frontend
2021-09-08T10:29:20.853735+0300 INFO, {'price_standart': 234, 'price_express': 303.0, 'convert_price': 500, 'inter_terminal': 230, 'price_to_address': 3, 'price_from_address': 1, 'times': {'term_standart_from': 1, 'term_standart_to': 3, 'term_express_from': 1, 'term_express_to': 1}} has been sent to frontend
2021-09-08T10:29:21.038037+0300 INFO, {'price_standart': 704, 'price_express': 869.0, 'convert_price': 500, 'inter_terminal': 550, 'price_to_address': 99, 'price_from_address': 55, 'times': {'term_standart_from': 1, 'term_standart_to': 3, 'term_express_from': 1, 'term_express_to': 1}} has been sent to frontend
2021-09-08T10:32:46.471567+0300 INFO, {'price_standart': 231, 'price_express': 300.0, 'convert_price': 500, 'inter_terminal': 230, 'price_to_address': False, 'price_from_address': 1, 'times': {'term_standart_from': 1, 'term_standart_to': 3, 'term_express_from': 1, 'term_express_to': 1}} has been sent to frontend
2021-09-08T10:34:07.488739+0300 INFO, form has been sent
2021-09-08T10:38:18.677259+0300 INFO, {'price_standart': 231, 'price_express': 300.0, 'convert_price': 500, 'inter_terminal': 230, 'price_to_address': False, 'price_from_address': 1, 'times': {'term_standart_from': 1, 'term_standart_to': 3, 'term_express_from': 1, 'term_express_to': 1}} has been sent to frontend
2021-09-08T10:38:25.870855+0300 INFO, form has been sent
2021-09-08T10:38:27.637928+0300 INFO, form has been added to database
2021-09-08T10:40:09.671966+0300 INFO, {'price_standart': 0, 'price_express': 0, 'convert_price': 0, 'inter_terminal': 0, 'price_to_address': 0, 'price_from_address': 0, 'times': False} has been sent to frontend
2021-09-08T10:40:17.130737+0300 INFO, form has been sent
2021-09-08T10:40:18.759532+0300 INFO, form has been added to database
